SV branchy	0	0.0003648980	27325	535142	1951467	16707	242502
SV branchy	1	0.0003032240	20073	535142	1889496	16707	242502
SV branchy	2	0.0002831800	17660	535142	1881249	16707	242502
SV branchy	3	0.0002819920	17477	535142	1880709	16707	242502
SV branchy	4	0.0002794200	17245	535142	1880679	16707	242502
SV branchless (C)	0	0.0003214160	17136	292640	2675019	16707	242502
SV branchless (C)	1	0.0003200950	17116	292640	2675019	16707	242502
SV branchless (C)	2	0.0003261740	17067	292641	2675020	16707	242502
SV branchless (C)	3	0.0003197590	17037	292640	2675019	16707	242502
SV branchless (C)	4	0.0003195970	17045	292640	2675019	16707	242502
SV branchy (Peach-Py)	0	0.0003572740	26753	518435	1935422	16707	242502
SV branchy (Peach-Py)	1	0.0003004860	19840	518435	1873451	16707	242502
SV branchy (Peach-Py)	2	0.0002785170	17344	518435	1865204	16707	242502
SV branchy (Peach-Py)	3	0.0002768730	17107	518435	1864664	16707	242502
SV branchy (Peach-Py)	4	0.0002801300	17138	518435	1864634	16707	242502
SV branchless (Peach-Py)	0	0.0002621560	17250	275933	1931465	16707	242502
SV branchless (Peach-Py)	1	0.0002605130	17141	275933	1931465	16707	242502
SV branchless (Peach-Py)	2	0.0002604740	17123	275933	1931465	16707	242502
SV branchless (Peach-Py)	3	0.0002600480	17073	275933	1931465	16707	242502
SV branchless (Peach-Py)	4	0.0002602960	17077	275933	1931465	16707	242502
SV branchless (asm)	0	0.0002767260	17012	292641	1947512	16707	242502
SV branchless (asm)	1	0.0002689830	17068	292640	1947511	16707	242502
SV branchless (asm)	2	0.0002674920	16824	292640	1947511	16707	242502
SV branchless (asm)	3	0.0002671720	16770	292640	1947511	16707	242502
SV branchless (asm)	4	0.0002937970	16627	292640	1947511	16707	242502
