SV branchy	0	0.0778691030	2528908	156247428	555505806	943696	76708152
SV branchy	1	0.0653972840	1221467	156247426	549229099	943696	76708152
SV branchy	2	0.0598175880	947009	156247424	547449776	943696	76708152
SV branchy	3	0.0595841180	943671	156247424	547337783	943696	76708152
SV branchless (C)	0	0.0910051700	920947	79539280	781237037	943696	76708152
SV branchless (C)	1	0.0907822740	920941	79539279	781237036	943696	76708152
SV branchless (C)	2	0.0908045530	920962	79539280	781237037	943696	76708152
SV branchless (C)	3	0.0908354440	920913	79539280	781237037	943696	76708152
SV branchy (Peach-Py)	0	0.0777650660	2494631	155303732	554562112	943696	76708152
SV branchy (Peach-Py)	1	0.0660013840	1232776	155303730	548285405	943696	76708152
SV branchy (Peach-Py)	2	0.0601033680	946293	155303728	546506082	943696	76708152
SV branchy (Peach-Py)	3	0.0600724590	943712	155303728	546394089	943696	76708152
SV branchless (Peach-Py)	0	0.0679520270	943714	78595578	550168878	943696	76708152
SV branchless (Peach-Py)	1	0.0679953620	943697	78595578	550168878	943696	76708152
SV branchless (Peach-Py)	2	0.0680220340	943697	78595578	550168878	943696	76708152
SV branchless (Peach-Py)	3	0.0680236540	943695	78595578	550168878	943696	76708152
SV branchless (asm)	0	0.0691773000	959220	79539275	551112574	943696	76708152
SV branchless (asm)	1	0.0692133200	959149	79539274	551112573	943696	76708152
SV branchless (asm)	2	0.0688445210	958796	79539274	551112573	943696	76708152
SV branchless (asm)	3	0.0688582020	958914	79539274	551112573	943696	76708152
