SV branchy	0	0.0162468290	942265	14604553	53204678	448696	6629222
SV branchy	1	0.0161833530	901000	14604553	52982930	448696	6629222
SV branchy	2	0.0158586180	858755	14604553	52589069	448696	6629222
SV branchy	3	0.0141802670	701090	14604553	52026002	448696	6629222
SV branchy	4	0.0135222970	561503	14604552	51630541	448696	6629222
SV branchy	5	0.0132807510	507131	14604553	51468821	448696	6629222
SV branchy	6	0.0131968560	477749	14604552	51391942	448696	6629222
SV branchy	7	0.0131212810	463579	14604552	51349174	448696	6629222
SV branchy	8	0.0130908790	458812	14604552	51340261	448696	6629222
SV branchless (C)	0	0.0125847570	434659	7975330	73022717	448696	6629222
SV branchless (C)	1	0.0124251290	435014	7975330	73022717	448696	6629222
SV branchless (C)	2	0.0124529300	434635	7975330	73022717	448696	6629222
SV branchless (C)	3	0.0124250790	434297	7975330	73022717	448696	6629222
SV branchless (C)	4	0.0124445640	434677	7975330	73022717	448696	6629222
SV branchless (C)	5	0.0124485110	434909	7975330	73022717	448696	6629222
SV branchless (C)	6	0.0124314020	434649	7975330	73022717	448696	6629222
SV branchless (C)	7	0.0124338360	434416	7975331	73022718	448696	6629222
SV branchless (C)	8	0.0124219810	434755	7975330	73022717	448696	6629222
SV branchy (Peach-Py)	0	0.0186522600	914284	14155857	52755984	448696	6629222
SV branchy (Peach-Py)	1	0.0189378390	875844	14155858	52534237	448696	6629222
SV branchy (Peach-Py)	2	0.0185397990	829787	14155858	52140376	448696	6629222
SV branchy (Peach-Py)	3	0.0168705750	672237	14155857	51577308	448696	6629222
SV branchy (Peach-Py)	4	0.0155691840	545647	14155857	51181848	448696	6629222
SV branchy (Peach-Py)	5	0.0149681390	496623	14155857	51020127	448696	6629222
SV branchy (Peach-Py)	6	0.0146658440	467408	14155856	50943248	448696	6629222
SV branchy (Peach-Py)	7	0.0145177460	453776	14155857	50900481	448696	6629222
SV branchy (Peach-Py)	8	0.0145024770	450745	14155857	50891568	448696	6629222
SV branchless (Peach-Py)	0	0.0144951960	453181	7526634	52686354	448696	6629222
SV branchless (Peach-Py)	1	0.0143027430	452752	7526635	52686355	448696	6629222
SV branchless (Peach-Py)	2	0.0142462200	452982	7526635	52686355	448696	6629222
SV branchless (Peach-Py)	3	0.0142607250	452883	7526634	52686354	448696	6629222
SV branchless (Peach-Py)	4	0.0142770130	452865	7526635	52686355	448696	6629222
SV branchless (Peach-Py)	5	0.0142954870	452870	7526634	52686354	448696	6629222
SV branchless (Peach-Py)	6	0.0142750270	452928	7526635	52686355	448696	6629222
SV branchless (Peach-Py)	7	0.0142509950	453064	7526634	52686354	448696	6629222
SV branchless (Peach-Py)	8	0.0143039950	452886	7526635	52686355	448696	6629222
SV branchless (asm)	0	0.0145615170	433547	7975331	53135050	448696	6629222
SV branchless (asm)	1	0.0143941020	433369	7975330	53135049	448696	6629222
SV branchless (asm)	2	0.0143857160	433457	7975331	53135050	448696	6629222
SV branchless (asm)	3	0.0143888700	433438	7975331	53135050	448696	6629222
SV branchless (asm)	4	0.0143835650	433099	7975330	53135049	448696	6629222
SV branchless (asm)	5	0.0143893910	433486	7975331	53135050	448696	6629222
SV branchless (asm)	6	0.0143810500	433301	7975330	53135049	448696	6629222
SV branchless (asm)	7	0.0143856960	433266	7975331	53135050	448696	6629222
SV branchless (asm)	8	0.0143804500	433313	7975331	53135050	448696	6629222
