SV branchy	0	0.0065846000	512784	4807926	18359034	299068	1955352
SV branchy	1	0.0051870540	425430	4807927	17738146	299068	1955352
SV branchy	2	0.0043794710	349706	4807926	17095209	299068	1955352
SV branchy	3	0.0040566890	316707	4807926	16993521	299068	1955352
SV branchy	4	0.0039972980	311106	4807926	16978716	299068	1955352
SV branchy	5	0.0039618940	309359	4807926	16977402	299068	1955352
SV branchy	6	0.0039503670	309265	4807926	16977270	299068	1955352
SV branchy	7	0.0039231920	309027	4807926	16977261	299068	1955352
SV branchless (C)	0	0.0041545620	302337	2852574	24039595	299068	1955352
SV branchless (C)	1	0.0041174560	302059	2852574	24039595	299068	1955352
SV branchless (C)	2	0.0041112010	302284	2852574	24039595	299068	1955352
SV branchless (C)	3	0.0040993020	302859	2852574	24039595	299068	1955352
SV branchless (C)	4	0.0040929050	302284	2852574	24039595	299068	1955352
SV branchless (C)	5	0.0040891140	302804	2852574	24039595	299068	1955352
SV branchless (C)	6	0.0040810370	302432	2852574	24039595	299068	1955352
SV branchless (C)	7	0.0040675100	302384	2852574	24039595	299068	1955352
SV branchy (Peach-Py)	0	0.0057529010	496056	4508858	18059968	299068	1955352
SV branchy (Peach-Py)	1	0.0049144040	419745	4508859	17439080	299068	1955352
SV branchy (Peach-Py)	2	0.0041227490	345259	4508858	16796143	299068	1955352
SV branchy (Peach-Py)	3	0.0038084240	310410	4508858	16694455	299068	1955352
SV branchy (Peach-Py)	4	0.0037654560	306426	4508858	16679650	299068	1955352
SV branchy (Peach-Py)	5	0.0037402190	305255	4508857	16678335	299068	1955352
SV branchy (Peach-Py)	6	0.0037475060	304807	4508857	16678203	299068	1955352
SV branchy (Peach-Py)	7	0.0037456720	305536	4508858	16678195	299068	1955352
SV branchless (Peach-Py)	0	0.0037233500	313752	2553506	17874470	299068	1955352
SV branchless (Peach-Py)	1	0.0036989590	314397	2553506	17874470	299068	1955352
SV branchless (Peach-Py)	2	0.0036908060	314483	2553506	17874470	299068	1955352
SV branchless (Peach-Py)	3	0.0036916760	314565	2553506	17874470	299068	1955352
SV branchless (Peach-Py)	4	0.0036894900	314576	2553506	17874470	299068	1955352
SV branchless (Peach-Py)	5	0.0036801800	314104	2553506	17874470	299068	1955352
SV branchless (Peach-Py)	6	0.0036727130	314344	2553506	17874470	299068	1955352
SV branchless (Peach-Py)	7	0.0036800550	314316	2553506	17874470	299068	1955352
SV branchless (asm)	0	0.0038033210	306188	2852574	18173537	299068	1955352
SV branchless (asm)	1	0.0037819850	303692	2852574	18173537	299068	1955352
SV branchless (asm)	2	0.0037705620	303407	2852574	18173537	299068	1955352
SV branchless (asm)	3	0.0037733510	303408	2852574	18173537	299068	1955352
SV branchless (asm)	4	0.0037619040	303357	2852574	18173537	299068	1955352
SV branchless (asm)	5	0.0037643380	304045	2852574	18173537	299068	1955352
SV branchless (asm)	6	0.0037552920	303440	2852574	18173537	299068	1955352
SV branchless (asm)	7	0.0037570060	303584	2852573	18173536	299068	1955352
