SV branchy	0	0.0007703820	73169	824047	3091983	40422	351382
SV branchy	1	0.0006245700	55300	824047	2949096	40422	351382
SV branchy	2	0.0005289120	43732	824047	2906688	40422	351382
SV branchy	3	0.0005239170	42946	824047	2903772	40422	351382
SV branchy	4	0.0005321010	42366	824048	2903560	40422	351382
SV branchy	5	0.0005218100	42431	824047	2903520	40422	351382
SV branchless (C)	0	0.0005459130	41877	472665	4119360	40422	351382
SV branchless (C)	1	0.0005421310	41551	472665	4119360	40422	351382
SV branchless (C)	2	0.0005399410	41639	472665	4119360	40422	351382
SV branchless (C)	3	0.0005396870	41571	472665	4119360	40422	351382
SV branchless (C)	4	0.0005398080	41667	472665	4119360	40422	351382
SV branchless (C)	5	0.0005447590	41834	472666	4119361	40422	351382
SV branchy (Peach-Py)	0	0.0007557760	71643	783625	3052407	40422	351382
SV branchy (Peach-Py)	1	0.0006294960	55598	783625	2909520	40422	351382
SV branchy (Peach-Py)	2	0.0005405770	44719	783625	2867112	40422	351382
SV branchy (Peach-Py)	3	0.0005326290	43591	783625	2864196	40422	351382
SV branchy (Peach-Py)	4	0.0005295420	43014	783625	2863983	40422	351382
SV branchy (Peach-Py)	5	0.0005468580	42847	783625	2863944	40422	351382
SV branchless (Peach-Py)	0	0.0004715710	42273	432244	3025636	40422	351382
SV branchless (Peach-Py)	1	0.0004666450	42150	432243	3025635	40422	351382
SV branchless (Peach-Py)	2	0.0004665340	42187	432243	3025635	40422	351382
SV branchless (Peach-Py)	3	0.0004662250	42158	432243	3025635	40422	351382
SV branchless (Peach-Py)	4	0.0004660940	42104	432243	3025635	40422	351382
SV branchless (Peach-Py)	5	0.0004658640	42089	432243	3025635	40422	351382
SV branchless (asm)	0	0.0004895320	41804	472665	3065212	40422	351382
SV branchless (asm)	1	0.0005086200	42385	472665	3065212	40422	351382
SV branchless (asm)	2	0.0004891550	41664	472666	3065213	40422	351382
SV branchless (asm)	3	0.0004864140	41753	472665	3065212	40422	351382
SV branchless (asm)	4	0.0004850130	41599	472665	3065212	40422	351382
SV branchless (asm)	5	0.0004858040	41764	472665	3065212	40422	351382
