SV branchy	0	0.0005669050	56002	573625	2164251	31164	240058
SV branchy	1	0.0004863040	46029	573625	2074362	31164	240058
SV branchy	2	0.0003952110	34819	573625	2027394	31164	240058
SV branchy	3	0.0003881410	33722	573625	2022888	31164	240058
SV branchy	4	0.0003815410	33068	573625	2022561	31164	240058
SV branchy	5	0.0003851000	33610	573625	2022555	31164	240058
SV branchless (C)	0	0.0003886990	32094	333567	2867391	31164	240058
SV branchless (C)	1	0.0003922120	32628	333568	2867392	31164	240058
SV branchless (C)	2	0.0003882210	32420	333567	2867391	31164	240058
SV branchless (C)	3	0.0003858920	32267	333567	2867391	31164	240058
SV branchless (C)	4	0.0003859430	32226	333567	2867391	31164	240058
SV branchless (C)	5	0.0003875270	32277	333567	2867391	31164	240058
SV branchy (Peach-Py)	0	0.0005467430	54139	542461	2133792	31164	240058
SV branchy (Peach-Py)	1	0.0004720560	45176	542461	2043903	31164	240058
SV branchy (Peach-Py)	2	0.0003853830	34202	542461	1996935	31164	240058
SV branchy (Peach-Py)	3	0.0003664570	32319	542461	1992429	31164	240058
SV branchy (Peach-Py)	4	0.0003710810	32206	542461	1992102	31164	240058
SV branchy (Peach-Py)	5	0.0003791260	32160	542462	1992097	31164	240058
SV branchless (Peach-Py)	0	0.0003390420	32805	302403	2116755	31164	240058
SV branchless (Peach-Py)	1	0.0003373370	32785	302403	2116755	31164	240058
SV branchless (Peach-Py)	2	0.0003365770	32745	302403	2116755	31164	240058
SV branchless (Peach-Py)	3	0.0003365640	32732	302403	2116755	31164	240058
SV branchless (Peach-Py)	4	0.0003370810	32782	302403	2116755	31164	240058
SV branchless (Peach-Py)	5	0.0003368880	32791	302403	2116755	31164	240058
SV branchless (asm)	0	0.0003522780	32321	333567	2147215	31164	240058
SV branchless (asm)	1	0.0003500940	32193	333567	2147215	31164	240058
SV branchless (asm)	2	0.0003496760	32198	333567	2147215	31164	240058
SV branchless (asm)	3	0.0003500770	32186	333567	2147215	31164	240058
SV branchless (asm)	4	0.0003522140	32110	333568	2147216	31164	240058
SV branchless (asm)	5	0.0003548130	32295	333567	2147215	31164	240058
