SV branchy	0	0.0351509680	729200	62604403	221703999	540487	30491458
SV branchy	1	0.0326293070	579461	62604402	219519662	540487	30491458
SV branchy	2	0.0321949160	549214	62604402	219398738	540487	30491458
SV branchy	3	0.0321277720	546137	62604402	219386516	540487	30491458
SV branchy	4	0.0320690430	544108	62604402	219385718	540487	30491458
SV branchy	5	0.0321560790	544496	62604402	219385622	540487	30491458
SV branchy	6	0.0320666280	544384	62604402	219385619	540487	30491458
SV branchless (C)	0	0.0436411360	541392	32112947	313021950	540487	30491458
SV branchless (C)	1	0.0435643280	541545	32112947	313021950	540487	30491458
SV branchless (C)	2	0.0435462660	541739	32112947	313021950	540487	30491458
SV branchless (C)	3	0.0435328170	541606	32112947	313021950	540487	30491458
SV branchless (C)	4	0.0435142310	541568	32112947	313021950	540487	30491458
SV branchless (C)	5	0.0435421380	541533	32112947	313021950	540487	30491458
SV branchless (C)	6	0.0435521750	541626	32112947	313021950	540487	30491458
SV branchy (Peach-Py)	0	0.0348507730	727927	62063915	221163513	540487	30491458
SV branchy (Peach-Py)	1	0.0326994890	572093	62063916	218979178	540487	30491458
SV branchy (Peach-Py)	2	0.0323327590	545684	62063915	218858253	540487	30491458
SV branchy (Peach-Py)	3	0.0322944500	542248	62063915	218846031	540487	30491458
SV branchy (Peach-Py)	4	0.0322585930	542218	62063915	218845233	540487	30491458
SV branchy (Peach-Py)	5	0.0322732010	542471	62063915	218845137	540487	30491458
SV branchy (Peach-Py)	6	0.0322963530	542480	62063915	218845134	540487	30491458
SV branchless (Peach-Py)	0	0.0360446350	542862	31572458	221007086	540487	30491458
SV branchless (Peach-Py)	1	0.0360032940	543242	31572458	221007086	540487	30491458
SV branchless (Peach-Py)	2	0.0359888270	543166	31572458	221007086	540487	30491458
SV branchless (Peach-Py)	3	0.0360407850	543372	31572458	221007086	540487	30491458
SV branchless (Peach-Py)	4	0.0360050720	543467	31572458	221007086	540487	30491458
SV branchless (Peach-Py)	5	0.0360186730	543403	31572458	221007086	540487	30491458
SV branchless (Peach-Py)	6	0.0359964800	543323	31572458	221007086	540487	30491458
SV branchless (asm)	0	0.0364601830	540714	32112945	221547572	540487	30491458
SV branchless (asm)	1	0.0364322030	540941	32112945	221547572	540487	30491458
SV branchless (asm)	2	0.0364333200	541532	32112947	221547574	540487	30491458
SV branchless (asm)	3	0.0363926940	542555	32112945	221547572	540487	30491458
SV branchless (asm)	4	0.0363876860	540909	32112945	221547572	540487	30491458
SV branchless (asm)	5	0.0364253940	541258	32112945	221547572	540487	30491458
SV branchless (asm)	6	0.0364086210	540998	32112945	221547572	540487	30491458
