SV branchy	0	0.0000226190	1924	15755	59521	1590	5484
SV branchy	1	0.0000184600	1708	15755	56479	1590	5484
SV branchy	2	0.0000169620	1493	15755	56056	1590	5484
SV branchy	3	0.0000154110	1268	15755	55870	1590	5484
SV branchy	4	0.0000146730	1135	15755	55804	1590	5484
SV branchy	5	0.0000145070	1111	15755	55798	1590	5484
SV branchless (C)	0	0.0000167060	1416	10271	78616	1590	5484
SV branchless (C)	1	0.0000149100	1219	10271	78616	1590	5484
SV branchless (C)	2	0.0000138060	984	10271	78616	1590	5484
SV branchless (C)	3	0.0000127960	776	10271	78616	1590	5484
SV branchless (C)	4	0.0000120720	646	10271	78616	1590	5484
SV branchless (C)	5	0.0000117400	569	10271	78616	1590	5484
SV branchy (Peach-Py)	0	0.0000193260	1888	14165	58061	1590	5484
SV branchy (Peach-Py)	1	0.0000175730	1746	14165	55019	1590	5484
SV branchy (Peach-Py)	2	0.0000157210	1470	14165	54596	1590	5484
SV branchy (Peach-Py)	3	0.0000150020	1297	14165	54410	1590	5484
SV branchy (Peach-Py)	4	0.0000141880	1128	14165	54344	1590	5484
SV branchy (Peach-Py)	5	0.0000134010	980	14165	54338	1590	5484
SV branchless (Peach-Py)	0	0.0000154520	1538	8681	60701	1590	5484
SV branchless (Peach-Py)	1	0.0000141730	1345	8681	60701	1590	5484
SV branchless (Peach-Py)	2	0.0000134280	1157	8681	60701	1590	5484
SV branchless (Peach-Py)	3	0.0000124670	981	8681	60701	1590	5484
SV branchless (Peach-Py)	4	0.0000118850	859	8681	60701	1590	5484
SV branchless (Peach-Py)	5	0.0000114720	778	8681	60701	1590	5484
SV branchless (asm)	0	0.0000156900	1415	10271	62162	1590	5484
SV branchless (asm)	1	0.0000142020	1187	10271	62162	1590	5484
SV branchless (asm)	2	0.0000130390	978	10271	62162	1590	5484
SV branchless (asm)	3	0.0000124290	832	10271	62162	1590	5484
SV branchless (asm)	4	0.0000120610	782	10271	62162	1590	5484
SV branchless (asm)	5	0.0000116400	707	10271	62162	1590	5484
