BFS/TD brachy (CA15)	0	0.0000017080	64	405	1506	1	36
BFS/TD brachy (CA15)	1	0.0000118750	354	2964	6377	36	677
BFS/TD brachy (CA15)	2	0.0001767500	5065	59318	136462	465	19085
BFS/TD brachy (CA15)	3	0.0009466670	14752	299676	823952	4409	126314
BFS/TD brachy (CA15)	4	0.0006690000	12542	178195	516859	6564	74534
BFS/TD brachy (CA15)	5	0.0001602090	4291	41944	122753	2612	16105
BFS/TD brachy (CA15)	6	0.0000273340	901	6682	19362	621	2199
BFS/TD brachy (CA15)	7	0.0000046660	155	992	2825	112	267
BFS/TD brachy (CA15)	8	0.0000012500	36	270	714	21	63
BFS/TD brachy (CA15)	9	0.0000007920	22	110	311	4	24
BFS/TD branchless (CA15)	0	0.0000014580	18	127	536	1	36
BFS/TD branchless (CA15)	1	0.0000149160	72	1488	7902	36	677
BFS/TD branchless (CA15)	2	0.0001954160	566	39186	214251	465	19085
BFS/TD branchless (CA15)	3	0.0012475840	5262	261575	1429266	4409	126314
BFS/TD branchless (CA15)	4	0.0009463330	7809	162518	879081	6564	74534
BFS/TD branchless (CA15)	5	0.0002441250	2829	37836	200794	2612	16105
BFS/TD branchless (CA15)	6	0.0000414170	615	5812	29909	621	2199
BFS/TD branchless (CA15)	7	0.0000063330	107	847	4076	112	267
BFS/TD branchless (CA15)	8	0.0000015840	29	226	1013	21	63
BFS/TD branchless (CA15)	9	0.0000008340	18	113	431	4	24
