BFS/TD brachy (CA15)	0	0.0000034170	58	527	1946	1	80
BFS/TD brachy (CA15)	1	0.0000262920	248	13030	37859	80	5968
BFS/TD brachy (CA15)	2	0.0000970830	586	50792	150215	300	24108
BFS/TD brachy (CA15)	3	0.0002185840	1252	119030	352457	684	56817
BFS/TD brachy (CA15)	4	0.0004091250	2244	229543	681506	1317	110085
BFS/TD brachy (CA15)	5	0.0006753750	3517	386279	1149692	2253	186036
BFS/TD brachy (CA15)	6	0.0009600830	4765	545432	1627730	3267	263736
BFS/TD brachy (CA15)	7	0.0012012080	5758	669737	1998632	3945	323934
BFS/TD brachy (CA15)	8	0.0014305840	6980	818162	2442623	4848	396066
BFS/TD brachy (CA15)	9	0.0017009170	8207	954829	2848415	5616	461934
BFS/TD brachy (CA15)	10	0.0019472910	9633	1113972	3321233	6534	538524
BFS/TD brachy (CA15)	11	0.0023468330	11413	1335001	3981833	7788	645765
BFS/TD brachy (CA15)	12	0.0028245830	13527	1586949	4733636	9255	767895
BFS/TD brachy (CA15)	13	0.0033038750	15747	1851525	5520665	10710	895500
BFS/TD brachy (CA15)	14	0.0039548750	18657	2205849	6578867	12786	1067331
BFS/TD brachy (CA15)	15	0.0046729160	21905	2596004	7741544	14919	1255935
BFS/TD brachy (CA15)	16	0.0055793340	26062	3101799	9251468	17883	1501245
BFS/TD brachy (CA15)	17	0.0064853750	30035	3592299	10717787	20730	1739481
BFS/TD brachy (CA15)	18	0.0073999580	34039	4080895	12175985	23550	1976070
BFS/TD brachy (CA15)	19	0.0084224590	38692	4656234	13892924	26871	2254863
BFS/TD brachy (CA15)	20	0.0097160410	43994	5256553	15683411	30444	2545878
BFS/TD brachy (CA15)	21	0.0107155420	48404	5824343	17377121	33504	2820621
BFS/TD brachy (CA15)	22	0.0118588330	53209	6484977	19364189	37932	3144243
BFS/TD brachy (CA15)	23	0.0123618750	55645	6760016	20181380	39303	3276243
BFS/TD brachy (CA15)	24	0.0133078750	60154	7271825	21707621	42516	3524139
BFS/TD brachy (CA15)	25	0.0140393750	63427	7662036	22877696	45003	3714333
BFS/TD brachy (CA15)	26	0.0145432500	65643	7889475	23555486	46635	3823392
BFS/TD brachy (CA15)	27	0.0149369160	66777	8211806	24542867	48822	3985419
BFS/TD brachy (CA15)	28	0.0141903330	62302	7765914	23245223	47706	3776277
BFS/TD brachy (CA15)	29	0.0117168750	52299	6487386	19410104	39519	3153033
BFS/TD brachy (CA15)	30	0.0100752920	45396	5560654	16632281	34026	2700876
BFS/TD brachy (CA15)	31	0.0089889170	40727	4948866	14795252	30165	2402274
BFS/TD brachy (CA15)	32	0.0082126250	37414	4528001	13533131	27498	2196933
BFS/TD brachy (CA15)	33	0.0076991660	35100	4246401	12695129	25980	2061003
BFS/TD brachy (CA15)	34	0.0069440420	31852	3860319	11544281	23790	1874508
BFS/TD brachy (CA15)	35	0.0061530830	28184	3401694	10168703	20748	1650876
BFS/TD brachy (CA15)	36	0.0056403750	26032	3126368	9345107	19146	1517253
BFS/TD brachy (CA15)	37	0.0050456250	23478	2812925	8406869	17286	1364826
BFS/TD brachy (CA15)	38	0.0046343750	21799	2562581	7652597	15552	1241721
BFS/TD brachy (CA15)	39	0.0046575410	21844	2590218	7732274	15543	1254924
BFS/TD brachy (CA15)	40	0.0046993750	22016	2610895	7796153	15678	1265346
BFS/TD brachy (CA15)	41	0.0046649160	21740	2600263	7768874	15711	1261038
BFS/TD brachy (CA15)	42	0.0046083750	20622	2477682	7407440	15279	1202853
BFS/TD brachy (CA15)	43	0.0039009170	18107	2155665	6442025	13170	1045788
BFS/TD brachy (CA15)	44	0.0035791660	16588	1988169	5944064	12159	965133
BFS/TD brachy (CA15)	45	0.0031593750	14364	1735443	5192189	10926	843642
BFS/TD brachy (CA15)	46	0.0023602080	10992	1291456	3857639	7968	626100
BFS/TD brachy (CA15)	47	0.0021906670	10187	1203341	3593936	7299	583443
BFS/TD brachy (CA15)	48	0.0020159590	9399	1117404	3339989	6864	542307
BFS/TD brachy (CA15)	49	0.0018245000	8296	990631	2960255	6060	480696
BFS/TD brachy (CA15)	50	0.0015968750	7457	882284	2635595	5352	427854
BFS/TD brachy (CA15)	51	0.0014530420	6825	818149	2445986	5043	397266
BFS/TD brachy (CA15)	52	0.0012180000	5349	677438	2030633	4218	330024
BFS/TD brachy (CA15)	53	0.0007131250	3270	430710	1298930	3099	211542
BFS/TD brachy (CA15)	54	0.0000823330	429	50842	153707	414	24975
BFS/TD branchless (CA15)	0	0.0000044170	22	218	1020	1	80
BFS/TD branchless (CA15)	1	0.0000381250	99	12151	66499	80	5968
BFS/TD branchless (CA15)	2	0.0001469580	318	48875	268019	300	24108
BFS/TD branchless (CA15)	3	0.0003271250	701	115061	631274	684	56817
BFS/TD branchless (CA15)	4	0.0006435420	1333	222869	1222919	1317	110085
BFS/TD branchless (CA15)	5	0.0011000830	2268	376648	2066804	2253	186036
BFS/TD branchless (CA15)	6	0.0015510000	3282	534078	2930630	3267	263736
BFS/TD branchless (CA15)	7	0.0018977910	3960	655835	3598910	3945	323934
BFS/TD branchless (CA15)	8	0.0023387910	4862	801911	4400489	4848	396066
BFS/TD branchless (CA15)	9	0.0027506670	5632	935186	5131949	5616	461934
BFS/TD branchless (CA15)	10	0.0031845420	6550	1090202	5982701	6534	538524
BFS/TD branchless (CA15)	11	0.0038293330	7804	1307212	7173638	7788	645765
BFS/TD branchless (CA15)	12	0.0045399170	9270	1554408	8530271	9255	767895
BFS/TD branchless (CA15)	13	0.0053309590	10725	1812539	9947021	10710	895500
BFS/TD branchless (CA15)	14	0.0063485840	12802	2160361	11855846	12786	1067331
BFS/TD branchless (CA15)	15	0.0075260830	14932	2541853	13949687	14919	1255935
BFS/TD branchless (CA15)	16	0.0089945000	17897	3038416	16674773	17883	1501245
BFS/TD branchless (CA15)	17	0.0104497080	20745	3520597	19320992	20730	1739481
BFS/TD branchless (CA15)	18	0.0118964170	23568	3999432	21948851	23550	1976070
BFS/TD branchless (CA15)	19	0.0135880410	26888	4563692	25045463	26871	2254863
BFS/TD branchless (CA15)	20	0.0153815410	30459	5152874	28278785	30444	2545878
BFS/TD branchless (CA15)	21	0.0170105000	33527	5708508	31328498	33504	2820621
BFS/TD branchless (CA15)	22	0.0189238330	37952	6364611	34928192	37932	3144243
BFS/TD branchless (CA15)	23	0.0197123750	39328	6631372	36392531	39303	3276243
BFS/TD branchless (CA15)	24	0.0212517920	42533	7133596	39148304	42516	3524139
BFS/TD branchless (CA15)	25	0.0223640000	45023	7518966	41262821	45003	3714333
BFS/TD branchless (CA15)	26	0.0230102080	46652	7740356	42477158	46635	3823392
BFS/TD branchless (CA15)	27	0.0239312080	48837	8068788	44279138	48822	3985419
BFS/TD branchless (CA15)	28	0.0225912500	47721	7648236	41968532	47706	3776277
BFS/TD branchless (CA15)	29	0.0188333750	39534	6385329	35039165	39519	3153033
BFS/TD branchless (CA15)	30	0.0161341250	34041	5470021	30016001	34026	2700876
BFS/TD branchless (CA15)	31	0.0143683750	30183	4865072	26696630	30165	2402274
BFS/TD branchless (CA15)	32	0.0131172500	27515	4449051	24413876	27498	2196933
BFS/TD branchless (CA15)	33	0.0123475000	25996	4174157	22904984	25980	2061003
BFS/TD branchless (CA15)	34	0.0112075830	23804	3796752	20833829	23790	1874508
BFS/TD branchless (CA15)	35	0.0099429160	20766	3343403	18346499	20748	1650876
BFS/TD branchless (CA15)	36	0.0090756670	19163	3072943	16862228	19146	1517253
BFS/TD branchless (CA15)	37	0.0081132920	17300	2764355	15168791	17286	1364826
BFS/TD branchless (CA15)	38	0.0074524170	15564	2514679	13799030	15552	1241721
BFS/TD branchless (CA15)	39	0.0075020000	15563	2541070	13944182	15543	1254924
BFS/TD branchless (CA15)	40	0.0075537080	15694	2562190	14060039	15678	1265346
BFS/TD branchless (CA15)	41	0.0074910840	15725	2553628	14012948	15711	1261038
BFS/TD branchless (CA15)	42	0.0071318750	15295	2436388	13369025	15279	1202853
BFS/TD branchless (CA15)	43	0.0062264580	13184	2118040	11622329	13170	1045788
BFS/TD branchless (CA15)	44	0.0057336660	12173	1954694	10726025	12159	965133
BFS/TD branchless (CA15)	45	0.0050420420	10940	1709237	9378527	10926	843642
BFS/TD branchless (CA15)	46	0.0037551250	7985	1268224	6958943	7968	626100
BFS/TD branchless (CA15)	47	0.0034997500	7312	1181571	6483695	7299	583443
BFS/TD branchless (CA15)	48	0.0032329170	6878	1098424	6027284	6864	542307
BFS/TD branchless (CA15)	49	0.0028702920	6073	973594	5342327	6060	480696
BFS/TD branchless (CA15)	50	0.0025348750	5367	866487	4754693	5352	427854
BFS/TD branchless (CA15)	51	0.0023757500	5056	804692	4415444	5043	397266
BFS/TD branchless (CA15)	52	0.0019410410	4232	668551	3668357	4218	330024
BFS/TD branchless (CA15)	53	0.0012175830	3112	429338	2354984	3099	211542
BFS/TD branchless (CA15)	54	0.0001458750	427	50835	278582	414	24975
