BFS/TD	Branch-based	0	0.0000021250	54	338	1245	1	13
BFS/TD	Branch-based	1	0.0000088340	160	784	1447	13	186
BFS/TD	Branch-based	2	0.0000231670	306	2273	4480	44	629
BFS/TD	Branch-based	3	0.0000438750	582	4837	9596	92	1378
BFS/TD	Branch-based	4	0.0000814580	972	9177	18935	187	2752
BFS/TD	Branch-based	5	0.0001390420	1457	14575	31161	307	4547
BFS/TD	Branch-based	6	0.0001994590	2069	22782	49739	495	7284
BFS/TD	Branch-based	7	0.0002962910	2902	32237	72335	727	10608
BFS/TD	Branch-based	8	0.0004109170	3958	43970	99007	1009	14521
BFS/TD	Branch-based	9	0.0005327080	5171	58701	132841	1337	19512
BFS/TD	Branch-based	10	0.0007157500	6872	77902	177455	1805	26067
BFS/TD	Branch-based	11	0.0009283750	8737	100071	230177	2341	33842
BFS/TD	Branch-based	12	0.0011936250	10898	126250	292421	2965	43053
BFS/TD	Branch-based	13	0.0014922500	12984	153192	358078	3646	52780
BFS/TD	Branch-based	14	0.0017949580	15062	178888	418927	4229	61773
BFS/TD	Branch-based	15	0.0021437500	17637	212638	497889	5051	73455
BFS/TD	Branch-based	16	0.0024389170	20409	244772	573907	5787	84719
BFS/TD	Branch-based	17	0.0028300840	23324	280430	660316	6692	97455
BFS/TD	Branch-based	18	0.0032634170	26479	320973	752952	7616	111147
BFS/TD	Branch-based	19	0.0036660410	30308	367061	860586	8700	127006
BFS/TD	Branch-based	20	0.0042322500	34800	421456	992234	10062	146445
BFS/TD	Branch-based	21	0.0048355420	39385	481362	1130470	11440	166945
BFS/TD	Branch-based	22	0.0054431250	43699	537931	1274009	12857	188227
BFS/TD	Branch-based	23	0.0061320420	47637	598469	1430994	14404	211626
BFS/TD	Branch-based	24	0.0066079580	51756	659683	1576866	15738	233403
BFS/TD	Branch-based	25	0.0072453330	56257	717691	1730800	17340	256172
BFS/TD	Branch-based	26	0.0076626250	59443	769875	1877589	18791	278085
BFS/TD	Branch-based	27	0.0080520000	62132	821071	2008433	19917	297884
BFS/TD	Branch-based	28	0.0081495000	63514	856995	2110907	20875	313379
BFS/TD	Branch-based	29	0.0083008340	64132	864811	2149074	21316	319118
BFS/TD	Branch-based	30	0.0080774170	62788	853571	2128830	21198	316052
BFS/TD	Branch-based	31	0.0078244170	59972	831286	2090811	20805	310632
BFS/TD	Branch-based	32	0.0073458330	57187	791335	2000272	19824	297370
BFS/TD	Branch-based	33	0.0068072500	53223	743483	1884691	18755	280185
BFS/TD	Branch-based	34	0.0062388330	48888	679196	1733954	17330	257688
BFS/TD	Branch-based	35	0.0056598330	44825	622020	1589539	15865	236171
BFS/TD	Branch-based	36	0.0051665840	41612	582015	1493127	14801	222092
BFS/TD	Branch-based	37	0.0046833750	38155	532199	1365556	13620	203013
BFS/TD	Branch-based	38	0.0042684170	35585	482829	1234948	12386	183360
BFS/TD	Branch-based	39	0.0039531660	32367	443032	1142184	11594	169518
BFS/TD	Branch-based	40	0.0035001660	29082	397089	1020070	10302	151383
BFS/TD	Branch-based	41	0.0031716660	26418	360011	929586	9464	137881
BFS/TD	Branch-based	42	0.0028398330	23971	322249	828257	8499	122748
BFS/TD	Branch-based	43	0.0025250830	21414	287792	741496	7576	109903
BFS/TD	Branch-based	44	0.0022392920	18948	257785	668790	6884	99159
BFS/TD	Branch-based	45	0.0018820420	15687	219083	573655	5877	85176
BFS/TD	Branch-based	46	0.0015503330	13086	180855	471526	4790	70015
BFS/TD	Branch-based	47	0.0013222500	10907	153240	400946	4100	59533
BFS/TD	Branch-based	48	0.0010012090	8633	124202	330437	3361	49156
BFS/TD	Branch-based	49	0.0007136670	6075	91659	248635	2563	37029
BFS/TD	Branch-based	50	0.0004459580	3834	57748	157190	1634	23385
BFS/TD	Branch-based	51	0.0002645000	2184	35107	98244	1024	14649
BFS/TD	Branch-based	52	0.0001082080	923	16082	46948	504	7002
BFS/TD	Branch-based	53	0.0000299170	228	4242	12783	137	1898
BFS/TD	Branch-based	54	0.0000023330	38	526	1566	18	213
BFS/TD	Branch-avoiding	0	0.0000022090	19	83	252	1	13
BFS/TD	Branch-avoiding	1	0.0000116250	46	277	1917	13	186
BFS/TD	Branch-avoiding	2	0.0000297080	92	772	6183	44	629
BFS/TD	Branch-avoiding	3	0.0000631250	198	1628	13356	92	1378
BFS/TD	Branch-avoiding	4	0.0001171660	363	3190	26577	187	2752
BFS/TD	Branch-avoiding	5	0.0001976670	594	5222	43812	307	4547
BFS/TD	Branch-avoiding	6	0.0002979580	917	8341	70137	495	7284
BFS/TD	Branch-avoiding	7	0.0004357920	1342	12127	102141	727	10608
BFS/TD	Branch-avoiding	8	0.0006027090	1807	16616	139896	1009	14521
BFS/TD	Branch-avoiding	9	0.0007989580	2434	22252	187767	1337	19512
BFS/TD	Branch-avoiding	10	0.0011257080	3266	29755	250974	1805	26067
BFS/TD	Branch-avoiding	11	0.0014592500	4203	38604	325773	2341	33842
BFS/TD	Branch-avoiding	12	0.0018435000	5324	49069	414288	2965	43053
BFS/TD	Branch-avoiding	13	0.0023237090	6573	60154	507960	3646	52780
BFS/TD	Branch-avoiding	14	0.0027677920	7736	70322	594144	4229	61773
BFS/TD	Branch-avoiding	15	0.0033987910	9172	83661	706680	5051	73455
BFS/TD	Branch-avoiding	16	0.0039294580	10590	96400	814680	5787	84719
BFS/TD	Branch-avoiding	17	0.0046224160	12206	110971	937449	6692	97455
BFS/TD	Branch-avoiding	18	0.0053288330	13889	126495	1068993	7616	111147
BFS/TD	Branch-avoiding	19	0.0060393750	15821	144537	1221480	8700	127006
BFS/TD	Branch-avoiding	20	0.0068940000	18285	166716	1408689	10062	146445
BFS/TD	Branch-avoiding	21	0.0079204580	20795	189982	1605591	11440	166945
BFS/TD	Branch-avoiding	22	0.0089194580	23498	214105	1809882	12857	188227
BFS/TD	Branch-avoiding	23	0.0096239170	26256	240610	2034396	14404	211626
BFS/TD	Branch-avoiding	24	0.0105541660	28911	265071	2242395	15738	233403
BFS/TD	Branch-avoiding	25	0.0113642500	31521	291058	2461734	17340	256172
BFS/TD	Branch-avoiding	26	0.0120236670	34162	315894	2672010	18791	278085
BFS/TD	Branch-avoiding	27	0.0122526660	36493	337911	2860335	19917	297884
BFS/TD	Branch-avoiding	28	0.0128590000	38028	355347	3008412	20875	313379
BFS/TD	Branch-avoiding	29	0.0125251250	38528	361983	3064032	21316	319118
BFS/TD	Branch-avoiding	30	0.0123569160	38025	358676	3035376	21198	316052
BFS/TD	Branch-avoiding	31	0.0119179170	37423	352456	2983059	20805	310632
BFS/TD	Branch-avoiding	32	0.0112547500	35725	337238	2854872	19824	297370
BFS/TD	Branch-avoiding	33	0.0104952920	33478	317910	2690586	18755	280185
BFS/TD	Branch-avoiding	34	0.0093011670	30846	292552	2475288	17330	257688
BFS/TD	Branch-avoiding	35	0.0082080830	28128	268110	2268450	15865	236171
BFS/TD	Branch-avoiding	36	0.0076095840	26205	251882	2132163	14801	222092
BFS/TD	Branch-avoiding	37	0.0067988750	23814	230429	1949823	13620	203013
BFS/TD	Branch-avoiding	38	0.0063099170	21673	208309	1761840	12386	183360
BFS/TD	Branch-avoiding	39	0.0057552910	20000	192876	1630134	11594	169518
BFS/TD	Branch-avoiding	40	0.0050721250	17926	172129	1455291	10302	151383
BFS/TD	Branch-avoiding	41	0.0045976250	16431	156941	1326231	9464	137881
BFS/TD	Branch-avoiding	42	0.0041452080	14650	139891	1181349	8499	122748
BFS/TD	Branch-avoiding	43	0.0036412500	13000	125183	1057437	7576	109903
BFS/TD	Branch-avoiding	44	0.0032969170	11747	113056	954513	6884	99159
BFS/TD	Branch-avoiding	45	0.0027476250	10101	97039	819603	5877	85176
BFS/TD	Branch-avoiding	46	0.0022832080	8259	79704	673371	4790	70015
BFS/TD	Branch-avoiding	47	0.0017630420	7002	67830	572823	4100	59533
BFS/TD	Branch-avoiding	48	0.0014422080	5788	55959	472779	3361	49156
BFS/TD	Branch-avoiding	49	0.0010403340	4317	42235	356454	2563	37029
BFS/TD	Branch-avoiding	50	0.0005990830	2785	26716	225297	1634	23385
BFS/TD	Branch-avoiding	51	0.0003511670	1702	16761	141183	1024	14649
BFS/TD	Branch-avoiding	52	0.0001453340	825	8080	67680	504	7002
BFS/TD	Branch-avoiding	53	0.0000387920	234	2232	18441	137	1898
BFS/TD	Branch-avoiding	54	0.0000030000	38	310	2205	18	213
