BFS/TD brachy (CA15)	0	0.0000021250	63	397	1426	1	28
BFS/TD brachy (CA15)	1	0.0000098340	166	1464	3621	28	363
BFS/TD brachy (CA15)	2	0.0001089580	3346	28846	54586	265	6865
BFS/TD brachy (CA15)	3	0.0006463750	16077	170981	390237	2720	54497
BFS/TD brachy (CA15)	4	0.0012793750	27882	277852	716700	9661	98362
BFS/TD brachy (CA15)	5	0.0007777910	19090	156002	432519	9862	54715
BFS/TD brachy (CA15)	6	0.0002138750	6236	43389	121980	3835	13927
BFS/TD brachy (CA15)	7	0.0000455000	1400	9733	27752	943	3083
BFS/TD brachy (CA15)	8	0.0000071250	243	1482	4202	159	414
BFS/TD brachy (CA15)	9	0.0000021670	78	423	1060	39	93
BFS/TD brachy (CA15)	10	0.0000009580	33	122	258	5	13
BFS/TD brachy (CA15)	11	0.0000007080	22	69	152	1	2
BFS/TD branchless (CA15)	0	0.0000015840	21	111	448	1	28
BFS/TD branchless (CA15)	1	0.0000117080	66	841	4376	28	363
BFS/TD branchless (CA15)	2	0.0001077080	356	14328	78031	265	6865
BFS/TD branchless (CA15)	3	0.0007764160	3350	114588	624078	2720	54497
BFS/TD branchless (CA15)	4	0.0017581250	11658	216380	1169062	9661	98362
BFS/TD branchless (CA15)	5	0.0011591250	11272	129952	690754	9862	54715
BFS/TD branchless (CA15)	6	0.0003222080	3899	36334	187843	3835	13927
BFS/TD branchless (CA15)	7	0.0000688750	911	8316	42531	943	3083
BFS/TD branchless (CA15)	8	0.0000113340	137	1237	6116	159	414
BFS/TD branchless (CA15)	9	0.0000029170	47	330	1505	39	93
BFS/TD branchless (CA15)	10	0.0000007500	17	92	319	5	13
BFS/TD branchless (CA15)	11	0.0000005830	15	65	162	1	2
