BFS/TD brachy (CA15)	0	0.0000021250	47	366	1456	1	31
BFS/TD brachy (CA15)	1	0.0000070420	101	2680	7726	31	1180
BFS/TD brachy (CA15)	2	0.0000107500	106	5327	15758	59	2460
BFS/TD brachy (CA15)	3	0.0000154580	130	7754	22947	84	3616
BFS/TD brachy (CA15)	4	0.0000175830	142	8870	26286	91	4148
BFS/TD brachy (CA15)	5	0.0000370410	192	11064	32663	112	5156
BFS/TD brachy (CA15)	6	0.0000277910	232	14502	42904	147	6787
BFS/TD brachy (CA15)	7	0.0000336250	268	17943	53145	182	8418
BFS/TD brachy (CA15)	8	0.0000472090	327	21520	63624	217	10098
BFS/TD brachy (CA15)	9	0.0000452090	336	23426	69623	238	11057
BFS/TD brachy (CA15)	10	0.0000462500	367	25170	74703	252	11864
BFS/TD brachy (CA15)	11	0.0000499170	387	27405	81633	280	12963
BFS/TD brachy (CA15)	12	0.0000619580	436	31032	92072	301	14620
BFS/TD brachy (CA15)	13	0.0000684580	526	37932	112769	378	17912
BFS/TD brachy (CA15)	14	0.0000888750	620	44625	132598	441	21071
BFS/TD brachy (CA15)	15	0.0000938750	704	51955	154779	518	24559
BFS/TD brachy (CA15)	16	0.0001226660	866	65355	195491	658	31083
BFS/TD brachy (CA15)	17	0.0001350410	954	72986	218274	735	34718
BFS/TD brachy (CA15)	18	0.0001497080	1070	81366	242980	805	38642
BFS/TD brachy (CA15)	19	0.0001780420	1235	94958	283489	938	45026
BFS/TD brachy (CA15)	20	0.0002324170	1588	121343	361553	1190	57430
BFS/TD brachy (CA15)	21	0.0002971250	2044	153977	459722	1533	73011
BFS/TD brachy (CA15)	22	0.0003780000	2590	194309	579581	1932	92067
BFS/TD brachy (CA15)	23	0.0004585830	3242	241572	719928	2415	114575
BFS/TD brachy (CA15)	24	0.0005207080	3434	264011	788000	2653	125498
BFS/TD brachy (CA15)	25	0.0005267500	3634	274310	817960	2751	130293
BFS/TD brachy (CA15)	26	0.0005439580	3642	280961	839483	2828	133788
BFS/TD brachy (CA15)	27	0.0005434170	3647	279362	833468	2793	132782
BFS/TD brachy (CA15)	28	0.0005674580	3833	292115	870938	2877	138747
BFS/TD brachy (CA15)	29	0.0006178340	4115	311181	928043	3108	147960
BFS/TD brachy (CA15)	30	0.0006098750	3980	306456	914346	3045	145683
BFS/TD brachy (CA15)	31	0.0006379160	4236	320611	955541	3178	152312
BFS/TD brachy (CA15)	32	0.0006430830	4226	326375	973907	3234	155233
BFS/TD brachy (CA15)	33	0.0006671660	4388	334197	996069	3318	158726
BFS/TD brachy (CA15)	34	0.0007053750	4522	349285	1041851	3430	166025
BFS/TD brachy (CA15)	35	0.0007595420	4844	369953	1104028	3675	175899
BFS/TD brachy (CA15)	36	0.0007741670	5054	389034	1161304	3857	185088
BFS/TD brachy (CA15)	37	0.0008039170	5159	397834	1188044	3983	189421
BFS/TD brachy (CA15)	38	0.0007772500	5045	389205	1162116	3885	185354
BFS/TD brachy (CA15)	39	0.0007459160	4850	370526	1104849	3724	176205
BFS/TD brachy (CA15)	40	0.0007267090	4574	354215	1056668	3493	168400
BFS/TD brachy (CA15)	41	0.0007673750	4900	371431	1107296	3675	176327
BFS/TD brachy (CA15)	42	0.0008282090	5384	408009	1216209	4032	193757
BFS/TD brachy (CA15)	43	0.0008945840	5683	436510	1300975	4312	207222
BFS/TD brachy (CA15)	44	0.0009622920	6182	473756	1412713	4676	225061
BFS/TD brachy (CA15)	45	0.0010225000	6623	504910	1505110	5033	239883
BFS/TD brachy (CA15)	46	0.0010717920	6750	515146	1535537	5096	244757
BFS/TD brachy (CA15)	47	0.0010707910	6903	526385	1569321	5250	250250
BFS/TD brachy (CA15)	48	0.0010516250	6793	514737	1533721	5110	244522
BFS/TD brachy (CA15)	49	0.0010532920	6789	517721	1542762	5117	246009
BFS/TD brachy (CA15)	50	0.0010537500	6721	516874	1541530	5131	245848
BFS/TD brachy (CA15)	51	0.0010592910	6753	511283	1522042	5033	242467
BFS/TD brachy (CA15)	52	0.0011268750	7270	550813	1641142	5453	261463
BFS/TD brachy (CA15)	53	0.0011888750	7609	582731	1738416	5789	277064
BFS/TD brachy (CA15)	54	0.0012288330	7834	601111	1792993	5950	285760
BFS/TD brachy (CA15)	55	0.0013276670	8100	623978	1861935	6188	296842
BFS/TD brachy (CA15)	56	0.0012970420	8204	627183	1871376	6265	298370
BFS/TD brachy (CA15)	57	0.0012833330	8034	617527	1842591	6160	293856
BFS/TD brachy (CA15)	58	0.0012452500	7953	602920	1796470	5971	286560
BFS/TD brachy (CA15)	59	0.0012370830	7707	588067	1752083	5810	279469
BFS/TD brachy (CA15)	60	0.0012053750	7536	576687	1720683	5712	274336
BFS/TD brachy (CA15)	61	0.0012152910	7730	584939	1744135	5782	277953
BFS/TD brachy (CA15)	62	0.0012577080	8073	613039	1826355	6062	291087
BFS/TD brachy (CA15)	63	0.0013500830	8424	636255	1894547	6286	301925
BFS/TD brachy (CA15)	64	0.0013959170	8813	666228	1984602	6573	316289
BFS/TD brachy (CA15)	65	0.0014470000	9230	695570	2072752	6895	330325
BFS/TD brachy (CA15)	66	0.0015110420	9454	721255	2150279	7154	342769
BFS/TD brachy (CA15)	67	0.0015270000	9668	733278	2186634	7287	348540
BFS/TD brachy (CA15)	68	0.0015333750	9746	745568	2223935	7420	354618
BFS/TD brachy (CA15)	69	0.0015577080	9590	737716	2201062	7329	351059
BFS/TD brachy (CA15)	70	0.0015086660	9397	718686	2144521	7154	342010
BFS/TD brachy (CA15)	71	0.0014528750	9257	699043	2084605	6986	332444
BFS/TD brachy (CA15)	72	0.0014155420	8887	673655	2007161	6734	319994
BFS/TD brachy (CA15)	73	0.0013973340	8650	668057	1993112	6615	317817
BFS/TD brachy (CA15)	74	0.0013893750	8703	665493	1984785	6636	316449
BFS/TD brachy (CA15)	75	0.0013732910	8625	659111	1966322	6559	313576
BFS/TD brachy (CA15)	76	0.0013730420	8406	648247	1934041	6426	308330
BFS/TD brachy (CA15)	77	0.0013470420	8510	650745	1940841	6524	309517
BFS/TD brachy (CA15)	78	0.0013189160	8259	629569	1876382	6223	299160
BFS/TD brachy (CA15)	79	0.0013202500	8335	633414	1889082	6321	301111
BFS/TD brachy (CA15)	80	0.0013470000	8479	642556	1914464	6349	305052
BFS/TD brachy (CA15)	81	0.0014106670	8965	676196	2014301	6720	320995
BFS/TD brachy (CA15)	82	0.0014584580	9185	699895	2086665	6930	332498
BFS/TD brachy (CA15)	83	0.0015261670	9535	726959	2169229	7294	345904
BFS/TD brachy (CA15)	84	0.0014845840	9389	710974	2116884	7007	337335
BFS/TD brachy (CA15)	85	0.0015669580	9976	750276	2235371	7420	356202
BFS/TD brachy (CA15)	86	0.0016333750	10366	782518	2331885	7812	371709
BFS/TD brachy (CA15)	87	0.0016463330	10454	787595	2345549	7798	373802
BFS/TD brachy (CA15)	88	0.0016842080	10806	804830	2398513	8106	382172
BFS/TD brachy (CA15)	89	0.0017218330	10797	814745	2428076	8099	387049
BFS/TD brachy (CA15)	90	0.0017021670	10733	818721	2441783	8190	389379
BFS/TD brachy (CA15)	91	0.0016940420	10450	798951	2381664	7917	379666
BFS/TD brachy (CA15)	92	0.0017069580	10691	812712	2422966	8071	386370
BFS/TD brachy (CA15)	93	0.0016892500	10544	806970	2406633	7994	383642
BFS/TD brachy (CA15)	94	0.0017298340	10706	823179	2455279	8176	391472
BFS/TD brachy (CA15)	95	0.0017561250	10771	823168	2455308	8183	391247
BFS/TD brachy (CA15)	96	0.0018136670	11159	857523	2557865	8512	407739
BFS/TD brachy (CA15)	97	0.0018265830	11460	872171	2600116	8673	414348
BFS/TD brachy (CA15)	98	0.0018895830	11828	905688	2699961	8960	430535
BFS/TD brachy (CA15)	99	0.0018851670	11881	902123	2690038	8995	428908
BFS/TD brachy (CA15)	100	0.0018883340	11715	894998	2668689	8876	425561
BFS/TD brachy (CA15)	101	0.0018518330	11713	887355	2644462	8827	421690
BFS/TD brachy (CA15)	102	0.0018365830	11447	874740	2607728	8687	415913
BFS/TD brachy (CA15)	103	0.0018004590	11224	855382	2549407	8484	406488
BFS/TD brachy (CA15)	104	0.0018149580	11397	861429	2565651	8498	408899
BFS/TD brachy (CA15)	105	0.0018821660	11800	895166	2667704	8911	425391
BFS/TD brachy (CA15)	106	0.0018886250	11665	886652	2642420	8757	421282
BFS/TD brachy (CA15)	107	0.0018926250	11821	897203	2675295	8946	426641
BFS/TD brachy (CA15)	108	0.0018640410	11445	877124	2615372	8701	417110
BFS/TD brachy (CA15)	109	0.0018182920	11249	860985	2567849	8568	409599
BFS/TD brachy (CA15)	110	0.0017795420	10866	836375	2493614	8253	397713
BFS/TD brachy (CA15)	111	0.0018012500	10972	832928	2481549	8232	395603
BFS/TD brachy (CA15)	112	0.0018061660	11190	850363	2534731	8428	403958
BFS/TD brachy (CA15)	113	0.0018580000	11720	884400	2634831	8750	419953
BFS/TD brachy (CA15)	114	0.0019340840	11973	909892	2712559	9058	432581
BFS/TD brachy (CA15)	115	0.0018892920	11548	893073	2664362	8855	424932
BFS/TD brachy (CA15)	116	0.0018794170	11419	873359	2605847	8736	415708
BFS/TD brachy (CA15)	117	0.0017439590	10898	820440	2445264	8211	389895
BFS/TD brachy (CA15)	118	0.0017248750	10664	812408	2419713	7966	385738
BFS/TD brachy (CA15)	119	0.0017659590	11132	841979	2508072	8365	399880
BFS/TD brachy (CA15)	120	0.0017822500	11044	844291	2515679	8344	401030
BFS/TD brachy (CA15)	121	0.0017993750	11398	864435	2575583	8568	410496
BFS/TD brachy (CA15)	122	0.0018662090	11637	885784	2641044	8841	421174
BFS/TD brachy (CA15)	123	0.0018381670	11361	866287	2582514	8575	411762
BFS/TD brachy (CA15)	124	0.0018152920	11238	863346	2576598	8659	411126
BFS/TD brachy (CA15)	125	0.0016595420	10412	795032	2371608	7945	378340
BFS/TD brachy (CA15)	126	0.0015830420	9862	751886	2242712	7483	357793
BFS/TD brachy (CA15)	127	0.0015009170	9287	717259	2140428	7119	341469
BFS/TD brachy (CA15)	128	0.0014629170	9038	689726	2056190	6853	327917
BFS/TD brachy (CA15)	129	0.0014345000	8836	677358	2020133	6720	322219
BFS/TD brachy (CA15)	130	0.0013952090	8676	661174	1970643	6552	314204
BFS/TD brachy (CA15)	131	0.0013954580	8775	664907	1981493	6580	315891
BFS/TD brachy (CA15)	132	0.0014028330	8914	664682	1980538	6699	315684
BFS/TD brachy (CA15)	133	0.0013574580	8558	649343	1935566	6503	308604
BFS/TD brachy (CA15)	134	0.0013322910	8394	634304	1889746	6321	301413
BFS/TD brachy (CA15)	135	0.0013028750	8101	613377	1827227	6062	291307
BFS/TD brachy (CA15)	136	0.0013012080	8141	622278	1854529	6174	295666
BFS/TD brachy (CA15)	137	0.0013240000	8314	627650	1869166	6209	297983
BFS/TD brachy (CA15)	138	0.0013375840	8353	636434	1896417	6314	302288
BFS/TD brachy (CA15)	139	0.0013611670	8626	648437	1931298	6433	307853
BFS/TD brachy (CA15)	140	0.0014024170	8730	664785	1980319	6538	315637
BFS/TD brachy (CA15)	141	0.0014613750	9184	694227	2067462	6881	329553
BFS/TD brachy (CA15)	142	0.0015056250	9260	708360	2112430	7021	336763
BFS/TD brachy (CA15)	143	0.0015130000	9468	720060	2145918	7133	342237
BFS/TD brachy (CA15)	144	0.0014780000	9295	709004	2112801	7042	336938
BFS/TD brachy (CA15)	145	0.0014775420	9361	701657	2088777	6916	332997
BFS/TD brachy (CA15)	146	0.0015087080	9368	716592	2136482	7105	340697
BFS/TD brachy (CA15)	147	0.0014925000	9390	712975	2123693	7056	338541
BFS/TD brachy (CA15)	148	0.0015221250	9413	725958	2165280	7203	345205
BFS/TD brachy (CA15)	149	0.0015340000	9476	733406	2186910	7273	348859
BFS/TD brachy (CA15)	150	0.0014880420	9258	708491	2113039	7042	336987
BFS/TD brachy (CA15)	151	0.0014523750	9009	695263	2073951	6902	330855
BFS/TD brachy (CA15)	152	0.0014039590	8767	672072	2003174	6643	319550
BFS/TD brachy (CA15)	153	0.0013572920	8454	650967	1941840	6489	309708
BFS/TD brachy (CA15)	154	0.0013069580	8163	629023	1877748	6265	299642
BFS/TD brachy (CA15)	155	0.0012246250	7727	590082	1758482	5845	280511
BFS/TD brachy (CA15)	156	0.0011791250	7350	569589	1699899	5670	271229
BFS/TD brachy (CA15)	157	0.0011081250	7043	540003	1610586	5341	256907
BFS/TD brachy (CA15)	158	0.0010735000	6723	522199	1559731	5236	248976
BFS/TD brachy (CA15)	159	0.0009657080	6016	469515	1402028	4655	223783
BFS/TD brachy (CA15)	160	0.0009014170	5664	438431	1308865	4326	208726
BFS/TD brachy (CA15)	161	0.0008982090	5698	434930	1296916	4361	206780
BFS/TD brachy (CA15)	162	0.0008785830	5569	427284	1273739	4214	203203
BFS/TD brachy (CA15)	163	0.0008287080	5387	411183	1227063	4116	195804
BFS/TD brachy (CA15)	164	0.0007712920	4869	378194	1129091	3766	180229
BFS/TD brachy (CA15)	165	0.0007000840	4464	344432	1028088	3423	164059
BFS/TD brachy (CA15)	166	0.0006714170	4161	319641	953538	3199	152180
BFS/TD brachy (CA15)	167	0.0005980420	3762	293949	877161	2884	139951
BFS/TD brachy (CA15)	168	0.0005761250	3786	287812	857687	2842	136759
BFS/TD brachy (CA15)	169	0.0005785000	3762	286145	853529	2856	136157
BFS/TD brachy (CA15)	170	0.0005372500	3481	271398	810101	2688	129367
BFS/TD brachy (CA15)	171	0.0004668750	3106	238922	713151	2394	113883
BFS/TD brachy (CA15)	172	0.0004021250	2584	202792	606331	2044	96838
BFS/TD brachy (CA15)	173	0.0003211660	2164	169401	506497	1694	80920
BFS/TD brachy (CA15)	174	0.0002579580	1764	138421	414559	1400	66318
BFS/TD brachy (CA15)	175	0.0001700830	1125	95562	287859	980	46256
BFS/TD brachy (CA15)	176	0.0000525410	381	32370	97788	343	15729
BFS/TD brachy (CA15)	177	0.0000073750	61	4293	12920	49	2058
BFS/TD branchless (CA15)	0	0.0000025000	21	117	481	1	31
BFS/TD branchless (CA15)	1	0.0000098330	48	2479	13390	31	1180
BFS/TD branchless (CA15)	2	0.0000162090	71	5098	27722	59	2460
BFS/TD branchless (CA15)	3	0.0000233750	98	7456	40663	84	3616
BFS/TD branchless (CA15)	4	0.0000266250	104	8533	46578	91	4148
BFS/TD branchless (CA15)	5	0.0000311250	125	10594	57855	112	5156
BFS/TD branchless (CA15)	6	0.0000422910	159	13926	76111	147	6787
BFS/TD branchless (CA15)	7	0.0000528340	191	17256	94367	182	8418
BFS/TD branchless (CA15)	8	0.0000695830	230	20689	113162	217	10098
BFS/TD branchless (CA15)	9	0.0000694170	252	22647	123900	238	11057
BFS/TD branchless (CA15)	10	0.0000721250	262	24287	132903	252	11864
BFS/TD branchless (CA15)	11	0.0000782080	291	26542	145244	280	12963
BFS/TD branchless (CA15)	12	0.0000954170	312	29901	163660	301	14620
BFS/TD branchless (CA15)	13	0.0001096670	389	36635	200565	378	17912
BFS/TD branchless (CA15)	14	0.0001363750	451	43080	235881	441	21071
BFS/TD branchless (CA15)	15	0.0001482500	530	50210	274942	518	24559
BFS/TD branchless (CA15)	16	0.0001912920	668	63540	347966	658	31083
BFS/TD branchless (CA15)	17	0.0002145830	749	70964	388644	735	34718
BFS/TD branchless (CA15)	18	0.0002376250	816	78956	432438	805	38642
BFS/TD branchless (CA15)	19	0.0002795830	953	91986	503859	938	45026
BFS/TD branchless (CA15)	20	0.0003580410	1201	117298	642571	1190	57430
BFS/TD branchless (CA15)	21	0.0004645830	1546	149156	817049	1533	73011
BFS/TD branchless (CA15)	22	0.0005872500	1945	188064	1030256	1932	92067
BFS/TD branchless (CA15)	23	0.0007145830	2428	234044	1282191	2415	114575
BFS/TD branchless (CA15)	24	0.0008052500	2665	256373	1404486	2653	125498
BFS/TD branchless (CA15)	25	0.0008304590	2764	266157	1458113	2751	130293
BFS/TD branchless (CA15)	26	0.0008500000	2842	273301	1497251	2828	133788
BFS/TD branchless (CA15)	27	0.0008514590	2804	271211	1485870	2793	132782
BFS/TD branchless (CA15)	28	0.0008828750	2887	283317	1552241	2877	138747
BFS/TD branchless (CA15)	29	0.0009817500	3121	302209	1655663	3108	147960
BFS/TD branchless (CA15)	30	0.0009395840	3067	297524	1630049	3045	145683
BFS/TD branchless (CA15)	31	0.0009819170	3194	311050	1704165	3178	152312
BFS/TD branchless (CA15)	32	0.0009960000	3248	316999	1736800	3234	155233
BFS/TD branchless (CA15)	33	0.0010300000	3330	324154	1775979	3318	158726
BFS/TD branchless (CA15)	34	0.0010797500	3443	338988	1857276	3430	166025
BFS/TD branchless (CA15)	35	0.0011525420	3686	359222	1968095	3675	175899
BFS/TD branchless (CA15)	36	0.0012052500	3871	377956	2070812	3857	185088
BFS/TD branchless (CA15)	37	0.0012407500	3999	386881	2119609	3983	189421
BFS/TD branchless (CA15)	38	0.0012595410	3897	378555	2073990	3885	185354
BFS/TD branchless (CA15)	39	0.0011575840	3741	359925	1971902	3724	176205
BFS/TD branchless (CA15)	40	0.0011197090	3506	343862	1883968	3493	168400
BFS/TD branchless (CA15)	41	0.0011710420	3688	360077	1972803	3675	176327
BFS/TD branchless (CA15)	42	0.0012795000	4047	395653	2167746	4032	193757
BFS/TD branchless (CA15)	43	0.0013732910	4323	423147	2318381	4312	207222
BFS/TD branchless (CA15)	44	0.0014782080	4687	459548	2517886	4676	225061
BFS/TD branchless (CA15)	45	0.0015888330	5047	489915	2684141	5033	239883
BFS/TD branchless (CA15)	46	0.0016262080	5110	499789	2738322	5096	244757
BFS/TD branchless (CA15)	47	0.0016518750	5267	511080	2800131	5250	250250
BFS/TD branchless (CA15)	48	0.0016220420	5126	499341	2735863	5110	244522
BFS/TD branchless (CA15)	49	0.0016375830	5128	502334	2752283	5117	246009
BFS/TD branchless (CA15)	50	0.0016100000	5145	502036	2750638	5131	245848
BFS/TD branchless (CA15)	51	0.0016416250	5049	495085	2712565	5033	242467
BFS/TD branchless (CA15)	52	0.0017303330	5468	533909	2925301	5453	261463
BFS/TD branchless (CA15)	53	0.0018425000	5804	565795	3099936	5789	277064
BFS/TD branchless (CA15)	54	0.0018797500	5963	583504	3197041	5950	285760
BFS/TD branchless (CA15)	55	0.0019566250	6208	606142	3321085	6188	296842
BFS/TD branchless (CA15)	56	0.0019871660	6277	609351	3338586	6265	298370
BFS/TD branchless (CA15)	57	0.0019873330	6176	600116	3287987	6160	293856
BFS/TD branchless (CA15)	58	0.0019019580	5985	585148	3206030	5971	286560
BFS/TD branchless (CA15)	59	0.0018962080	5822	570641	3126580	5810	279469
BFS/TD branchless (CA15)	60	0.0018374590	5728	560174	3069235	5712	274336
BFS/TD branchless (CA15)	61	0.0018644160	5802	567552	3109652	5782	277953
BFS/TD branchless (CA15)	62	0.0019565000	6078	594384	3256646	6062	291087
BFS/TD branchless (CA15)	63	0.0020321250	6300	616509	3377880	6286	301925
BFS/TD branchless (CA15)	64	0.0021271670	6587	645805	3538467	6573	316289
BFS/TD branchless (CA15)	65	0.0022147920	6912	674527	3695761	6895	330325
BFS/TD branchless (CA15)	66	0.0023175420	7167	699946	3834976	7154	342769
BFS/TD branchless (CA15)	67	0.0023379580	7303	711737	3899654	7287	348540
BFS/TD branchless (CA15)	68	0.0023688330	7435	724164	3967709	7420	354618
BFS/TD branchless (CA15)	69	0.0023674160	7343	716864	3927741	7329	351059
BFS/TD branchless (CA15)	70	0.0023117500	7167	698416	3826627	7154	342010
BFS/TD branchless (CA15)	71	0.0022449590	7001	678955	3719889	6986	332444
BFS/TD branchless (CA15)	72	0.0021626250	6749	653540	3580671	6734	319994
BFS/TD branchless (CA15)	73	0.0021416670	6629	648947	3555653	6615	317817
BFS/TD branchless (CA15)	74	0.0021230830	6650	646261	3540794	6636	316449
BFS/TD branchless (CA15)	75	0.0021208750	6571	640359	3508498	6559	313576
BFS/TD branchless (CA15)	76	0.0020716670	6440	629595	3449595	6426	308330
BFS/TD branchless (CA15)	77	0.0020830000	6537	632166	3463534	6524	309517
BFS/TD branchless (CA15)	78	0.0020150000	6234	610856	3346898	6223	299160
BFS/TD branchless (CA15)	79	0.0020122910	6334	614946	3369241	6321	301111
BFS/TD branchless (CA15)	80	0.0020689170	6364	622888	3412844	6349	305052
BFS/TD branchless (CA15)	81	0.0021558750	6733	655524	3591556	6720	320995
BFS/TD branchless (CA15)	82	0.0022374590	6942	678946	3719979	6930	332498
BFS/TD branchless (CA15)	83	0.0023128750	7311	706484	3870721	7294	345904
BFS/TD branchless (CA15)	84	0.0023087920	7020	688778	3773879	7007	337335
BFS/TD branchless (CA15)	85	0.0024098750	7433	727335	3985133	7420	356202
BFS/TD branchless (CA15)	86	0.0024895830	7825	759135	4159238	7812	371709
BFS/TD branchless (CA15)	87	0.0025382090	7812	763288	4182135	7798	373802
BFS/TD branchless (CA15)	88	0.0026197080	8118	780651	4276977	8106	382172
BFS/TD branchless (CA15)	89	0.0025755830	8113	790387	4330561	8099	387049
BFS/TD branchless (CA15)	90	0.0026230830	8205	795230	4357010	8190	389379
BFS/TD branchless (CA15)	91	0.0025986250	7932	775262	4247710	7917	379666
BFS/TD branchless (CA15)	92	0.0026277500	8084	788984	4322840	8071	386370
BFS/TD branchless (CA15)	93	0.0025870000	8005	783366	4292139	7994	383642
BFS/TD branchless (CA15)	94	0.0026646250	8189	799387	4379907	8176	391472
BFS/TD branchless (CA15)	95	0.0026659170	8194	798967	4377495	8183	391247
BFS/TD branchless (CA15)	96	0.0027850410	8527	832602	4561868	8512	407739
BFS/TD branchless (CA15)	97	0.0028124580	8692	846141	4636016	8673	414348
BFS/TD branchless (CA15)	98	0.0028716660	8972	879091	4816656	8960	430535
BFS/TD branchless (CA15)	99	0.0029177920	9013	875912	4799074	8995	428908
BFS/TD branchless (CA15)	100	0.0028631250	8889	868967	4761186	8876	425561
BFS/TD branchless (CA15)	101	0.0028561670	8840	861130	4718164	8827	421690
BFS/TD branchless (CA15)	102	0.0027942910	8700	849293	4653357	8687	415913
BFS/TD branchless (CA15)	103	0.0027762080	8499	830037	4547855	8484	406488
BFS/TD branchless (CA15)	104	0.0027768330	8511	834893	4574502	8498	408899
BFS/TD branchless (CA15)	105	0.0028896670	8923	868700	4759631	8911	425391
BFS/TD branchless (CA15)	106	0.0028819160	8775	860179	4713046	8757	421282
BFS/TD branchless (CA15)	107	0.0028896250	8962	871267	4773696	8946	426641
BFS/TD branchless (CA15)	108	0.0028434170	8717	851714	4666650	8701	417110
BFS/TD branchless (CA15)	109	0.0027831670	8583	836432	4582832	8568	409599
BFS/TD branchless (CA15)	110	0.0027419580	8265	812030	4449251	8253	397713
BFS/TD branchless (CA15)	111	0.0027062920	8248	807767	4425852	8232	395603
BFS/TD branchless (CA15)	112	0.0027433750	8445	824861	4519521	8428	403958
BFS/TD branchless (CA15)	113	0.0028555420	8766	857502	4698364	8750	419953
BFS/TD branchless (CA15)	114	0.0029468750	9074	883377	4840044	9058	432581
BFS/TD branchless (CA15)	115	0.0028824590	8867	867665	4754078	8855	424932
BFS/TD branchless (CA15)	116	0.0028188330	8751	848988	4651543	8736	415708
BFS/TD branchless (CA15)	117	0.0026743330	8230	796311	4362875	8211	389895
BFS/TD branchless (CA15)	118	0.0026381250	7980	787502	4314943	7966	385738
BFS/TD branchless (CA15)	119	0.0026796250	8383	816583	4474096	8365	399880
BFS/TD branchless (CA15)	120	0.0027122910	8358	818848	4486557	8344	401030
BFS/TD branchless (CA15)	121	0.0027737090	8583	838223	4592699	8568	410496
BFS/TD branchless (CA15)	122	0.0028297500	8857	860126	4712614	8841	421174
BFS/TD branchless (CA15)	123	0.0027559590	8589	840773	4606688	8575	411762
BFS/TD branchless (CA15)	124	0.0028223750	8672	839671	4600448	8659	411126
BFS/TD branchless (CA15)	125	0.0025617500	7959	772660	4233376	7945	378340
BFS/TD branchless (CA15)	126	0.0024276250	7496	730639	4003201	7483	357793
BFS/TD branchless (CA15)	127	0.0023077090	7133	697268	3820361	7119	341469
BFS/TD branchless (CA15)	128	0.0022319580	6871	669628	3668895	6853	327917
BFS/TD branchless (CA15)	129	0.0021698330	6733	657966	3605020	6720	322219
BFS/TD branchless (CA15)	130	0.0021286670	6563	641594	3515343	6552	314204
BFS/TD branchless (CA15)	131	0.0021413330	6591	645032	3534152	6580	315891
BFS/TD branchless (CA15)	132	0.0021301250	6713	644848	3532946	6699	315684
BFS/TD branchless (CA15)	133	0.0021142090	6518	630300	3453302	6503	308604
BFS/TD branchless (CA15)	134	0.0020447500	6334	615550	3372563	6321	301413
BFS/TD branchless (CA15)	135	0.0019757500	6076	594828	3259066	6062	291307
BFS/TD branchless (CA15)	136	0.0019905000	6184	603761	3308023	6174	295666
BFS/TD branchless (CA15)	137	0.0020068750	6223	608467	3333825	6209	297983
BFS/TD branchless (CA15)	138	0.0020667920	6325	617293	3382125	6314	302288
BFS/TD branchless (CA15)	139	0.0020830410	6446	628658	3444411	6433	307853
BFS/TD branchless (CA15)	140	0.0021646660	6550	644440	3530980	6538	315637
BFS/TD branchless (CA15)	141	0.0022131670	6893	672959	3687143	6881	329553
BFS/TD branchless (CA15)	142	0.0022785840	7035	687656	3767713	7021	336763
BFS/TD branchless (CA15)	143	0.0023102080	7146	698831	3828935	7133	342237
BFS/TD branchless (CA15)	144	0.0022868750	7055	688041	3769827	7042	336938
BFS/TD branchless (CA15)	145	0.0022486670	6932	679916	3725342	6916	332997
BFS/TD branchless (CA15)	146	0.0023157910	7120	695695	3811743	7105	340697
BFS/TD branchless (CA15)	147	0.0022851250	7072	691285	3787586	7056	338541
BFS/TD branchless (CA15)	148	0.0023353750	7219	704903	3862213	7203	345205
BFS/TD branchless (CA15)	149	0.0023521660	7287	712352	3903037	7273	348859
BFS/TD branchless (CA15)	150	0.0022768330	7056	688147	3770366	7042	336987
BFS/TD branchless (CA15)	151	0.0022480840	6916	675598	3701654	6902	330855
BFS/TD branchless (CA15)	152	0.0021492500	6656	652474	3574968	6643	319550
BFS/TD branchless (CA15)	153	0.0021025000	6502	632476	3465320	6489	309708
BFS/TD branchless (CA15)	154	0.0020077920	6279	611897	3352578	6265	299642
BFS/TD branchless (CA15)	155	0.0018748330	5857	572790	3138357	5845	280511
BFS/TD branchless (CA15)	156	0.0018124590	5683	553874	3034680	5670	271229
BFS/TD branchless (CA15)	157	0.0016970000	5354	524576	2874177	5341	256907
BFS/TD branchless (CA15)	158	0.0016506670	5248	508501	2785991	5236	248976
BFS/TD branchless (CA15)	159	0.0014832500	4669	456948	2503639	4655	223783
BFS/TD branchless (CA15)	160	0.0013854580	4340	426177	2335051	4326	208726
BFS/TD branchless (CA15)	161	0.0013697920	4371	422362	2313960	4361	206780
BFS/TD branchless (CA15)	162	0.0013527500	4227	414909	2273290	4214	203203
BFS/TD branchless (CA15)	163	0.0012887920	4130	399908	2191019	4116	195804
BFS/TD branchless (CA15)	164	0.0011931660	3778	368061	2016544	3766	180229
BFS/TD branchless (CA15)	165	0.0010812910	3437	335031	1835587	3423	164059
BFS/TD branchless (CA15)	166	0.0010028750	3209	310826	1702902	3199	152180
BFS/TD branchless (CA15)	167	0.0009308750	2895	285735	1565548	2884	139951
BFS/TD branchless (CA15)	168	0.0008952080	2855	279270	1530058	2842	136759
BFS/TD branchless (CA15)	169	0.0008876670	2869	278096	1523562	2856	136157
BFS/TD branchless (CA15)	170	0.0008316250	2701	264174	1447360	2688	129367
BFS/TD branchless (CA15)	171	0.0007422080	2407	232620	1274390	2394	113883
BFS/TD branchless (CA15)	172	0.0006153340	2056	197825	1083745	2044	96838
BFS/TD branchless (CA15)	173	0.0005019580	1706	165289	905497	1694	80920
BFS/TD branchless (CA15)	174	0.0004048330	1412	135492	742229	1400	66318
BFS/TD branchless (CA15)	175	0.0002728330	993	94533	517767	980	46256
BFS/TD branchless (CA15)	176	0.0000891250	354	32198	176237	343	15729
BFS/TD branchless (CA15)	177	0.0000115830	60	4271	23210	49	2058
