BFS/TD brachy (CA15)	0	0.0000011670	55	295	1176	1	3
BFS/TD brachy (CA15)	1	0.0000010000	38	125	286	3	14
BFS/TD brachy (CA15)	2	0.0000012920	56	229	472	11	29
BFS/TD brachy (CA15)	3	0.0000019580	111	397	824	17	66
BFS/TD brachy (CA15)	4	0.0000025420	154	576	1291	36	112
BFS/TD brachy (CA15)	5	0.0000032090	215	737	1520	41	128
BFS/TD brachy (CA15)	6	0.0000034170	236	819	1960	63	163
BFS/TD brachy (CA15)	7	0.0000040000	253	997	2334	71	204
BFS/TD brachy (CA15)	8	0.0000052500	343	1246	2752	85	244
BFS/TD brachy (CA15)	9	0.0000066670	411	1474	3203	98	277
BFS/TD brachy (CA15)	10	0.0000077090	484	1929	4227	132	364
BFS/TD brachy (CA15)	11	0.0000120000	744	2899	6168	181	554
BFS/TD brachy (CA15)	12	0.0000170840	1082	4208	9034	271	828
BFS/TD brachy (CA15)	13	0.0000214580	1356	5502	11935	374	1073
BFS/TD brachy (CA15)	14	0.0000258750	1570	6826	15143	500	1370
BFS/TD brachy (CA15)	15	0.0000279580	1730	7509	17512	573	1618
BFS/TD brachy (CA15)	16	0.0000285420	1825	7623	18162	629	1675
BFS/TD brachy (CA15)	17	0.0000257920	1629	6715	16039	580	1476
BFS/TD brachy (CA15)	18	0.0000177500	1044	4795	11777	458	1044
BFS/TD brachy (CA15)	19	0.0000121250	732	3249	7900	315	693
BFS/TD brachy (CA15)	20	0.0000077080	461	1999	5069	194	442
BFS/TD brachy (CA15)	21	0.0000050000	290	1336	3516	135	317
BFS/TD brachy (CA15)	22	0.0000033750	198	864	2130	67	198
BFS/TD brachy (CA15)	23	0.0000025840	149	652	1693	52	161
BFS/TD brachy (CA15)	24	0.0000016670	92	370	963	32	82
BFS/TD brachy (CA15)	25	0.0000009580	39	194	480	13	34
BFS/TD brachy (CA15)	26	0.0000007920	28	123	304	7	17
BFS/TD brachy (CA15)	27	0.0000005830	16	76	161	2	2
BFS/TD branchless (CA15)	0	0.0000007500	18	66	173	1	3
BFS/TD branchless (CA15)	1	0.0000007500	19	88	312	3	14
BFS/TD branchless (CA15)	2	0.0000011250	29	136	549	11	29
BFS/TD branchless (CA15)	3	0.0000013750	42	226	1010	17	66
BFS/TD branchless (CA15)	4	0.0000019170	65	367	1687	36	112
BFS/TD branchless (CA15)	5	0.0000020000	69	408	1908	41	128
BFS/TD branchless (CA15)	6	0.0000027920	87	538	2491	63	163
BFS/TD branchless (CA15)	7	0.0000032500	103	639	3014	71	204
BFS/TD branchless (CA15)	8	0.0000040410	132	744	3580	85	244
BFS/TD branchless (CA15)	9	0.0000047920	146	829	4060	98	277
BFS/TD branchless (CA15)	10	0.0000067080	148	1084	5323	132	364
BFS/TD branchless (CA15)	11	0.0000086250	215	1566	7854	181	554
BFS/TD branchless (CA15)	12	0.0000125000	333	2316	11678	271	828
BFS/TD branchless (CA15)	13	0.0000165840	416	3031	15300	374	1073
BFS/TD branchless (CA15)	14	0.0000197920	529	3926	19701	500	1370
BFS/TD branchless (CA15)	15	0.0000228330	637	4579	23086	573	1618
BFS/TD branchless (CA15)	16	0.0000239590	743	4846	24217	629	1675
BFS/TD branchless (CA15)	17	0.0000212090	628	4339	21587	580	1476
BFS/TD branchless (CA15)	18	0.0000165000	482	3211	15737	458	1044
BFS/TD branchless (CA15)	19	0.0000112920	309	2196	10589	315	693
BFS/TD branchless (CA15)	20	0.0000068340	187	1393	6739	194	442
BFS/TD branchless (CA15)	21	0.0000045420	153	1004	4833	135	317
BFS/TD branchless (CA15)	22	0.0000027090	96	607	2912	67	198
BFS/TD branchless (CA15)	23	0.0000020830	75	497	2370	52	161
BFS/TD branchless (CA15)	24	0.0000015410	57	300	1321	32	82
BFS/TD branchless (CA15)	25	0.0000009160	24	154	622	13	34
BFS/TD branchless (CA15)	26	0.0000007920	23	110	381	7	17
BFS/TD branchless (CA15)	27	0.0000005830	13	65	171	2	2
