SV branchy (CA15)	0	0.1738394160	2639900	97499989	285604752
SV branchy (CA15)	1	0.1651258330	2025812	96120835	283840692
SV branchy (CA15)	2	0.1627327910	1862661	95690406	283452675
SV branchy (CA15)	3	0.1619591260	1804567	95528808	283306380
SV branchy (CA15)	4	0.1608462920	1732585	95335374	283122489
SV branchy (CA15)	5	0.1600772500	1678242	95175467	282982332
SV branchy (CA15)	6	0.1591284580	1614389	94994036	282813675
SV branchy (CA15)	7	0.1583019580	1550279	94811464	282643608
SV branchy (CA15)	8	0.1572638750	1475769	94599924	282444207
SV branchy (CA15)	9	0.1563255840	1415585	94440265	282298728
SV branchy (CA15)	10	0.1555656250	1368661	94305127	282163383
SV branchy (CA15)	11	0.1549252910	1315645	94149407	282012609
SV branchy (CA15)	12	0.1541050010	1259405	93997096	281863485
SV branchy (CA15)	13	0.1534043750	1210751	93858853	281729796
SV branchy (CA15)	14	0.1526905840	1154608	93699732	281578167
SV branchy (CA15)	15	0.1519215420	1107159	93563217	281450133
SV branchy (CA15)	16	0.1513036250	1064883	93440876	281336808
SV branchy (CA15)	17	0.1507672920	1029685	93342033	281241786
SV branchy (CA15)	18	0.1505032080	1002365	93264327	281167251
SV branchy (CA15)	19	0.1501653340	987420	93222111	281127117
SV branchy (CA15)	20	0.1500372500	977126	93193090	281099511
SV branchy (CA15)	21	0.1499339170	970424	93174462	281082255
SV branchy (CA15)	22	0.1499527910	970649	93174314	281082366
SV branchy (CA15)	23	0.1499355410	969603	93171036	281078712
SV branchy (CA15)	24	0.1499574170	969559	93171649	281078733
SV branchy (CA15)	25	0.1499388330	969808	93173616	281080182
SV branchy (CA15)	26	0.1500499170	971127	93176494	281083437
SV branchy (CA15)	27	0.1499693750	970513	93172917	281082282
SV branchy (CA15)	28	0.1500784580	970498	93177114	281082198
SV branchy (CA15)	29	0.1500189580	971481	93177238	281084676
SV branchy (CA15)	30	0.1500089580	971848	93179075	281085873
SV branchy (CA15)	31	0.1499417510	971844	93180110	281085810
SV branchy (CA15)	32	0.1500828340	972636	93183451	281087763
SV branchy (CA15)	33	0.1500549580	974163	93188452	281091081
SV branchy (CA15)	34	0.1500809580	975204	93192195	281094273
SV branchy (CA15)	35	0.1499978750	975032	93190942	281093328
SV branchy (CA15)	36	0.1500364580	975514	93193109	281095512
SV branchy (CA15)	37	0.1500600840	976450	93193889	281097906
SV branchy (CA15)	38	0.1501768750	979723	93202795	281106810
SV branchy (CA15)	39	0.1502120420	987242	93225644	281127768
SV branchy (CA15)	40	0.1501868330	984906	93214841	281121426
SV branchy (CA15)	41	0.1502554160	984125	93214120	281119095
SV branchy (CA15)	42	0.1501014590	979141	93198551	281105697
SV branchy (CA15)	43	0.1500603330	978061	93197139	281102673
SV branchy (CA15)	44	0.1500362500	976734	93190615	281099040
SV branchy (CA15)	45	0.1499864590	973104	93181846	281089170
SV branchy (CA15)	46	0.1500998750	976194	93192656	281096961
SV branchy (CA15)	47	0.1498513750	968189	93167606	281075562
SV branchy (CA15)	48	0.2000250000	962843	93221390	281057019
SV branchy (CA15)	49	0.1514102090	960300	93149588	281053596
SV branchy (CA15)	50	0.1497588750	958529	93140629	281049102
SV branchy (CA15)	51	0.2027753330	958055	93210340	281043978
SV branchy (CA15)	52	0.1498982920	955702	93135301	281040954
SV branchy (CA15)	53	0.1498030840	955346	93133618	281040702
SV branchy (CA15)	54	0.2054614590	956721	93210656	281040009
SV branchy (CA15)	55	0.1499590420	955240	93134636	281039925
SV branchy (CA15)	56	0.1497487920	955199	93134347	281039799
SV branchy (CA15)	57	0.1498103750	955005	93133978	281039673
SV branchy (CA15)	58	0.1496958340	955031	93135277	281039316
SV branchless (CA15)	0	0.1388631660	953149	47502625	284848132
SV branchless (CA15)	1	0.1387337920	953093	47502754	284848132
SV branchless (CA15)	2	0.1387607500	953086	47502848	284848132
SV branchless (CA15)	3	0.1387123340	953042	47502451	284848132
SV branchless (CA15)	4	0.1388023340	953084	47502871	284848132
SV branchless (CA15)	5	0.1387240420	953059	47502767	284848132
SV branchless (CA15)	6	0.1388695000	953089	47503045	284848132
SV branchless (CA15)	7	0.1387354160	953034	47502604	284848132
SV branchless (CA15)	8	0.1388517090	952997	47502635	284848132
SV branchless (CA15)	9	0.1387121670	953041	47502725	284848132
SV branchless (CA15)	10	0.1387347080	953015	47502599	284848132
SV branchless (CA15)	11	0.1387167080	953077	47503180	284848132
SV branchless (CA15)	12	0.1388050000	953040	47502596	284848132
SV branchless (CA15)	13	0.1388486250	952996	47502424	284848132
SV branchless (CA15)	14	0.1386799590	953070	47502960	284848132
SV branchless (CA15)	15	0.1387833330	953047	47502689	284848132
SV branchless (CA15)	16	0.1388020420	953056	47502424	284848132
SV branchless (CA15)	17	0.1387237920	953110	47502841	284848132
SV branchless (CA15)	18	0.1387048330	953038	47502753	284848132
SV branchless (CA15)	19	0.1387640000	953063	47502650	284848132
SV branchless (CA15)	20	0.1388452910	953048	47502762	284848132
SV branchless (CA15)	21	0.1387687910	953044	47502279	284848132
SV branchless (CA15)	22	0.1387425410	953048	47502889	284848132
SV branchless (CA15)	23	0.1387878340	953066	47502529	284848132
SV branchless (CA15)	24	0.1387530840	953042	47502867	284848132
SV branchless (CA15)	25	0.1387119580	953020	47503041	284848132
SV branchless (CA15)	26	0.1387897910	953030	47502752	284848132
SV branchless (CA15)	27	0.1388162920	953031	47502122	284848132
SV branchless (CA15)	28	0.1388696670	953044	47502727	284848132
SV branchless (CA15)	29	0.1387976670	953046	47502647	284848132
SV branchless (CA15)	30	0.1387030840	953030	47502768	284848132
SV branchless (CA15)	31	0.1386878750	953078	47502873	284848132
SV branchless (CA15)	32	0.1388883750	953064	47503378	284848132
SV branchless (CA15)	33	0.1387112500	953105	47503264	284848132
SV branchless (CA15)	34	0.1388385000	953080	47503116	284848132
SV branchless (CA15)	35	0.1387079580	953051	47502546	284848132
SV branchless (CA15)	36	0.1387995410	953057	47502947	284848132
SV branchless (CA15)	37	0.1388247090	953054	47502898	284848132
SV branchless (CA15)	38	0.1386090420	953014	47502051	284848132
SV branchless (CA15)	39	0.1387553760	953056	47502740	284848132
SV branchless (CA15)	40	0.1387516250	953027	47502365	284848132
SV branchless (CA15)	41	0.1388258340	953064	47503016	284848132
SV branchless (CA15)	42	0.1386746660	953035	47502881	284848132
SV branchless (CA15)	43	0.1387476670	953021	47502666	284848132
SV branchless (CA15)	44	0.1389269170	953056	47502635	284848132
SV branchless (CA15)	45	0.1387564580	953090	47502932	284848132
SV branchless (CA15)	46	0.1386881660	953033	47502682	284848132
SV branchless (CA15)	47	0.1387150420	953061	47502995	284848132
SV branchless (CA15)	48	0.1386981250	952990	47502469	284848132
SV branchless (CA15)	49	0.1387102090	953017	47502638	284848132
SV branchless (CA15)	50	0.1387064580	953058	47502709	284848132
SV branchless (CA15)	51	0.1387689580	953065	47502595	284848132
SV branchless (CA15)	52	0.1388559170	953074	47502584	284848132
SV branchless (CA15)	53	0.1386948750	953071	47502895	284848132
SV branchless (CA15)	54	0.1387707510	953023	47503060	284848132
SV branchless (CA15)	55	0.1387453340	953047	47502457	284848132
SV branchless (CA15)	56	0.1388393330	953057	47502501	284848132
SV branchless (CA15)	57	0.1387007090	953086	47502881	284848132
SV branchless (CA15)	58	0.1388457920	953077	47503071	284848132
