SV	Branch-based	0	0.2034165120	1930612	93045043	333079504	952204	45570272
SV	Branch-based	1	0.2006275380	1717843	93045039	331315440	952204	45570272
SV	Branch-based	2	0.1995179670	1617636	93045044	330927428	952204	45570272
SV	Branch-based	3	0.1994149690	1568453	93045043	330781132	952204	45570272
SV	Branch-based	4	0.1984413280	1521769	93045043	330597241	952204	45570272
SV	Branch-based	5	0.1981280390	1475524	93045044	330457085	952204	45570272
SV	Branch-based	6	0.1965603190	1426079	93045040	330288424	952204	45570272
SV	Branch-based	7	0.1969005810	1378259	93045037	330118354	952204	45570272
SV	Branch-based	8	0.1954915680	1326314	93045037	329918953	952204	45570272
SV	Branch-based	9	0.1946886860	1286513	93045039	329773476	952204	45570272
SV	Branch-based	10	0.1965564240	1250140	93045041	329638133	952204	45570272
SV	Branch-based	11	0.1939930300	1210144	93045039	329487357	952204	45570272
SV	Branch-based	12	0.1933779600	1172182	93045039	329338233	952204	45570272
SV	Branch-based	13	0.1925561920	1136128	93045036	329204541	952204	45570272
SV	Branch-based	14	0.1918929850	1095781	93045037	329052913	952204	45570272
SV	Branch-based	15	0.1916350550	1061347	93045037	328924879	952204	45570272
SV	Branch-based	16	0.1913910740	1030216	93045038	328811555	952204	45570272
SV	Branch-based	17	0.1912658970	1008060	93045039	328716534	952204	45570272
SV	Branch-based	18	0.1906699330	986620	93045037	328641997	952204	45570272
SV	Branch-based	19	0.1907079840	976767	93045036	328601862	952204	45570272
SV	Branch-based	20	0.1908287150	968525	93045036	328574256	952204	45570272
SV	Branch-based	21	0.1909067060	964954	93045035	328556999	952204	45570272
SV	Branch-based	22	0.1911850120	964803	93045040	328557115	952204	45570272
SV	Branch-based	23	0.1916018150	963352	93045041	328553462	952204	45570272
SV	Branch-based	24	0.1901625430	963851	93045035	328553477	952204	45570272
SV	Branch-based	25	0.1899649350	964506	93045037	328554928	952204	45570272
SV	Branch-based	26	0.1902538780	964601	93045034	328558180	952204	45570272
SV	Branch-based	27	0.1905211360	964905	93045033	328557024	952204	45570272
SV	Branch-based	28	0.1909075910	964850	93045035	328556942	952204	45570272
SV	Branch-based	29	0.1910203870	965603	93045036	328559421	952204	45570272
SV	Branch-based	30	0.1911576700	965454	93045038	328560620	952204	45570272
SV	Branch-based	31	0.1910949720	965666	93045039	328560558	952204	45570272
SV	Branch-based	32	0.1910170860	966354	93045036	328562508	952204	45570272
SV	Branch-based	33	0.1912178180	967143	93045040	328565830	952204	45570272
SV	Branch-based	34	0.1913232150	968196	93045043	328569025	952204	45570272
SV	Branch-based	35	0.1913727080	967864	93045043	328568080	952204	45570272
SV	Branch-based	36	0.1903922730	968868	93045043	328570264	952204	45570272
SV	Branch-based	37	0.1904281700	969466	93045045	328572660	952204	45570272
SV	Branch-based	38	0.1904834940	973164	93045043	328581562	952204	45570272
SV	Branch-based	39	0.1906947100	978718	93045041	328602518	952204	45570272
SV	Branch-based	40	0.1908418420	976221	93045042	328596177	952204	45570272
SV	Branch-based	41	0.1908657650	975886	93045036	328593840	952204	45570272
SV	Branch-based	42	0.1911929620	972041	93045042	328580448	952204	45570272
SV	Branch-based	43	0.1916944400	971177	93045047	328577429	952204	45570272
SV	Branch-based	44	0.1912292480	969664	93045046	328573795	952204	45570272
SV	Branch-based	45	0.1911708650	966958	93045043	328563922	952204	45570272
SV	Branch-based	46	0.1913849010	969520	93045044	328571714	952204	45570272
SV	Branch-based	47	0.1913970000	962318	93045042	328550313	952204	45570272
SV	Branch-based	48	0.1898685890	957658	93045044	328531772	952204	45570272
SV	Branch-based	49	0.1905077170	956653	93045043	328528348	952204	45570272
SV	Branch-based	50	0.1905166960	955147	93045045	328523856	952204	45570272
SV	Branch-based	51	0.1908795250	953556	93045041	328518728	952204	45570272
SV	Branch-based	52	0.1898921450	952920	93045042	328515705	952204	45570272
SV	Branch-based	53	0.1898449530	952630	93045041	328515452	952204	45570272
SV	Branch-based	54	0.1899539240	952617	93045042	328514760	952204	45570272
SV	Branch-based	55	0.1901373300	952592	93045046	328514680	952204	45570272
SV	Branch-based	56	0.1904468920	952579	93045046	328514554	952204	45570272
SV	Branch-based	57	0.1902702040	952396	93045042	328514424	952204	45570272
SV	Branch-based	58	0.1898334520	952384	93045041	328514066	952204	45570272
SV	Branch-avoiding	0	0.1629136060	952481	47474761	332322877	952204	45570272
SV	Branch-avoiding	1	0.1630228570	952462	47474761	332322877	952204	45570272
SV	Branch-avoiding	2	0.1629428090	952427	47474759	332322875	952204	45570272
SV	Branch-avoiding	3	0.1631492520	952493	47474763	332322879	952204	45570272
SV	Branch-avoiding	4	0.1633241010	952450	47474760	332322876	952204	45570272
SV	Branch-avoiding	5	0.1633182850	952432	47474764	332322880	952204	45570272
SV	Branch-avoiding	6	0.1631669990	952427	47474760	332322876	952204	45570272
SV	Branch-avoiding	7	0.1631473750	952425	47474762	332322878	952204	45570272
SV	Branch-avoiding	8	0.1631085340	952424	47474761	332322877	952204	45570272
SV	Branch-avoiding	9	0.1628906080	952410	47474758	332322874	952204	45570272
SV	Branch-avoiding	10	0.1630671620	952413	47474754	332322870	952204	45570272
SV	Branch-avoiding	11	0.1631134750	952411	47474755	332322871	952204	45570272
SV	Branch-avoiding	12	0.1635002530	952415	47474760	332322876	952204	45570272
SV	Branch-avoiding	13	0.1629175810	952408	47474752	332322868	952204	45570272
SV	Branch-avoiding	14	0.1629639620	952411	47474756	332322872	952204	45570272
SV	Branch-avoiding	15	0.1628743170	952414	47474751	332322867	952204	45570272
SV	Branch-avoiding	16	0.1631299250	952410	47474759	332322875	952204	45570272
SV	Branch-avoiding	17	0.1628054620	952392	47474751	332322867	952204	45570272
SV	Branch-avoiding	18	0.1629704180	952407	47474756	332322872	952204	45570272
SV	Branch-avoiding	19	0.1632729960	952420	47474755	332322871	952204	45570272
SV	Branch-avoiding	20	0.1634566000	952432	47474759	332322875	952204	45570272
SV	Branch-avoiding	21	0.1630165310	952412	47474757	332322873	952204	45570272
SV	Branch-avoiding	22	0.1627888410	952405	47474752	332322868	952204	45570272
SV	Branch-avoiding	23	0.1630816260	952405	47474755	332322871	952204	45570272
SV	Branch-avoiding	24	0.1629664260	952415	47474755	332322871	952204	45570272
SV	Branch-avoiding	25	0.1633248260	952424	47474761	332322877	952204	45570272
SV	Branch-avoiding	26	0.1627931960	952393	47474753	332322869	952204	45570272
SV	Branch-avoiding	27	0.1635266870	952423	47474763	332322879	952204	45570272
SV	Branch-avoiding	28	0.1631121020	952407	47474755	332322871	952204	45570272
SV	Branch-avoiding	29	0.1630043360	952405	47474759	332322875	952204	45570272
SV	Branch-avoiding	30	0.1636989580	952411	47474759	332322875	952204	45570272
SV	Branch-avoiding	31	0.1628970970	952413	47474758	332322874	952204	45570272
SV	Branch-avoiding	32	0.1629374110	952404	47474756	332322872	952204	45570272
SV	Branch-avoiding	33	0.1629061400	952402	47474757	332322873	952204	45570272
SV	Branch-avoiding	34	0.1631671310	952415	47474760	332322876	952204	45570272
SV	Branch-avoiding	35	0.1632095900	952421	47474757	332322873	952204	45570272
SV	Branch-avoiding	36	0.1631493630	952416	47474759	332322875	952204	45570272
SV	Branch-avoiding	37	0.1629760990	952386	47474754	332322870	952204	45570272
SV	Branch-avoiding	38	0.1630354800	952413	47474758	332322874	952204	45570272
SV	Branch-avoiding	39	0.1629122000	952398	47474754	332322870	952204	45570272
SV	Branch-avoiding	40	0.1629048580	952396	47474754	332322870	952204	45570272
SV	Branch-avoiding	41	0.1629949660	952408	47474754	332322870	952204	45570272
SV	Branch-avoiding	42	0.1633907370	952416	47474760	332322876	952204	45570272
SV	Branch-avoiding	43	0.1634123320	952407	47474759	332322875	952204	45570272
SV	Branch-avoiding	44	0.1629201920	952412	47474754	332322870	952204	45570272
SV	Branch-avoiding	45	0.1629732110	952402	47474756	332322872	952204	45570272
SV	Branch-avoiding	46	0.1628266630	952390	47474752	332322868	952204	45570272
SV	Branch-avoiding	47	0.1631542480	952405	47474758	332322874	952204	45570272
SV	Branch-avoiding	48	0.1628266660	952394	47474751	332322867	952204	45570272
SV	Branch-avoiding	49	0.1630245070	952428	47474757	332322873	952204	45570272
SV	Branch-avoiding	50	0.1632294970	952420	47474755	332322871	952204	45570272
SV	Branch-avoiding	51	0.1632637880	952423	47474758	332322874	952204	45570272
SV	Branch-avoiding	52	0.1630277360	952400	47474757	332322873	952204	45570272
SV	Branch-avoiding	53	0.1627708880	952388	47474751	332322867	952204	45570272
SV	Branch-avoiding	54	0.1630786440	952397	47474756	332322872	952204	45570272
SV	Branch-avoiding	55	0.1628725170	952392	47474752	332322868	952204	45570272
SV	Branch-avoiding	56	0.1629894050	952416	47474757	332322873	952204	45570272
SV	Branch-avoiding	57	0.1629709810	952426	47474754	332322870	952204	45570272
SV	Branch-avoiding	58	0.1632442360	952429	47474763	332322879	952204	45570272
