BFS/TD brachy (CA15)	0	0.0000018750	46	379	1506	1	36
BFS/TD brachy (CA15)	1	0.0000117910	327	2947	6377	36	677
BFS/TD brachy (CA15)	2	0.0001772080	5339	59846	136462	465	19085
BFS/TD brachy (CA15)	3	0.0009303750	14814	300715	823952	4409	126314
BFS/TD brachy (CA15)	4	0.0006412910	12419	178210	516859	6564	74534
BFS/TD brachy (CA15)	5	0.0001536670	4244	42086	122753	2612	16105
BFS/TD brachy (CA15)	6	0.0000263750	886	6635	19362	621	2199
BFS/TD brachy (CA15)	7	0.0000039580	138	984	2825	112	267
BFS/TD brachy (CA15)	8	0.0000013750	40	266	714	21	63
BFS/TD brachy (CA15)	9	0.0000008330	21	122	311	4	24
BFS/TD branchless (CA15)	0	0.0000015830	19	124	536	1	36
BFS/TD branchless (CA15)	1	0.0000148750	67	1492	7902	36	677
BFS/TD branchless (CA15)	2	0.0002015410	578	39188	214251	465	19085
BFS/TD branchless (CA15)	3	0.0012825840	5284	261611	1429266	4409	126314
BFS/TD branchless (CA15)	4	0.0009457910	7809	162544	879081	6564	74534
BFS/TD branchless (CA15)	5	0.0002267910	2852	37832	200794	2612	16105
BFS/TD branchless (CA15)	6	0.0000372080	607	5816	29909	621	2199
BFS/TD branchless (CA15)	7	0.0000064590	101	850	4076	112	267
BFS/TD branchless (CA15)	8	0.0000015840	36	228	1013	21	63
BFS/TD branchless (CA15)	9	0.0000007920	22	113	431	4	24
