BFS/TD brachy (CA15)	0	0.0000032920	56	563	1946	1	80
BFS/TD brachy (CA15)	1	0.0000277500	238	13021	37859	80	5968
BFS/TD brachy (CA15)	2	0.0001008750	611	50914	150215	300	24108
BFS/TD brachy (CA15)	3	0.0002147080	1236	118894	352457	684	56817
BFS/TD brachy (CA15)	4	0.0004067090	2255	229560	681506	1317	110085
BFS/TD brachy (CA15)	5	0.0006777090	3492	385996	1149692	2253	186036
BFS/TD brachy (CA15)	6	0.0009598330	4760	545405	1627730	3267	263736
BFS/TD brachy (CA15)	7	0.0011723330	5758	670122	1998632	3945	323934
BFS/TD brachy (CA15)	8	0.0014413340	6963	818218	2442623	4848	396066
BFS/TD brachy (CA15)	9	0.0017017080	8250	954928	2848415	5616	461934
BFS/TD brachy (CA15)	10	0.0019460420	9555	1113520	3321233	6534	538524
BFS/TD brachy (CA15)	11	0.0023536670	11409	1335333	3981833	7788	645765
BFS/TD brachy (CA15)	12	0.0027748750	13547	1586818	4733636	9255	767895
BFS/TD brachy (CA15)	13	0.0033057080	15748	1851213	5520665	10710	895500
BFS/TD brachy (CA15)	14	0.0039342500	18654	2205894	6578867	12786	1067331
BFS/TD brachy (CA15)	15	0.0046206250	21839	2596187	7741544	14919	1255935
BFS/TD brachy (CA15)	16	0.0055617920	26042	3101785	9251468	17883	1501245
BFS/TD brachy (CA15)	17	0.0064614590	30059	3592408	10717787	20730	1739481
BFS/TD brachy (CA15)	18	0.0073301670	34064	4081202	12175985	23550	1976070
BFS/TD brachy (CA15)	19	0.0084125410	38639	4656271	13892924	26871	2254863
BFS/TD brachy (CA15)	20	0.0095442910	43899	5256279	15683411	30444	2545878
BFS/TD brachy (CA15)	21	0.0105457920	48415	5824655	17377121	33504	2820621
BFS/TD brachy (CA15)	22	0.0117310830	53187	6485074	19364189	37932	3144243
BFS/TD brachy (CA15)	23	0.0122792920	55670	6760157	20181380	39303	3276243
BFS/TD brachy (CA15)	24	0.0131596670	60100	7271831	21707621	42516	3524139
BFS/TD brachy (CA15)	25	0.0139094580	63535	7662311	22877696	45003	3714333
BFS/TD brachy (CA15)	26	0.0143596250	65539	7888768	23555486	46635	3823392
BFS/TD brachy (CA15)	27	0.0148627090	66757	8210927	24542867	48822	3985419
BFS/TD brachy (CA15)	28	0.0139642910	62335	7765979	23245223	47706	3776277
BFS/TD brachy (CA15)	29	0.0116627500	52333	6487751	19410104	39519	3153033
BFS/TD brachy (CA15)	30	0.0099946670	45364	5560196	16632281	34026	2700876
BFS/TD brachy (CA15)	31	0.0088973340	40680	4947884	14795252	30165	2402274
BFS/TD brachy (CA15)	32	0.0081367500	37261	4527050	13533131	27498	2196933
BFS/TD brachy (CA15)	33	0.0076165000	35106	4246372	12695129	25980	2061003
BFS/TD brachy (CA15)	34	0.0069133330	31828	3859970	11544281	23790	1874508
BFS/TD brachy (CA15)	35	0.0061525830	28182	3401845	10168703	20748	1650876
BFS/TD brachy (CA15)	36	0.0056270420	25982	3126850	9345107	19146	1517253
BFS/TD brachy (CA15)	37	0.0050613330	23465	2812791	8406869	17286	1364826
BFS/TD brachy (CA15)	38	0.0046323340	21807	2562652	7652597	15552	1241721
BFS/TD brachy (CA15)	39	0.0046445000	21803	2589637	7732274	15543	1254924
BFS/TD brachy (CA15)	40	0.0046742090	22031	2611141	7796153	15678	1265346
BFS/TD brachy (CA15)	41	0.0047122090	21728	2600247	7768874	15711	1261038
BFS/TD brachy (CA15)	42	0.0044155420	20628	2477653	7407440	15279	1202853
BFS/TD brachy (CA15)	43	0.0038627920	18109	2155843	6442025	13170	1045788
BFS/TD brachy (CA15)	44	0.0035808330	16553	1988354	5944064	12159	965133
BFS/TD brachy (CA15)	45	0.0031240840	14330	1735115	5192189	10926	843642
BFS/TD brachy (CA15)	46	0.0023295410	10990	1291532	3857639	7968	626100
BFS/TD brachy (CA15)	47	0.0021896670	10189	1203501	3593936	7299	583443
BFS/TD brachy (CA15)	48	0.0019960840	9373	1117519	3339989	6864	542307
BFS/TD brachy (CA15)	49	0.0017987500	8275	990538	2960255	6060	480696
BFS/TD brachy (CA15)	50	0.0015985000	7402	882330	2635595	5352	427854
BFS/TD brachy (CA15)	51	0.0014449170	6787	817975	2445986	5043	397266
BFS/TD brachy (CA15)	52	0.0011951250	5372	677664	2030633	4218	330024
BFS/TD brachy (CA15)	53	0.0007237090	3268	430618	1298930	3099	211542
BFS/TD brachy (CA15)	54	0.0000911670	427	50884	153707	414	24975
BFS/TD branchless (CA15)	0	0.0000035410	14	215	1020	1	80
BFS/TD branchless (CA15)	1	0.0000368750	95	12151	66499	80	5968
BFS/TD branchless (CA15)	2	0.0001430000	316	48882	268019	300	24108
BFS/TD branchless (CA15)	3	0.0003357080	699	115060	631274	684	56817
BFS/TD branchless (CA15)	4	0.0006429580	1329	222868	1222919	1317	110085
BFS/TD branchless (CA15)	5	0.0010854170	2269	376652	2066804	2253	186036
BFS/TD branchless (CA15)	6	0.0015484580	3278	534077	2930630	3267	263736
BFS/TD branchless (CA15)	7	0.0019242090	3960	655845	3598910	3945	323934
BFS/TD branchless (CA15)	8	0.0023280410	4863	801913	4400489	4848	396066
BFS/TD branchless (CA15)	9	0.0027364590	5633	935195	5131949	5616	461934
BFS/TD branchless (CA15)	10	0.0031905000	6546	1090210	5982701	6534	538524
BFS/TD branchless (CA15)	11	0.0037977500	7799	1307203	7173638	7788	645765
BFS/TD branchless (CA15)	12	0.0045048340	9269	1554414	8530271	9255	767895
BFS/TD branchless (CA15)	13	0.0052982920	10723	1812547	9947021	10710	895500
BFS/TD branchless (CA15)	14	0.0063384580	12801	2160374	11855846	12786	1067331
BFS/TD branchless (CA15)	15	0.0074816250	14930	2541853	13949687	14919	1255935
BFS/TD branchless (CA15)	16	0.0089652920	17903	3038435	16674773	17883	1501245
BFS/TD branchless (CA15)	17	0.0103798750	20741	3520603	19320992	20730	1739481
BFS/TD branchless (CA15)	18	0.0118755420	23564	3999432	21948851	23550	1976070
BFS/TD branchless (CA15)	19	0.0135154580	26886	4563683	25045463	26871	2254863
BFS/TD branchless (CA15)	20	0.0152604170	30457	5152869	28278785	30444	2545878
BFS/TD branchless (CA15)	21	0.0169622910	33522	5708510	31328498	33504	2820621
BFS/TD branchless (CA15)	22	0.0188357500	37947	6364624	34928192	37932	3144243
BFS/TD branchless (CA15)	23	0.0196065830	39317	6631376	36392531	39303	3276243
BFS/TD branchless (CA15)	24	0.0212607500	42529	7133597	39148304	42516	3524139
BFS/TD branchless (CA15)	25	0.0223523340	45018	7518975	41262821	45003	3714333
BFS/TD branchless (CA15)	26	0.0230500000	46655	7740371	42477158	46635	3823392
BFS/TD branchless (CA15)	27	0.0239364580	48839	8068800	44279138	48822	3985419
BFS/TD branchless (CA15)	28	0.0226121670	47720	7648237	41968532	47706	3776277
BFS/TD branchless (CA15)	29	0.0188086250	39534	6385339	35039165	39519	3153033
BFS/TD branchless (CA15)	30	0.0161311660	34043	5470017	30016001	34026	2700876
BFS/TD branchless (CA15)	31	0.0143381250	30177	4865082	26696630	30165	2402274
BFS/TD branchless (CA15)	32	0.0131444590	27513	4449044	24413876	27498	2196933
BFS/TD branchless (CA15)	33	0.0123517920	25995	4174162	22904984	25980	2061003
BFS/TD branchless (CA15)	34	0.0112064590	23805	3796771	20833829	23790	1874508
BFS/TD branchless (CA15)	35	0.0099245420	20763	3343404	18346499	20748	1650876
BFS/TD branchless (CA15)	36	0.0090799590	19157	3072949	16862228	19146	1517253
BFS/TD branchless (CA15)	37	0.0081492910	17299	2764364	15168791	17286	1364826
BFS/TD branchless (CA15)	38	0.0074249580	15565	2514680	13799030	15552	1241721
BFS/TD branchless (CA15)	39	0.0074895830	15555	2541066	13944182	15543	1254924
BFS/TD branchless (CA15)	40	0.0075508330	15694	2562184	14060039	15678	1265346
BFS/TD branchless (CA15)	41	0.0075112920	15727	2553633	14012948	15711	1261038
BFS/TD branchless (CA15)	42	0.0071121250	15293	2436384	13369025	15279	1202853
BFS/TD branchless (CA15)	43	0.0062307090	13183	2118052	11622329	13170	1045788
BFS/TD branchless (CA15)	44	0.0057379590	12173	1954702	10726025	12159	965133
BFS/TD branchless (CA15)	45	0.0050695420	10943	1709234	9378527	10926	843642
BFS/TD branchless (CA15)	46	0.0037481250	7984	1268233	6958943	7968	626100
BFS/TD branchless (CA15)	47	0.0034982500	7314	1181578	6483695	7299	583443
BFS/TD branchless (CA15)	48	0.0032437500	6877	1098437	6027284	6864	542307
BFS/TD branchless (CA15)	49	0.0028754590	6073	973613	5342327	6060	480696
BFS/TD branchless (CA15)	50	0.0025542910	5364	866496	4754693	5352	427854
BFS/TD branchless (CA15)	51	0.0023456250	5056	804698	4415444	5043	397266
BFS/TD branchless (CA15)	52	0.0019334580	4231	668555	3668357	4218	330024
BFS/TD branchless (CA15)	53	0.0012087500	3112	429344	2354984	3099	211542
BFS/TD branchless (CA15)	54	0.0001445420	426	50839	278582	414	24975
