BFS/TD brachy (CA15)	0	0.0000021250	65	418	1276	1	13
BFS/TD brachy (CA15)	1	0.0000077080	156	958	1540	13	186
BFS/TD brachy (CA15)	2	0.0000218340	284	2483	4669	44	629
BFS/TD brachy (CA15)	3	0.0000422080	555	5162	9975	92	1378
BFS/TD brachy (CA15)	4	0.0000790420	896	9368	19554	187	2752
BFS/TD brachy (CA15)	5	0.0001315830	1387	15289	32156	307	4547
BFS/TD brachy (CA15)	6	0.0001947910	2089	23853	51198	495	7284
BFS/TD brachy (CA15)	7	0.0002900420	2884	34028	74358	727	10608
BFS/TD brachy (CA15)	8	0.0003968750	3943	45798	101686	1009	14521
BFS/TD brachy (CA15)	9	0.0005243750	5181	61526	136456	1337	19512
BFS/TD brachy (CA15)	10	0.0006981250	6912	81138	182142	1805	26067
BFS/TD brachy (CA15)	11	0.0009070000	8696	104547	236112	2341	33842
BFS/TD brachy (CA15)	12	0.0011722500	10816	131644	299718	2965	43053
BFS/TD brachy (CA15)	13	0.0014270830	12969	159145	366541	3646	52780
BFS/TD brachy (CA15)	14	0.0017091250	15355	188241	429034	4229	61773
BFS/TD brachy (CA15)	15	0.0020533340	17756	221003	509468	5051	73455
BFS/TD brachy (CA15)	16	0.0023715830	20376	254820	587296	5787	84719
BFS/TD brachy (CA15)	17	0.0027985840	23500	292181	675553	6692	97455
BFS/TD brachy (CA15)	18	0.0031693750	26403	333115	770357	7616	111147
BFS/TD brachy (CA15)	19	0.0036026250	30513	381374	880715	8700	127006
BFS/TD brachy (CA15)	20	0.0041663330	34794	437875	1015119	10062	146445
BFS/TD brachy (CA15)	21	0.0046946670	39612	499246	1156189	11440	166945
BFS/TD brachy (CA15)	22	0.0053360000	43954	558324	1302822	12857	188227
BFS/TD brachy (CA15)	23	0.0058731250	47825	622007	1462475	14404	211626
BFS/TD brachy (CA15)	24	0.0064399580	52005	684476	1611551	15738	233403
BFS/TD brachy (CA15)	25	0.0071406250	56677	745006	1768387	17340	256172
BFS/TD brachy (CA15)	26	0.0074486250	59937	798856	1917428	18791	278085
BFS/TD brachy (CA15)	27	0.0077437910	62469	850341	2050188	19917	297884
BFS/TD brachy (CA15)	28	0.0080562500	63846	885341	2153544	20875	313379
BFS/TD brachy (CA15)	29	0.0080965000	64685	896541	2191475	21316	319118
BFS/TD brachy (CA15)	30	0.0079119160	63455	883856	2170445	21198	316052
BFS/TD brachy (CA15)	31	0.0075908340	60835	859842	2130464	20805	310632
BFS/TD brachy (CA15)	32	0.0071920000	57635	818149	2037787	19824	297370
BFS/TD brachy (CA15)	33	0.0067428340	53620	766404	1919356	18755	280185
BFS/TD brachy (CA15)	34	0.0060937080	49499	702262	1765689	17330	257688
BFS/TD brachy (CA15)	35	0.0055417080	45615	644587	1619146	15865	236171
BFS/TD brachy (CA15)	36	0.0050739170	41996	601347	1520372	14801	222092
BFS/TD brachy (CA15)	37	0.0045592910	38519	550485	1390333	13620	203013
BFS/TD brachy (CA15)	38	0.0041665410	35940	498687	1258141	12386	183360
BFS/TD brachy (CA15)	39	0.0038732090	32548	457713	1162793	11594	169518
BFS/TD brachy (CA15)	40	0.0034193340	29274	409959	1039003	10302	151383
BFS/TD brachy (CA15)	41	0.0031293330	26588	372557	946589	9464	137881
BFS/TD brachy (CA15)	42	0.0028339580	24175	333343	843414	8499	122748
BFS/TD brachy (CA15)	43	0.0024644590	21608	298311	755269	7576	109903
BFS/TD brachy (CA15)	44	0.0021885000	19058	265578	680549	6884	99159
BFS/TD brachy (CA15)	45	0.0018521670	15811	226126	583240	5877	85176
BFS/TD brachy (CA15)	46	0.0015405410	13196	186708	479731	4790	70015
BFS/TD brachy (CA15)	47	0.0012414170	11002	157553	407673	4100	59533
BFS/TD brachy (CA15)	48	0.0009792910	8756	127870	335568	3361	49156
BFS/TD brachy (CA15)	49	0.0007032080	6146	93743	251908	2563	37029
BFS/TD brachy (CA15)	50	0.0004310410	3924	59368	159243	1634	23385
BFS/TD brachy (CA15)	51	0.0002614160	2225	35768	99257	1024	14649
BFS/TD brachy (CA15)	52	0.0001050410	949	16281	47227	504	7002
BFS/TD brachy (CA15)	53	0.0000297080	234	4249	12824	137	1898
BFS/TD brachy (CA15)	54	0.0000022920	38	536	1571	18	213
BFS/TD branchless (CA15)	0	0.0000023750	16	91	283	1	13
BFS/TD branchless (CA15)	1	0.0000100420	36	458	2294	13	186
BFS/TD branchless (CA15)	2	0.0000305000	91	1410	7446	44	629
BFS/TD branchless (CA15)	3	0.0000627080	184	3007	16117	92	1378
BFS/TD branchless (CA15)	4	0.0001167500	355	5949	32086	187	2752
BFS/TD branchless (CA15)	5	0.0001970420	569	9788	52911	307	4547
BFS/TD branchless (CA15)	6	0.0002943750	887	15645	84710	495	7284
BFS/TD branchless (CA15)	7	0.0004308330	1291	22765	123362	727	10608
BFS/TD branchless (CA15)	8	0.0005912080	1745	31166	168943	1009	14521
BFS/TD branchless (CA15)	9	0.0008342500	2356	41816	226796	1337	19512
BFS/TD branchless (CA15)	10	0.0010842500	3157	55879	303113	1805	26067
BFS/TD branchless (CA15)	11	0.0014117080	4076	72532	393462	2341	33842
BFS/TD branchless (CA15)	12	0.0018104580	5161	92234	500399	2965	43053
BFS/TD branchless (CA15)	13	0.0022810000	6429	113049	613525	3646	52780
BFS/TD branchless (CA15)	14	0.0027337500	7523	132234	717695	4229	61773
BFS/TD branchless (CA15)	15	0.0033624170	8950	157272	853595	5051	73455
BFS/TD branchless (CA15)	16	0.0038924590	10291	181276	984123	5787	84719
BFS/TD branchless (CA15)	17	0.0045548750	11885	208627	1132364	6692	97455
BFS/TD branchless (CA15)	18	0.0051832920	13512	237856	1291292	7616	111147
BFS/TD branchless (CA15)	19	0.0059105420	15410	271790	1475497	8700	127006
BFS/TD branchless (CA15)	20	0.0067257080	17784	313454	1701584	10062	146445
BFS/TD branchless (CA15)	21	0.0078872910	20263	357279	1939486	11440	166945
BFS/TD branchless (CA15)	22	0.0086482500	22881	402704	2186341	12857	188227
BFS/TD branchless (CA15)	23	0.0095114590	25458	452661	2457653	14404	211626
BFS/TD branchless (CA15)	24	0.0103009170	27771	498939	2709206	15738	233403
BFS/TD branchless (CA15)	25	0.0113142500	30317	547798	2974083	17340	256172
BFS/TD branchless (CA15)	26	0.0117679170	32809	594557	3228185	18791	278085
BFS/TD branchless (CA15)	27	0.0121180420	34689	636456	3456108	19917	297884
BFS/TD branchless (CA15)	28	0.0122912920	35859	669450	3635175	20875	313379
BFS/TD branchless (CA15)	29	0.0125965000	36278	681791	3702273	21316	319118
BFS/TD branchless (CA15)	30	0.0125046670	35836	675388	3667485	21198	316052
BFS/TD branchless (CA15)	31	0.0119395000	35240	663799	3604328	20805	310632
BFS/TD branchless (CA15)	32	0.0111339590	33350	635254	3449617	19824	297370
BFS/TD branchless (CA15)	33	0.0103278750	31215	598727	3250961	18755	280185
BFS/TD branchless (CA15)	34	0.0092463750	28795	550804	2990669	17330	257688
BFS/TD branchless (CA15)	35	0.0083716250	26223	504821	2740797	15865	236171
BFS/TD branchless (CA15)	36	0.0075754580	24173	474452	2576352	14801	222092
BFS/TD branchless (CA15)	37	0.0068343750	21989	433920	2355854	13620	203013
BFS/TD branchless (CA15)	38	0.0062335420	20175	392146	2128565	12386	183360
BFS/TD branchless (CA15)	39	0.0057192090	18813	362743	1969175	11594	169518
BFS/TD branchless (CA15)	40	0.0049995830	16749	323840	1758062	10302	151383
BFS/TD branchless (CA15)	41	0.0046134580	15438	295180	1601998	9464	137881
BFS/TD branchless (CA15)	42	0.0041495000	13786	262930	1426850	8499	122748
BFS/TD branchless (CA15)	43	0.0035964170	12196	235302	1277248	7576	109903
BFS/TD branchless (CA15)	44	0.0031965840	11019	212411	1152836	6884	99159
BFS/TD branchless (CA15)	45	0.0026975840	9374	182427	989960	5877	85176
BFS/TD branchless (CA15)	46	0.0022877500	7667	149870	813406	4790	70015
BFS/TD branchless (CA15)	47	0.0017670830	6486	127506	691894	4100	59533
BFS/TD branchless (CA15)	48	0.0014272500	5352	105247	571096	3361	49156
BFS/TD branchless (CA15)	49	0.0010353750	4007	79359	430517	2563	37029
BFS/TD branchless (CA15)	50	0.0005890420	2571	50182	272072	1634	23385
BFS/TD branchless (CA15)	51	0.0003522920	1593	31454	170486	1024	14649
BFS/TD branchless (CA15)	52	0.0001424580	767	15090	81689	504	7002
BFS/TD branchless (CA15)	53	0.0000377500	226	4150	22242	137	1898
BFS/TD branchless (CA15)	54	0.0000031250	38	521	2636	18	213
