BFS/TD brachy (CA15)	0	0.0000027500	60	486	1676	1	53
BFS/TD brachy (CA15)	1	0.0000155410	352	2741	5972	53	650
BFS/TD brachy (CA15)	2	0.0002244580	5616	52062	98091	366	12483
BFS/TD brachy (CA15)	3	0.0014004590	27458	320951	748447	4942	107133
BFS/TD brachy (CA15)	4	0.0023162500	39157	408576	1084105	15260	149947
BFS/TD brachy (CA15)	5	0.0010310420	20485	166469	469829	11738	58488
BFS/TD brachy (CA15)	6	0.0002152080	4891	37303	105135	3282	12139
BFS/TD brachy (CA15)	7	0.0000370420	941	6891	19637	658	2184
BFS/TD brachy (CA15)	8	0.0000065830	205	1181	3095	120	296
BFS/TD brachy (CA15)	9	0.0000016670	50	310	820	27	71
BFS/TD brachy (CA15)	10	0.0000009160	35	138	262	5	11
BFS/TD brachy (CA15)	11	0.0000008330	22	112	252	5	12
BFS/TD brachy (CA15)	12	0.0000005840	12	74	146	1	1
BFS/TD branchless (CA15)	0	0.0000025000	20	168	723	1	53
BFS/TD branchless (CA15)	1	0.0000185420	98	1478	7758	53	650
BFS/TD branchless (CA15)	2	0.0002008330	479	25779	140738	366	12483
BFS/TD branchless (CA15)	3	0.0017351250	5979	224336	1223072	4942	107133
BFS/TD branchless (CA15)	4	0.0033701670	18378	330901	1786888	15260	149947
BFS/TD branchless (CA15)	5	0.0016248340	13003	141587	749141	11738	58488
BFS/TD branchless (CA15)	6	0.0003386250	3278	31605	163198	3282	12139
BFS/TD branchless (CA15)	7	0.0000595000	612	5907	30077	658	2184
BFS/TD branchless (CA15)	8	0.0000100000	118	933	4467	120	296
BFS/TD branchless (CA15)	9	0.0000028750	50	273	1155	27	71
BFS/TD branchless (CA15)	10	0.0000012920	20	86	297	5	11
BFS/TD branchless (CA15)	11	0.0000010830	14	93	308	5	12
BFS/TD branchless (CA15)	12	0.0000005420	12	60	151	1	1
