BFS/TD brachy (CA15)	0	0.0000023330	56	430	1426	1	28
BFS/TD brachy (CA15)	1	0.0000084580	158	1481	3621	28	363
BFS/TD brachy (CA15)	2	0.0001094590	3290	28843	54586	265	6865
BFS/TD brachy (CA15)	3	0.0006887910	16178	171889	390237	2720	54497
BFS/TD brachy (CA15)	4	0.0012948750	27794	276844	716700	9661	98362
BFS/TD brachy (CA15)	5	0.0007812090	18998	155699	432519	9862	54715
BFS/TD brachy (CA15)	6	0.0002164590	6222	43412	121980	3835	13927
BFS/TD brachy (CA15)	7	0.0000435000	1356	9681	27752	943	3083
BFS/TD brachy (CA15)	8	0.0000072080	257	1543	4202	159	414
BFS/TD brachy (CA15)	9	0.0000020410	73	405	1060	39	93
BFS/TD brachy (CA15)	10	0.0000008330	22	111	258	5	13
BFS/TD brachy (CA15)	11	0.0000005830	13	80	152	1	2
BFS/TD branchless (CA15)	0	0.0000019160	14	121	448	1	28
BFS/TD branchless (CA15)	1	0.0000110840	56	844	4376	28	363
BFS/TD branchless (CA15)	2	0.0001097080	360	14338	78031	265	6865
BFS/TD branchless (CA15)	3	0.0008099580	3343	114588	624078	2720	54497
BFS/TD branchless (CA15)	4	0.0017942090	11681	216413	1169062	9661	98362
BFS/TD branchless (CA15)	5	0.0011600840	11237	129918	690754	9862	54715
BFS/TD branchless (CA15)	6	0.0003283750	3927	36366	187843	3835	13927
BFS/TD branchless (CA15)	7	0.0000695410	902	8323	42531	943	3083
BFS/TD branchless (CA15)	8	0.0000102920	133	1239	6116	159	414
BFS/TD branchless (CA15)	9	0.0000032910	39	336	1505	39	93
BFS/TD branchless (CA15)	10	0.0000007080	16	93	319	5	13
BFS/TD branchless (CA15)	11	0.0000005830	11	65	162	1	2
