BFS/TD brachy (CA15)	0	0.0000068750	50	293	1176	1	3
BFS/TD brachy (CA15)	1	0.0000070830	35	139	286	3	14
BFS/TD brachy (CA15)	2	0.0000111250	63	230	472	11	29
BFS/TD brachy (CA15)	3	0.0000149170	98	374	824	17	66
BFS/TD brachy (CA15)	4	0.0000213750	159	581	1291	36	112
BFS/TD brachy (CA15)	5	0.0000244160	187	679	1520	41	128
BFS/TD brachy (CA15)	6	0.0000284580	215	821	1960	63	163
BFS/TD brachy (CA15)	7	0.0000327920	249	1003	2334	71	204
BFS/TD brachy (CA15)	8	0.0000415420	307	1230	2752	85	244
BFS/TD brachy (CA15)	9	0.0000485000	372	1418	3203	98	277
BFS/TD brachy (CA15)	10	0.0000642080	484	1911	4227	132	364
BFS/TD brachy (CA15)	11	0.0000917080	709	2782	6168	181	554
BFS/TD brachy (CA15)	12	0.0001341250	1021	4141	9034	271	828
BFS/TD brachy (CA15)	13	0.0001704170	1282	5321	11935	374	1073
BFS/TD brachy (CA15)	14	0.0002068750	1503	6636	15143	500	1370
BFS/TD brachy (CA15)	15	0.0002395000	1806	7557	17512	573	1618
BFS/TD brachy (CA15)	16	0.0002422080	1827	7679	18162	629	1675
BFS/TD brachy (CA15)	17	0.0002163750	1630	6883	16039	580	1476
BFS/TD brachy (CA15)	18	0.0001523340	1071	4889	11777	458	1044
BFS/TD brachy (CA15)	19	0.0001030830	740	3234	7900	315	693
BFS/TD brachy (CA15)	20	0.0000650000	461	2028	5069	194	442
BFS/TD brachy (CA15)	21	0.0000432910	303	1367	3516	135	317
BFS/TD brachy (CA15)	22	0.0000265410	188	844	2130	67	198
BFS/TD brachy (CA15)	23	0.0000207920	137	647	1693	52	161
BFS/TD brachy (CA15)	24	0.0000134580	83	360	963	32	82
BFS/TD brachy (CA15)	25	0.0000081670	40	191	480	13	34
BFS/TD brachy (CA15)	26	0.0000062920	27	127	304	7	17
BFS/TD brachy (CA15)	27	0.0000047500	14	69	161	2	2
BFS/TD branchless (CA15)	0	0.0000060420	18	62	173	1	3
BFS/TD branchless (CA15)	1	0.0000066250	17	88	312	3	14
BFS/TD branchless (CA15)	2	0.0000084170	33	141	549	11	29
BFS/TD branchless (CA15)	3	0.0000111250	42	224	1010	17	66
BFS/TD branchless (CA15)	4	0.0000154590	64	365	1687	36	112
BFS/TD branchless (CA15)	5	0.0000181250	67	414	1908	41	128
BFS/TD branchless (CA15)	6	0.0000214580	95	534	2491	63	163
BFS/TD branchless (CA15)	7	0.0000257500	119	640	3014	71	204
BFS/TD branchless (CA15)	8	0.0000317500	122	742	3580	85	244
BFS/TD branchless (CA15)	9	0.0000362500	151	840	4060	98	277
BFS/TD branchless (CA15)	10	0.0000732500	161	1085	5323	132	364
BFS/TD branchless (CA15)	11	0.0000688750	206	1569	7854	181	554
BFS/TD branchless (CA15)	12	0.0002967910	333	2319	11678	271	828
BFS/TD branchless (CA15)	13	0.0001326250	411	3032	15300	374	1073
BFS/TD branchless (CA15)	14	0.0001657080	524	3925	19701	500	1370
BFS/TD branchless (CA15)	15	0.0002129580	653	4611	23086	573	1618
BFS/TD branchless (CA15)	16	0.0001985420	720	4847	24217	629	1675
BFS/TD branchless (CA15)	17	0.0001975420	625	4356	21587	580	1476
BFS/TD branchless (CA15)	18	0.0001370000	462	3217	15737	458	1044
BFS/TD branchless (CA15)	19	0.0000960410	313	2185	10589	315	693
BFS/TD branchless (CA15)	20	0.0000782920	191	1391	6739	194	442
BFS/TD branchless (CA15)	21	0.0000391670	147	1001	4833	135	317
BFS/TD branchless (CA15)	22	0.0000215420	85	601	2912	67	198
BFS/TD branchless (CA15)	23	0.0000182080	71	497	2370	52	161
BFS/TD branchless (CA15)	24	0.0000128330	56	302	1321	32	82
BFS/TD branchless (CA15)	25	0.0000078330	24	156	622	13	34
BFS/TD branchless (CA15)	26	0.0000065830	20	105	381	7	17
BFS/TD branchless (CA15)	27	0.0000050000	11	68	171	2	2
