Algorithm	Implementation	Iteration	Time	Cycles	Instructions	Stall.ROB	Stall.RAT	Stall.MEC	Stall.AnyRS	Loads.RehabQ	Stores.RehabQ	Loads.Retired	Stores.Retired	Branches	Mispredictions	Vertices	Edges
BFS/TD	Branch-based	0	1350	3020	361	787	975	294	1014	20	11	78	68	73	6	1	31
BFS/TD	Branch-based	1	5120	13379	8788	1656	4631	3072	3667	107	17	2466	124	2431	51	31	1180
BFS/TD	Branch-based	2	8710	20439	18103	3130	6374	3758	5718	218	18	5110	174	5047	78	59	2460
BFS/TD	Branch-based	3	12390	29900	26466	4203	8816	6273	9461	323	13	7497	188	7409	112	84	3616
BFS/TD	Branch-based	4	13490	32833	30323	4530	9514	7330	10098	363	24	8582	230	8487	120	91	4148
BFS/TD	Branch-based	5	16360	39743	37694	5014	10711	8108	11530	447	21	10661	300	10545	152	112	5156
BFS/TD	Branch-based	6	22450	53254	49566	7102	17741	13072	17456	588	36	14028	370	13877	191	147	6787
BFS/TD	Branch-based	7	25720	63489	61438	7882	19250	14920	18921	738	30	17395	440	17209	237	182	8418
BFS/TD	Branch-based	8	33130	77967	73611	9470	23937	19624	25647	864	26	20860	482	20639	287	217	10098
BFS/TD	Branch-based	9	34410	82401	80576	8742	25747	22305	26667	969	34	22841	510	22599	300	238	11057
BFS/TD	Branch-based	10	35791	85773	86449	9237	23669	20805	22950	984	22	24497	566	24241	334	252	11864
BFS/TD	Branch-based	11	62540	93543	94485	10457	28183	22824	26708	1102	36	26779	608	26495	353	280	12963
BFS/TD	Branch-based	12	42990	104798	106525	14055	26671	21433	26969	1226	50	30156	762	29851	393	301	14620
BFS/TD	Branch-based	13	52720	128159	130528	13620	32913	27902	33432	1512	48	36971	888	36589	486	378	17912
BFS/TD	Branch-based	14	61500	148049	153502	16796	39500	31889	39783	1715	57	43478	1042	43033	555	441	21071
BFS/TD	Branch-based	15	71761	171682	179109	18953	46243	38134	46183	2038	120	50685	1322	50163	648	518	24559
BFS/TD	Branch-based	16	88460	210294	226407	21587	55754	48756	54637	2556	100	64153	1476	63491	797	658	31083
BFS/TD	Branch-based	17	97640	238245	252832	26602	59909	49731	60536	2819	101	71654	1616	70915	897	735	34718
BFS/TD	Branch-based	18	108411	257832	281399	30666	61824	51119	62282	3140	151	79712	1882	78903	981	805	38642
BFS/TD	Branch-based	19	130110	309943	328173	42824	79919	67066	80731	3691	245	92879	2386	91937	1145	938	45026
BFS/TD	Branch-based	20	168721	409358	418550	51920	109411	89951	106855	4660	207	118443	3072	117249	1458	1190	57430
BFS/TD	Branch-based	21	215440	513606	532244	60286	140969	113903	139480	5984	275	150634	3870	149098	1857	1533	73011
BFS/TD	Branch-based	22	270551	648987	671075	76933	177155	145905	176484	7474	319	189943	4836	188007	2344	1932	92067
BFS/TD	Branch-based	23	333631	801056	834175	101444	210835	174755	206142	9252	269	236408	5312	233989	2980	2415	114575
BFS/TD	Branch-based	24	374942	905299	913310	116910	250196	214235	244147	10276	274	258968	5508	256311	3220	2653	125498
BFS/TD	Branch-based	25	383551	929876	948086	126209	241946	199722	254372	10550	303	268852	5662	266097	3335	2751	130293
BFS/TD	Branch-based	26	397851	958007	973216	126645	258674	212338	260196	10885	338	276073	5592	273241	3380	2828	133788
BFS/TD	Branch-based	27	403802	969730	966076	134404	264279	218801	268621	10754	306	273956	5760	271159	3394	2793	132782
BFS/TD	Branch-based	28	423171	1017906	1009364	142200	271872	226965	270108	11273	339	286138	6222	283257	3552	2877	138747
BFS/TD	Branch-based	29	510992	1099768	1075977	155160	303496	245232	303859	12177	273	305260	6096	302145	3798	3108	147960
BFS/TD	Branch-based	30	457931	1087071	1059806	163906	304171	242471	303035	12012	351	300514	6362	297465	3693	3045	145683
BFS/TD	Branch-based	31	467622	1138521	1107707	174890	302493	248916	309439	12433	278	314171	6474	310990	3926	3178	152312
BFS/TD	Branch-based	32	488931	1175662	1128966	183485	333004	261176	334645	12765	312	320181	6642	316943	3938	3234	155233
BFS/TD	Branch-based	33	502402	1206516	1154593	188090	332482	261452	333312	13102	376	327419	6866	324097	4051	3318	158726
BFS/TD	Branch-based	34	524662	1260526	1207541	205812	349317	275832	351495	13957	397	342353	7356	338919	4157	3430	166025
BFS/TD	Branch-based	35	554422	1338156	1279655	211545	365489	294242	370974	14676	513	362836	7720	359157	4436	3675	175899
BFS/TD	Branch-based	36	591252	1434323	1346176	226044	392248	312913	392173	15465	493	381763	7972	377899	4659	3857	185088
BFS/TD	Branch-based	37	634992	1469494	1377474	228050	416772	327283	416330	15707	441	390804	7776	386817	4797	3983	189421
BFS/TD	Branch-based	38	587762	1420216	1347541	225580	394008	306604	386547	15380	396	382376	7454	378488	4678	3885	185354
BFS/TD	Branch-based	39	562472	1356826	1281195	233081	377283	288027	373335	14700	362	363595	6992	359867	4488	3724	176205
BFS/TD	Branch-based	40	551531	1327924	1224796	228046	377073	293068	374256	14281	454	347292	7356	343795	4240	3493	168400
BFS/TD	Branch-based	41	572412	1385566	1283176	238441	389489	296774	391772	14772	470	363692	8070	360013	4482	3675	176327
BFS/TD	Branch-based	42	638513	1534420	1409596	263355	434454	334606	437819	16344	448	399623	8630	395587	4909	4032	193757
BFS/TD	Branch-based	43	697122	1622037	1507744	284763	450302	342925	442059	17369	503	427396	9358	423077	5283	4312	207222
BFS/TD	Branch-based	44	737242	1763443	1637327	305116	494180	386514	500737	18784	531	464163	10072	459484	5741	4676	225061
BFS/TD	Branch-based	45	777983	1855629	1744840	313665	512629	400806	511547	19930	490	494878	10198	489841	6163	5033	239883
BFS/TD	Branch-based	46	793273	1886026	1780050	313247	522826	415753	528895	20337	549	504815	10506	499715	6262	5096	244757
BFS/TD	Branch-based	47	802932	1938690	1819621	328318	532730	419648	538012	20841	475	516263	10226	511009	6407	5250	250250
BFS/TD	Branch-based	48	792813	1906651	1778147	328730	522236	405280	525653	20433	515	504390	10240	499273	6289	5110	244522
BFS/TD	Branch-based	49	856813	1942190	1788667	333475	551363	424346	553829	20607	492	507382	10268	502262	6270	5117	246009
BFS/TD	Branch-based	50	804522	1928584	1787386	331398	542136	423142	543801	20752	448	507102	10072	501967	6261	5131	245848
BFS/TD	Branch-based	51	794083	1903926	1763999	329873	531153	413250	530674	20431	590	500046	10912	495009	6236	5033	242467
BFS/TD	Branch-based	52	852113	2054881	1902179	348711	578254	438667	571663	21861	593	539298	11584	533841	6712	5453	261463
BFS/TD	Branch-based	53	925523	2157328	2015230	365935	610307	467073	605525	23183	621	571511	11906	565715	7082	5789	277064
BFS/TD	Branch-based	54	925863	2216777	2078425	383390	614589	471045	611705	23734	622	589383	12382	583430	7257	5950	285760
BFS/TD	Branch-based	55	970043	2327084	2158610	408127	637169	496530	643892	24875	630	612261	12536	606069	7523	6188	296842
BFS/TD	Branch-based	56	974904	2340261	2169761	408871	644618	505118	635847	25091	561	615548	12326	609279	7566	6265	298370
BFS/TD	Branch-based	57	984333	2317286	2136547	402048	660221	506138	658204	24854	595	606208	11948	600041	7463	6160	293856
BFS/TD	Branch-based	58	938573	2246359	2083101	399208	617945	477032	618814	24215	537	591046	11626	585072	7321	5971	286560
BFS/TD	Branch-based	59	927543	2226577	2031560	391724	635782	491135	633301	23767	575	576381	11430	570567	7131	5810	279469
BFS/TD	Branch-based	60	915343	2195204	1994859	390385	632070	488701	636488	23469	693	565821	11570	560105	6967	5712	274336
BFS/TD	Branch-based	61	920903	2211226	2021719	397217	620890	475507	616301	23589	638	573268	12130	567479	7114	5782	277953
BFS/TD	Branch-based	62	1005984	2293138	2117128	406573	640270	497370	638975	24290	616	600373	12578	594308	7446	6062	291087
BFS/TD	Branch-based	63	997353	2407682	2196095	422243	674068	526156	678977	25545	693	622721	13152	616431	7706	6286	301925
BFS/TD	Branch-based	64	1052353	2536960	2300479	449777	720166	560190	717380	26805	699	652310	13796	645733	8079	6573	316289
BFS/TD	Branch-based	65	1089674	2616721	2402729	468081	731984	559398	732794	27812	662	681351	14314	674449	8469	6895	330325
BFS/TD	Branch-based	66	1154654	2705617	2492825	477237	757601	587392	755958	28872	695	707013	14580	699856	8758	7154	342769
BFS/TD	Branch-based	67	1142694	2741531	2534951	468921	778713	592602	773176	29343	678	718954	14846	711663	8916	7287	348540
BFS/TD	Branch-based	68	1152964	2772375	2578555	473066	759710	594848	765644	29888	789	731512	14664	724085	8989	7420	354618
BFS/TD	Branch-based	69	1178404	2789360	2552206	491323	788449	618009	781318	29753	792	724118	14314	716786	8875	7329	351059
BFS/TD	Branch-based	70	1133013	2711533	2486609	481753	762514	585020	766179	29124	728	705495	13978	698337	8652	7154	342010
BFS/TD	Branch-based	71	1102634	2646125	2417211	472457	745866	572037	740216	28434	643	685859	13474	678869	8543	6986	332444
BFS/TD	Branch-based	72	1064964	2554638	2327185	446585	729879	563199	729007	27200	589	660206	13236	653465	8230	6734	319994
BFS/TD	Branch-based	73	1092303	2512535	2310818	458450	691731	528095	688275	26932	696	655492	13278	648874	8038	6615	317817
BFS/TD	Branch-based	74	1045724	2507585	2301221	445550	698185	541004	701619	26953	714	652819	13124	646179	8072	6636	316449
BFS/TD	Branch-based	75	1032823	2482974	2279941	442942	685790	533207	691293	26709	711	646845	12858	640279	7952	6559	313576
BFS/TD	Branch-based	76	1021424	2444918	2242184	442931	689488	536146	687126	26286	690	635951	13054	629522	7802	6426	308330
BFS/TD	Branch-based	77	1047353	2455320	2250569	422761	695465	544125	689298	26132	672	638619	12452	632091	7888	6524	309517
BFS/TD	Branch-based	78	989823	2366955	2175354	420717	668427	508234	660760	25606	636	617002	12648	610775	7628	6223	299160
BFS/TD	Branch-based	79	998674	2402358	2190075	420564	672463	513068	674739	25728	641	621201	12704	614873	7682	6321	301111
BFS/TD	Branch-based	80	1028043	2420904	2219056	428855	681903	518555	672875	25778	686	629164	13446	622812	7794	6349	305052
BFS/TD	Branch-based	81	1053874	2528498	2334996	441500	705917	555700	701820	27226	806	662163	13866	655439	8247	6720	320995
BFS/TD	Branch-based	82	1100053	2634511	2418709	450515	750932	581717	759660	28189	745	685799	14594	678865	8494	6930	332498
BFS/TD	Branch-based	83	1137664	2735297	2515331	479967	764541	593921	764272	29336	711	713706	14020	706405	8809	7294	345904
BFS/TD	Branch-based	84	1173644	2701472	2453716	485785	763468	585787	765019	28784	759	695704	14846	688694	8610	7007	337335
BFS/TD	Branch-based	85	1172694	2812332	2591091	489824	787832	612071	791990	30323	817	734677	15630	727253	9148	7420	356202
BFS/TD	Branch-based	86	1226394	2952780	2703518	495282	839993	653792	844946	31575	776	766870	15602	759051	9586	7812	371709
BFS/TD	Branch-based	87	1260744	2972845	2718954	515764	837527	647357	837482	31669	848	771011	16218	763210	9620	7798	373802
BFS/TD	Branch-based	88	1260285	3037976	2780602	515045	866223	672491	866711	32345	793	788675	16204	780565	9948	8106	382172
BFS/TD	Branch-based	89	1269434	3046233	2814944	514284	858022	671654	857119	32619	878	798411	16386	790305	9938	8099	387049
BFS/TD	Branch-based	90	1300314	3067078	2831346	523080	876893	679198	871559	33058	824	803341	15840	795148	9911	8190	389379
BFS/TD	Branch-based	91	1251964	3006432	2761086	525724	850871	667659	848931	32413	807	783096	16148	775175	9675	7917	379666
BFS/TD	Branch-based	92	1275025	3068977	2809323	533128	866193	678062	867154	33081	733	796969	15994	788891	9898	8071	386370
BFS/TD	Branch-based	93	1261614	3022508	2790004	522264	857580	659035	856914	32602	874	791279	16358	783282	9785	7994	383642
BFS/TD	Branch-based	94	1341434	3105070	2846654	537819	886936	691763	885941	33281	963	807485	16372	799305	9954	8176	391472
BFS/TD	Branch-based	95	1297485	3110724	2846136	552863	871691	675478	874838	33503	938	807056	17030	798869	9979	8183	391247
BFS/TD	Branch-based	96	1345694	3226426	2965354	562742	914922	712514	915939	34747	1009	841030	17352	832512	10403	8512	407739
BFS/TD	Branch-based	97	1385555	3269286	3014087	569011	917451	716524	912128	35269	954	854728	17926	846051	10615	8673	414348
BFS/TD	Branch-based	98	1403914	3366652	3130371	575622	940210	736970	932087	36318	943	887966	17996	878999	10926	8960	430535
BFS/TD	Branch-based	99	1401655	3353422	3118976	574577	955172	743494	944653	36350	935	884814	17758	875816	11011	8995	428908
BFS/TD	Branch-based	100	1416195	3351791	3094209	562650	965052	754565	959564	36095	867	877763	17660	868883	10811	8876	425561
BFS/TD	Branch-based	101	1380654	3309565	3066203	559553	939505	734077	939155	35803	786	869877	17380	861043	10803	8827	421690
BFS/TD	Branch-based	102	1413905	3282603	3023754	556210	935163	740078	935417	35415	811	857900	16974	849210	10573	8687	415913
BFS/TD	Branch-based	103	1345425	3222646	2955791	560449	917860	707750	921435	34680	896	838441	17002	829953	10375	8484	406488
BFS/TD	Branch-based	104	1344574	3223727	2974048	556306	905430	708519	908409	34702	947	843308	17828	834803	10436	8498	408899
BFS/TD	Branch-based	105	1430075	3375812	3093159	574617	966472	755241	965400	36105	870	877528	17520	868614	10875	8911	425391
BFS/TD	Branch-based	106	1397305	3349171	3063423	569170	967766	746527	962785	36103	845	868848	17898	860087	10758	8757	421282
BFS/TD	Branch-based	107	1407364	3379358	3102092	583349	964602	748361	962053	36351	866	880136	17408	871183	10929	8946	426641
BFS/TD	Branch-based	108	1403565	3327025	3032525	582085	960878	743445	959135	35757	825	860336	17142	851632	10605	8701	417110
BFS/TD	Branch-based	109	1360934	3260389	2977673	577551	923132	721923	922209	35384	813	844915	16512	836343	10426	8568	409599
BFS/TD	Branch-based	110	1331125	3199572	2891259	576270	915018	708436	910875	34528	909	820201	16470	811942	10067	8253	397713
BFS/TD	Branch-based	111	1371474	3160531	2876866	567108	894933	690658	904801	33977	898	815915	16862	807679	10079	8232	395603
BFS/TD	Branch-based	112	1346805	3232828	2938277	569061	924824	716743	924817	34705	920	833213	17506	824781	10327	8428	403958
BFS/TD	Branch-based	113	1385715	3326400	3054387	579022	937648	729903	932517	35670	938	866172	18122	857416	10772	8750	419953
BFS/TD	Branch-based	114	1463934	3450913	3145253	601393	986873	759988	988076	37098	927	892349	17716	883287	11037	9058	432581
BFS/TD	Branch-based	115	1402665	3388981	3089323	586827	967220	744153	960333	36709	977	876445	17478	867583	10754	8855	424932
BFS/TD	Branch-based	116	1377865	3297776	3021991	578777	936162	721877	929638	35631	799	857637	16428	848898	10515	8736	415708
BFS/TD	Branch-based	117	1316714	3106013	2835314	548504	873139	683100	872437	33452	783	804436	15938	796221	10045	8211	389895
BFS/TD	Branch-based	118	1284144	3077420	2804962	541449	877420	685795	874029	32981	825	795390	16736	787417	9845	7966	385738
BFS/TD	Branch-based	119	1318505	3157626	2907884	560118	884566	686596	890385	34173	917	824868	16694	816500	10230	8365	399880
BFS/TD	Branch-based	120	1367044	3158577	2916395	548506	893052	703044	899523	33998	841	827105	17142	818757	10193	8344	401030
BFS/TD	Branch-based	121	1339785	3226828	2985716	559178	896985	704081	892431	34926	924	846712	17688	838137	10507	8568	410496
BFS/TD	Branch-based	122	1368244	3296602	3062395	552686	946341	735672	939299	35703	867	868884	17156	860040	10704	8841	421174
BFS/TD	Branch-based	123	1378555	3239318	2994102	561291	917112	708811	918637	35128	834	849262	17324	840683	10493	8575	411762
BFS/TD	Branch-based	124	1343645	3232226	2988349	550974	915899	715600	910577	34993	845	848245	15896	839579	10430	8659	411126
BFS/TD	Branch-based	125	1247144	2992819	2750320	514373	835139	653970	836564	32419	669	780528	14972	772580	9648	7945	378340
BFS/TD	Branch-based	126	1202314	2836433	2600779	482652	804700	630611	806092	30872	751	738048	14244	730561	9098	7483	357793
BFS/TD	Branch-based	127	1121863	2692827	2482073	460366	773239	604354	770372	29348	784	704311	13712	697185	8600	7119	341469
BFS/TD	Branch-based	128	1086324	2592222	2384151	457963	727258	570415	726283	28023	629	676406	13446	669550	8328	6853	327917
BFS/TD	Branch-based	129	1108454	2548363	2342430	439861	720443	564540	724128	27524	676	664611	13110	657887	8160	6720	322219
BFS/TD	Branch-based	130	1039853	2494412	2284729	438535	709120	559550	709931	26917	664	648077	13166	641521	7996	6552	314204
BFS/TD	Branch-based	131	1045294	2520991	2297176	439252	720040	568313	716756	26996	748	651538	13404	644951	8050	6580	315891
BFS/TD	Branch-based	132	1046103	2520864	2296328	429361	719970	564961	723196	27330	616	651478	13012	644776	8173	6699	315684
BFS/TD	Branch-based	133	1039874	2434862	2244262	428868	693222	536466	686420	26655	695	636730	12648	630223	7910	6503	308604
BFS/TD	Branch-based	134	997923	2392903	2191328	411930	685144	533760	683929	25841	525	621802	12130	615477	7762	6321	301413
BFS/TD	Branch-based	135	968193	2324792	2118333	405812	660089	519556	659596	25092	598	600816	12354	594747	7429	6062	291307
BFS/TD	Branch-based	136	981974	2355438	2150070	406638	671527	530065	669106	25178	617	609867	12424	603690	7520	6174	295666
BFS/TD	Branch-based	137	1009823	2390995	2166954	418323	690228	529409	690422	25370	611	614606	12634	608393	7667	6209	297983
BFS/TD	Branch-based	138	1008393	2412494	2198496	424007	687357	534075	685169	25885	674	623531	12872	617213	7708	6314	302288
BFS/TD	Branch-based	139	1013094	2438844	2238957	429767	681874	529983	676853	26141	587	635021	13082	628581	7966	6433	307853
BFS/TD	Branch-based	140	1050513	2521514	2295523	456229	716960	556696	718856	26968	730	650901	13768	644360	8047	6538	315637
BFS/TD	Branch-based	141	1133534	2606856	2396785	460238	730998	575611	735841	27945	706	679762	14048	672877	8451	6881	329553
BFS/TD	Branch-based	142	1117284	2687321	2448991	469422	745450	580055	757805	28726	733	694602	14272	687577	8559	7021	336763
BFS/TD	Branch-based	143	1127703	2698754	2488157	466393	758980	595896	762354	29052	690	705886	14090	698750	8743	7133	342237
BFS/TD	Branch-based	144	1117024	2674494	2449775	469507	756391	583068	747336	28622	666	695015	13838	687969	8570	7042	336938
BFS/TD	Branch-based	145	1126194	2643978	2421495	469070	743642	579477	753409	28188	692	686755	14216	679835	8533	6916	332997
BFS/TD	Branch-based	146	1133664	2715604	2477139	476388	775389	603165	772255	28808	650	702725	14118	695613	8702	7105	340697
BFS/TD	Branch-based	147	1124414	2695974	2461997	474833	762887	598150	763898	29034	643	698263	14412	691204	8668	7056	338541
BFS/TD	Branch-based	148	1159863	2736741	2510326	476167	776028	611965	777757	29409	775	712032	14552	704825	8787	7203	345205
BFS/TD	Branch-based	149	1143084	2756353	2535910	481374	778532	604865	771950	29869	815	719553	14090	712273	8796	7273	348859
BFS/TD	Branch-based	150	1119084	2676720	2450078	469065	757127	593219	757901	28777	723	695113	13810	688068	8594	7042	336987
BFS/TD	Branch-based	151	1091864	2618415	2404975	461500	733346	575788	737696	28486	635	682429	13292	675523	8377	6902	330855
BFS/TD	Branch-based	152	1100283	2535237	2322788	441536	711260	559836	711821	27470	574	659042	12984	652395	8131	6643	319550
BFS/TD	Branch-based	153	1027824	2469850	2251683	433713	704728	549272	700572	26552	636	638899	12536	632403	7835	6489	309708
BFS/TD	Branch-based	154	982383	2362313	2177720	416547	669180	510967	661217	25678	585	618092	11696	611824	7596	6265	299642
BFS/TD	Branch-based	155	922383	2216432	2039078	378405	632626	491203	631437	24035	472	578570	11346	572721	7111	5845	280511
BFS/TD	Branch-based	156	909963	2120321	1971367	364658	601946	468426	595144	23189	516	559481	10688	553807	6827	5670	271229
BFS/TD	Branch-based	157	837983	2004619	1867509	346037	560893	441905	558880	21705	482	529853	10478	524505	6521	5341	256907
BFS/TD	Branch-based	158	815733	1958574	1809198	332720	551397	434081	549079	21248	461	513673	9316	508434	6258	5236	248976
BFS/TD	Branch-based	159	736352	1770229	1626050	310229	499929	388977	497843	19258	457	461544	8658	456885	5553	4655	223783
BFS/TD	Branch-based	160	688122	1645499	1517466	291407	465457	358080	458674	17841	499	430443	8728	426113	5250	4326	208726
BFS/TD	Branch-based	161	696503	1622212	1503753	287226	444308	349005	453181	17767	441	426656	8434	422291	5302	4361	206780
BFS/TD	Branch-based	162	668552	1610305	1476950	274959	453094	356955	453675	17432	402	419061	8238	414843	5151	4214	203203
BFS/TD	Branch-based	163	636662	1526052	1423128	257441	427698	337199	426704	16780	367	403972	7538	399849	4989	4116	195804
BFS/TD	Branch-based	164	584012	1402002	1309573	238807	392522	313019	399851	15497	313	371769	6852	368000	4550	3766	180229
BFS/TD	Branch-based	165	534132	1282580	1192281	210739	377249	295838	372377	13979	296	338400	6404	334973	4137	3423	164059
BFS/TD	Branch-based	166	488841	1176682	1105943	198477	334705	260644	332060	13073	277	313970	5774	310767	3861	3199	152180
BFS/TD	Branch-based	167	449202	1085782	1017064	170633	315791	257443	317149	12249	296	288567	5690	285679	3495	2884	139951
BFS/TD	Branch-based	168	474142	1023818	994342	157476	276011	220343	283969	11682	311	282057	5718	279211	3464	2842	136759
BFS/TD	Branch-based	169	424331	1015096	989764	143121	290974	238204	283067	11658	275	280895	5382	278035	3479	2856	136157
BFS/TD	Branch-based	170	387661	955061	939672	121230	268992	219245	262200	11074	186	266814	4794	264119	3210	2688	129367
BFS/TD	Branch-based	171	333411	809652	827295	95184	218924	190107	222024	9493	156	234961	4094	232563	2882	2394	113883
BFS/TD	Branch-based	172	283131	679679	703429	73584	190475	159732	194009	8151	163	199821	3394	197773	2428	2044	96838
BFS/TD	Branch-based	173	233621	561903	587621	59517	158699	137615	156517	6726	148	166935	2806	165237	2003	1694	80920
BFS/TD	Branch-based	174	183641	437974	481207	39495	118999	102020	117050	5720	101	136849	1966	135446	1638	1400	66318
BFS/TD	Branch-based	175	125740	299761	334662	25035	82641	72410	83152	4117	32	95465	692	94481	1070	980	46256
BFS/TD	Branch-based	176	41340	99222	113721	8218	29091	20688	25257	1490	5	32500	104	32153	366	343	15729
BFS/TD	Branch-based	177	5180	12729	14937	1017	3256	2511	2771	199	0	4276	6	4223	53	49	2058
BFS/TD	Branch-avoiding	0	1420	2854	425	1	1415	753	2164	15	5	79	69	42	6	1	31
BFS/TD	Branch-avoiding	1	6240	16522	14513	154	4518	3340	5524	74	19	2467	2367	1251	46	31	1180
BFS/TD	Branch-avoiding	2	11880	29240	30153	0	5933	5084	6744	150	21	5111	4927	2587	83	59	2460
BFS/TD	Branch-avoiding	3	17360	41654	44275	413	10228	7883	10328	216	42	7498	7239	3793	114	84	3616
BFS/TD	Branch-avoiding	4	19280	46290	50729	143	10254	8039	10487	236	36	8583	8303	4339	126	91	4148
BFS/TD	Branch-avoiding	5	23240	56567	63035	91	12292	8941	11987	320	48	10662	10319	5389	152	112	5156
BFS/TD	Branch-avoiding	6	31970	75071	82957	303	17368	13773	17170	423	120	14029	13581	7090	200	147	6787
BFS/TD	Branch-avoiding	7	38660	90630	102879	73	18460	15166	18264	501	79	17396	16843	8791	246	182	8418
BFS/TD	Branch-avoiding	8	47510	112259	123389	192	25628	19872	25078	642	167	20861	20203	10541	293	217	10098
BFS/TD	Branch-avoiding	9	50071	120787	135107	17	25482	22109	25789	699	142	22842	22121	11542	323	238	11057
BFS/TD	Branch-avoiding	10	52950	127522	144931	166	26578	20663	24009	679	151	24498	23735	12377	340	252	11864
BFS/TD	Branch-avoiding	11	57980	136885	158399	296	26045	20387	26304	730	126	26780	25933	13532	378	280	12963
BFS/TD	Branch-avoiding	12	64580	154777	178493	499	27544	21133	29526	820	145	30157	29247	15231	405	301	14620
BFS/TD	Branch-avoiding	13	77650	186900	218767	480	35366	26877	34479	1023	214	36972	35831	18677	508	378	17912
BFS/TD	Branch-avoiding	14	92191	220591	257305	920	41123	31343	38867	1177	206	43479	42149	21962	592	441	21071
BFS/TD	Branch-avoiding	15	106990	256723	299931	1161	44412	35555	45111	1346	272	50686	49125	25604	700	518	24559
BFS/TD	Branch-avoiding	16	133011	319573	379619	503	55316	44320	53706	1672	319	64154	62173	32408	890	658	31083
BFS/TD	Branch-avoiding	17	149400	358124	424009	1234	62280	48178	59717	1841	303	71655	69443	36197	989	735	34718
BFS/TD	Branch-avoiding	18	163741	396824	471797	1576	65833	49177	64687	2063	349	79713	77291	40261	1086	805	38642
BFS/TD	Branch-avoiding	19	197440	469247	549735	1572	85438	63598	84295	2395	405	92880	90059	46911	1268	938	45026
BFS/TD	Branch-avoiding	20	252731	607413	701103	1138	118391	86481	118043	3119	599	118444	114867	59819	1607	1190	57430
BFS/TD	Branch-avoiding	21	321931	779835	891506	1113	149227	112945	146109	3917	652	150635	146029	76086	2067	1533	73011
BFS/TD	Branch-avoiding	22	429852	972124	1124167	4564	189542	143576	181012	4907	857	189944	184141	95940	2599	1932	92067
BFS/TD	Branch-avoiding	23	505411	1210354	1399093	3859	243417	170752	228818	6118	1043	236409	229157	119414	3256	2415	114575
BFS/TD	Branch-avoiding	24	564342	1355363	1532549	5545	274010	209759	278867	6701	1138	258972	251003	130813	3579	2653	125498
BFS/TD	Branch-avoiding	25	582032	1392625	1591069	4906	279908	207436	277182	6951	1369	268853	260593	135805	3692	2751	130293
BFS/TD	Branch-avoiding	26	592782	1431299	1633779	3225	297787	203550	292159	7104	1135	276074	267583	139453	3830	2828	133788
BFS/TD	Branch-avoiding	27	599752	1437801	1621357	6254	311201	224368	300904	7076	1224	273957	265571	138377	3765	2793	132782
BFS/TD	Branch-avoiding	28	626092	1510727	1693778	5384	322438	229843	326626	7381	1249	286139	277501	144510	3882	2877	138747
BFS/TD	Branch-avoiding	29	690233	1633559	1806643	5164	361418	254278	348971	7980	1297	305258	295927	154185	4183	3108	147960
BFS/TD	Branch-avoiding	30	671602	1608989	1778689	6387	366656	259154	365933	7915	1268	300518	291373	151782	4104	3045	145683
BFS/TD	Branch-avoiding	31	694152	1671268	1859567	5765	370936	254430	367434	8266	1509	314172	304631	158678	4288	3178	152312
BFS/TD	Branch-avoiding	32	720273	1727109	1895179	6003	392315	272635	394848	8331	1505	320182	310473	161710	4353	3234	155233
BFS/TD	Branch-avoiding	33	731612	1772367	1937935	8443	408257	273269	404501	8546	1428	327420	317459	165371	4477	3318	158726
BFS/TD	Branch-avoiding	34	771673	1867376	2026644	5154	444787	297498	440845	9092	1527	342354	332057	172894	4616	3430	166025
BFS/TD	Branch-avoiding	35	872282	1981929	2147581	7411	468381	313526	460185	9545	1655	362837	351805	183258	4949	3675	175899
BFS/TD	Branch-avoiding	36	865713	2074796	2259669	7834	495959	329124	483562	10134	1918	381764	370183	192812	5192	3857	185088
BFS/TD	Branch-avoiding	37	885413	2117215	2312925	6538	500618	344659	504104	10183	1669	390805	378849	197396	5358	3983	189421
BFS/TD	Branch-avoiding	38	865183	2082474	2263142	8267	496091	332168	486824	9888	1691	382377	370715	193133	5231	3885	185354
BFS/TD	Branch-avoiding	39	855173	2003699	2151743	8855	496364	321039	476406	9532	1733	363596	352417	183662	5004	3724	176205
BFS/TD	Branch-avoiding	40	809163	1926940	2055773	6929	495328	323923	494734	9206	1618	347296	336807	175395	4703	3493	168400
BFS/TD	Branch-avoiding	41	833183	2006124	2152717	7172	493605	327913	495004	9584	1635	363693	352661	183687	4965	3675	176327
BFS/TD	Branch-avoiding	42	924393	2216926	2365447	8425	556720	366770	555736	10621	1827	399624	387521	201830	5431	4032	193757
BFS/TD	Branch-avoiding	43	984363	2372513	2529828	10469	599852	386447	586295	11563	2400	427394	414451	215855	5812	4312	207222
BFS/TD	Branch-avoiding	44	1085404	2557092	2747535	9520	642702	412362	637718	12256	2191	464167	450129	234422	6300	4676	225061
BFS/TD	Branch-avoiding	45	1127583	2712401	2928969	7337	659120	429456	660125	12841	2028	494879	479773	249959	6778	5033	239883
BFS/TD	Branch-avoiding	46	1158034	2773844	2988088	8697	679624	454283	680519	13144	2120	504816	489521	254958	6864	5096	244757
BFS/TD	Branch-avoiding	47	1228624	2825001	3055543	11782	684234	450229	679629	13365	2324	516264	500507	260759	7066	5250	250250
BFS/TD	Branch-avoiding	48	1155424	2775838	2985407	11607	682856	443485	682276	13154	2165	504391	489051	254752	6892	5110	244522
BFS/TD	Branch-avoiding	49	1176754	2814435	3003321	12618	715639	475700	713399	13370	2267	507383	492025	256252	6897	5117	246009
BFS/TD	Branch-avoiding	50	1168494	2813771	3001530	10434	699629	461764	696662	13530	2445	507103	491703	256119	6912	5131	245848
BFS/TD	Branch-avoiding	51	1177014	2764124	2959977	10237	698134	446692	692214	13186	2336	500050	484941	252543	6785	5033	242467
BFS/TD	Branch-avoiding	52	1238454	2974289	3192129	13372	736061	480758	733658	14107	2381	539299	522933	272378	7323	5453	261463
BFS/TD	Branch-avoiding	53	1318554	3168926	3382702	11374	791724	519376	790316	15164	2641	571509	554135	288651	7809	5789	277064
BFS/TD	Branch-avoiding	54	1369525	3245062	3488663	10828	796843	527562	802207	15432	2792	589387	571527	297670	8026	5950	285760
BFS/TD	Branch-avoiding	55	1413025	3380348	3624027	13754	835653	541238	835372	15990	2781	612262	593691	309227	8352	6188	296842
BFS/TD	Branch-avoiding	56	1418394	3418433	3643134	13583	852158	547254	848018	16187	2822	615549	596747	310909	8443	6265	298370
BFS/TD	Branch-avoiding	57	1453455	3362050	3587915	12058	843300	555011	839434	16084	2900	606209	587719	306186	8300	6160	293856
BFS/TD	Branch-avoiding	58	1363845	3278994	3498473	14183	817096	526037	821129	15667	3039	591047	573127	298511	8054	5971	286560
BFS/TD	Branch-avoiding	59	1348284	3237068	3411772	10979	839683	549422	841877	15360	2736	576382	558945	291098	7844	5810	279469
BFS/TD	Branch-avoiding	60	1347045	3173258	3349195	11288	824906	538165	821780	14952	2553	565825	548679	285770	7705	5712	274336
BFS/TD	Branch-avoiding	61	1330524	3207025	3393299	11495	829166	527690	807703	15206	2737	573266	555913	289526	7801	5782	277953
BFS/TD	Branch-avoiding	62	1385635	3336449	3553708	12307	843513	547641	830158	15761	2799	600374	582181	303220	8164	6062	291087
BFS/TD	Branch-avoiding	63	1474975	3479016	3686003	12370	903123	583988	893601	16435	2855	622725	603857	314507	8478	6286	301925
BFS/TD	Branch-avoiding	64	1523705	3655387	3861242	12532	950557	616855	945288	17506	3050	652311	632585	329444	8854	6573	316289
BFS/TD	Branch-avoiding	65	1626865	3785234	4032893	16586	954889	626684	962982	18114	3073	681352	660657	344125	9296	6895	330325
BFS/TD	Branch-avoiding	66	1636836	3918663	4184811	15519	985764	640941	976034	18634	3334	707014	685545	357086	9633	7154	342769
BFS/TD	Branch-avoiding	67	1657585	3981135	4255394	13782	1005686	662685	999710	18981	3305	718955	697087	363123	9804	7287	348540
BFS/TD	Branch-avoiding	68	1701566	4040449	4329659	19688	1005727	652065	1004237	19473	3658	731513	709243	369468	10002	7420	354618
BFS/TD	Branch-avoiding	69	1683776	4044911	4286042	16566	1026915	667793	1031284	19305	3523	724119	702125	365726	9871	7329	351059
BFS/TD	Branch-avoiding	70	1661985	3943748	4175703	13385	1020004	659700	1012729	18832	3522	705499	684027	356328	9644	7154	342010
BFS/TD	Branch-avoiding	71	1600846	3836061	4059231	14831	983450	635675	972362	18361	3150	685860	664895	346425	9400	6986	332444
BFS/TD	Branch-avoiding	72	1587245	3686835	3907311	15120	964755	619986	957522	17773	3433	660207	639995	333471	9067	6734	319994
BFS/TD	Branch-avoiding	73	1521465	3648902	3879997	15675	930274	589571	925784	17213	3042	655493	635641	331057	8908	6615	317817
BFS/TD	Branch-avoiding	74	1520475	3652626	3863792	15564	934888	611019	935671	17495	3275	652820	632905	329730	8943	6636	316449
BFS/TD	Branch-avoiding	75	1524235	3600690	3828545	14240	919500	586699	907132	17083	3129	646846	627159	326704	8829	6559	313576
BFS/TD	Branch-avoiding	76	1478975	3549017	3764263	15823	908821	584472	900775	16784	2984	635952	616667	321191	8650	6426	308330
BFS/TD	Branch-avoiding	77	1481365	3556500	3779488	13197	905586	586616	906453	16882	2929	638620	619041	322574	8791	6524	309517
BFS/TD	Branch-avoiding	78	1451205	3427921	3652193	14715	874409	559937	863528	16616	3198	617006	598327	311616	8371	6223	299160
BFS/TD	Branch-avoiding	79	1441245	3473383	3676586	13483	884243	579521	879960	16519	2910	621199	602229	313762	8526	6321	301111
BFS/TD	Branch-avoiding	80	1507455	3506928	3724157	14014	888639	579113	890368	16676	3023	629168	610111	317759	8551	6349	305052
BFS/TD	Branch-avoiding	81	1530515	3667247	3919183	13908	920174	597451	915949	17643	3104	662164	641997	334445	9059	6720	320995
BFS/TD	Branch-avoiding	82	1594455	3830992	4059320	12595	977849	651883	974311	18167	3183	685800	665003	346367	9324	6930	332498
BFS/TD	Branch-avoiding	83	1675126	3960889	4223831	15859	988099	647879	990935	19071	3213	713707	691815	360502	9831	7294	345904
BFS/TD	Branch-avoiding	84	1629255	3914602	4118134	15145	1014316	660979	1014273	18724	3394	695705	674677	351358	9426	7007	337335
BFS/TD	Branch-avoiding	85	1722656	4093029	4348667	16643	1023969	678731	1036430	19591	3550	734681	712411	371052	9993	7420	356202
BFS/TD	Branch-avoiding	86	1777786	4262689	4538671	13854	1085837	719866	1076751	20483	3675	766868	743425	387342	10521	7812	371709
BFS/TD	Branch-avoiding	87	1786996	4300643	4563648	15321	1096558	712788	1081727	20613	3767	771015	747611	389407	10503	7798	373802
BFS/TD	Branch-avoiding	88	1876436	4389535	4667167	16417	1109708	735790	1107060	20994	3842	788676	764351	398394	10919	8106	382172
BFS/TD	Branch-avoiding	89	1836086	4405702	4725622	14112	1093359	722591	1099774	21143	3598	798409	774105	403256	10907	8099	387049
BFS/TD	Branch-avoiding	90	1877056	4445217	4754491	12549	1107164	735135	1113755	21280	3694	803345	778765	405769	11031	8190	389379
BFS/TD	Branch-avoiding	91	1815857	4368376	4635206	16758	1112530	730319	1094996	20980	3872	783097	759339	395509	10655	7917	379666
BFS/TD	Branch-avoiding	92	1864566	4446086	4717193	18867	1131487	740893	1129848	21337	3820	796970	772747	402522	10873	8071	386370
BFS/TD	Branch-avoiding	93	1836086	4416087	4683688	17564	1122477	736403	1123605	21214	3920	791280	767291	399639	10773	7994	383642
BFS/TD	Branch-avoiding	94	1922326	4496305	4779467	20861	1144916	747461	1138049	21511	3962	807489	782951	407834	11000	8176	391472
BFS/TD	Branch-avoiding	95	1885837	4528316	4776838	18550	1164514	757244	1156516	21679	4113	807057	782501	407622	11034	8183	391247
BFS/TD	Branch-avoiding	96	1972606	4683296	4978031	19264	1184711	770535	1174551	22556	4284	841031	815485	424773	11461	8512	407739
BFS/TD	Branch-avoiding	97	1982277	4758180	5058950	17989	1196358	779177	1198853	22823	4224	854729	828703	431703	11698	8673	414348
BFS/TD	Branch-avoiding	98	2061417	4897898	5256063	22077	1219145	798910	1202924	23576	4232	887967	861077	448465	12072	8960	430535
BFS/TD	Branch-avoiding	99	2038547	4886704	5236890	20291	1213947	800289	1215887	23650	4309	884815	857823	446907	12117	8995	428908
BFS/TD	Branch-avoiding	100	2073776	4861603	5195535	17848	1223181	822912	1215026	23468	4215	877767	851129	443323	11959	8876	425561
BFS/TD	Branch-avoiding	101	2011837	4819295	5148594	19028	1195812	808464	1195552	23456	4152	869875	843387	439353	11876	8827	421690
BFS/TD	Branch-avoiding	102	2008307	4757544	5077869	18326	1193442	794860	1192455	23059	4082	857904	831833	433297	11721	8687	415913
BFS/TD	Branch-avoiding	103	1947016	4679333	4962740	16590	1189887	785599	1179904	22594	4018	838442	812983	423465	11445	8484	406488
BFS/TD	Branch-avoiding	104	1970497	4686931	4991811	18190	1177445	768373	1180986	22773	4395	843309	817805	425905	11437	8498	408899
BFS/TD	Branch-avoiding	105	2043277	4890806	5193846	20715	1249919	826501	1232962	23542	4396	877529	850789	443222	12019	8911	425391
BFS/TD	Branch-avoiding	106	2071937	4851624	5142997	19700	1241744	832549	1237582	23526	4505	868852	842571	438806	11804	8757	421282
BFS/TD	Branch-avoiding	107	2039286	4900958	5209196	19022	1242785	821546	1238206	23788	4456	880134	853289	444542	12054	8946	426641
BFS/TD	Branch-avoiding	108	2032767	4823310	5092373	16352	1250243	826790	1245495	23349	4495	860340	834227	434522	11730	8701	417110
BFS/TD	Branch-avoiding	109	1971227	4726686	5000912	20433	1237879	788196	1214627	23037	4312	844916	819205	426744	11549	8568	409599
BFS/TD	Branch-avoiding	110	1938146	4605140	4855129	17418	1202764	777936	1193847	22365	4078	820202	795433	414229	11118	8253	397713
BFS/TD	Branch-avoiding	111	1908507	4574219	4829600	18248	1196337	778322	1184577	22035	4131	815916	791213	412076	11093	8232	395603
BFS/TD	Branch-avoiding	112	2000976	4663662	4931819	17798	1207278	787083	1197772	22283	3732	833217	807923	420824	11370	8428	403958
BFS/TD	Branch-avoiding	113	2005227	4827092	5126980	19265	1236978	802007	1214379	22992	3939	866170	839913	437462	11791	8750	419953
BFS/TD	Branch-avoiding	114	2101117	4992003	5281595	17160	1289516	844935	1282757	24043	4493	892353	865169	450707	12219	9058	432581
BFS/TD	Branch-avoiding	115	2044277	4907789	5187778	19103	1259382	834560	1258344	23778	4486	876443	849871	442651	11928	8855	424932
BFS/TD	Branch-avoiding	116	2016697	4789456	5075899	20609	1227867	816834	1225371	23186	4126	857641	831423	433190	11777	8736	415708
BFS/TD	Branch-avoiding	117	1876986	4498223	4760894	14929	1162396	746335	1154568	21768	3999	804437	779797	406326	11066	8211	389895
BFS/TD	Branch-avoiding	118	1905976	4470116	4708559	16935	1165452	760304	1159982	21598	3932	795391	771483	401680	10734	7966	385738
BFS/TD	Branch-avoiding	119	1920187	4594689	4882254	18362	1169179	754814	1163795	22320	4059	824869	799767	416619	11258	8365	399880
BFS/TD	Branch-avoiding	120	1941206	4597378	4895843	17027	1176691	773496	1164091	22313	4104	827109	802067	417728	11258	8344	401030
BFS/TD	Branch-avoiding	121	1951277	4684743	5011676	20806	1174018	769366	1157923	22698	4121	846710	820999	427641	11554	8568	410496
BFS/TD	Branch-avoiding	122	2022626	4799644	5142541	17933	1190286	795108	1192648	23272	4312	868888	842355	438866	11894	8841	421174
BFS/TD	Branch-avoiding	123	1961767	4715718	5026938	19344	1188160	789115	1184719	22795	4183	849263	823531	428921	11547	8575	411762
BFS/TD	Branch-avoiding	124	2000497	4701658	5020145	18951	1176394	779544	1168243	22371	3932	848246	822259	428454	11663	8659	411126
BFS/TD	Branch-avoiding	125	1804456	4340113	4619574	14423	1081702	716105	1088319	20882	3788	780529	756687	394239	10700	7945	378340
BFS/TD	Branch-avoiding	126	1740425	4120994	4368389	14726	1048791	691194	1044970	20208	3777	738052	715593	372769	10078	7483	357793
BFS/TD	Branch-avoiding	127	1633066	3926658	4168862	12343	998625	664002	1006278	18754	3372	704309	682945	355716	9614	7119	341469
BFS/TD	Branch-avoiding	128	1569435	3770848	4003577	14839	962735	625196	967113	18130	3151	676410	655841	341633	9222	6853	327917
BFS/TD	Branch-avoiding	129	1554475	3692892	3933871	10841	935759	610033	930775	17820	3064	664612	644445	335668	9040	6720	322219
BFS/TD	Branch-avoiding	130	1507865	3620492	3836012	14751	918790	608729	917195	17361	3065	648078	628415	327317	8819	6552	314204
BFS/TD	Branch-avoiding	131	1513875	3637960	3856535	14968	935075	615125	930046	17482	3122	651539	631789	329061	8867	6580	315891
BFS/TD	Branch-avoiding	132	1562896	3641646	3855242	13631	935337	623913	924589	17757	3257	651479	631375	329091	9012	6699	315684
BFS/TD	Branch-avoiding	133	1476485	3534759	3768321	13294	892088	586966	893313	17166	3188	636734	617215	321619	8762	6503	308604
BFS/TD	Branch-avoiding	134	1476885	3485057	3680209	14032	898956	586308	899067	16907	3195	621803	602833	314065	8500	6321	301413
BFS/TD	Branch-avoiding	135	1403024	3375227	3556348	11845	862909	563919	871168	16425	3304	600814	582621	303440	8175	6062	291307
BFS/TD	Branch-avoiding	136	1417855	3405356	3609775	13489	872482	569224	867776	16408	3095	609871	591339	308024	8302	6174	295666
BFS/TD	Branch-avoiding	137	1453765	3439212	3637929	14752	880131	588397	888216	16640	3162	614607	595973	310410	8367	6209	297983
BFS/TD	Branch-avoiding	138	1459915	3501260	3690640	14679	902647	588730	904478	16740	3114	623532	604583	314925	8500	6314	302288
BFS/TD	Branch-avoiding	139	1476405	3541957	3758609	14186	900045	584779	896680	17070	3011	635022	615713	320729	8659	6433	307853
BFS/TD	Branch-avoiding	140	1566015	3648208	3853068	15344	942485	614453	946169	17563	3333	650902	631281	328722	8798	6538	315637
BFS/TD	Branch-avoiding	141	1573455	3782287	4023489	14363	961079	626696	957027	18312	3544	679766	659113	343324	9265	6881	329553
BFS/TD	Branch-avoiding	142	1637746	3871363	4111409	17052	985782	640494	980150	18457	3135	694603	673533	350815	9457	7021	336763
BFS/TD	Branch-avoiding	143	1643755	3937046	4178218	13579	1002774	654426	999715	18860	3487	705887	684481	356512	9606	7133	342237
BFS/TD	Branch-avoiding	144	1618025	3878743	4113719	15947	999613	656274	990546	18583	3471	695019	673883	351032	9492	7042	336938
BFS/TD	Branch-avoiding	145	1616966	3840856	4065168	14615	978841	640221	975418	18290	3604	686756	666001	346838	9337	6916	332997
BFS/TD	Branch-avoiding	146	1640285	3939788	4159457	17771	1011728	660701	1013747	18841	3423	702726	681401	354917	9570	7105	340697
BFS/TD	Branch-avoiding	147	1670776	3900035	4133095	15397	1002367	655405	995720	18865	3528	698264	677089	352662	9501	7056	338541
BFS/TD	Branch-avoiding	148	1658855	3978305	4214534	15147	1026137	667951	1013767	19201	3483	712033	690417	359620	9716	7203	345205
BFS/TD	Branch-avoiding	149	1668146	3999649	4259081	16769	1017667	652831	1012825	19375	3775	719554	697725	363415	9793	7273	348859
BFS/TD	Branch-avoiding	150	1643626	3893385	4114308	16574	996254	651625	985271	18803	3741	695114	673981	351080	9499	7042	336987
BFS/TD	Branch-avoiding	151	1586885	3804026	4039323	14698	967912	630927	966146	18297	3276	682433	661717	344669	9296	6902	330855
BFS/TD	Branch-avoiding	152	1551635	3681564	3901073	15623	938108	616367	930397	17843	3403	659043	639107	332845	8949	6643	319550
BFS/TD	Branch-avoiding	153	1486855	3577103	3781430	16115	922370	602751	917415	17161	3176	638897	619423	322695	8750	6489	309708
BFS/TD	Branch-avoiding	154	1435575	3452992	3658397	16238	881915	566405	867756	16578	3088	618096	599291	312182	8444	6265	299642
BFS/TD	Branch-avoiding	155	1389714	3216084	3424626	12066	809726	532121	807446	15559	2894	578571	561029	292210	7877	5845	280511
BFS/TD	Branch-avoiding	156	1294445	3114121	3311491	11403	783745	520808	777348	15060	2744	559485	542465	282578	7636	5670	271229
BFS/TD	Branch-avoiding	157	1222524	2926590	3136337	12469	725445	479437	725952	14033	2455	529851	513821	267599	7187	5341	256907
BFS/TD	Branch-avoiding	158	1211194	2844390	3040116	11591	711862	467650	708812	13660	2329	513674	497959	259457	7069	5236	248976
BFS/TD	Branch-avoiding	159	1069613	2565452	2731989	10080	645298	421731	641040	12362	2242	461545	447573	233102	6254	4655	223783
BFS/TD	Branch-avoiding	160	997624	2399678	2548015	8125	611915	390745	610521	11577	2261	430447	417459	217388	5827	4326	208726
BFS/TD	Branch-avoiding	161	985813	2377988	2525013	9776	601085	390389	597856	11542	2178	426657	413567	215511	5883	4361	206780
BFS/TD	Branch-avoiding	162	981233	2319980	2480620	8204	583957	388330	581253	11353	2097	419062	406413	211640	5690	4214	203203
BFS/TD	Branch-avoiding	163	928593	2227618	2390851	9048	549066	363138	545605	10849	1978	403970	391615	204045	5546	4116	195804
BFS/TD	Branch-avoiding	164	856043	2055954	2200451	5637	513751	338203	507487	9908	1899	371773	360465	187771	5089	3766	180229
BFS/TD	Branch-avoiding	165	777753	1871524	2002981	4626	455665	318048	460254	9123	1609	338401	328125	170914	4616	3423	164059
BFS/TD	Branch-avoiding	166	765922	1726847	1858193	6383	414983	283588	418040	8606	1653	313971	304367	158587	4318	3199	152180
BFS/TD	Branch-avoiding	167	665923	1599024	1708296	7521	392519	264142	386030	7974	1508	288568	279909	145728	3886	2884	139951
BFS/TD	Branch-avoiding	168	628582	1510233	1669571	7680	344860	242785	338616	7509	1215	282058	273525	142452	3821	2842	136759
BFS/TD	Branch-avoiding	169	618322	1494706	1662487	5500	329074	243785	348756	7691	1614	280899	272321	141878	3843	2856	136157
BFS/TD	Branch-avoiding	170	576852	1390572	1579327	2736	283416	213636	284161	7113	1248	266812	258741	134753	3626	2688	129367
BFS/TD	Branch-avoiding	171	503251	1204836	1390579	2725	234092	180606	226102	6235	1156	234962	227773	118680	3226	2394	113883
BFS/TD	Branch-avoiding	172	427082	1018847	1182539	1757	191577	157398	189121	5246	841	199822	193683	100935	2766	2044	96838
BFS/TD	Branch-avoiding	173	352461	848221	988023	1599	151085	130500	155084	4411	719	166936	161847	84317	2291	1694	80920
BFS/TD	Branch-avoiding	174	335361	678657	809859	2035	113931	97341	113656	3650	654	136850	132643	69127	1882	1400	66318
BFS/TD	Branch-avoiding	175	194901	474453	564915	356	73778	68731	69949	2552	441	95466	92519	48225	1319	980	46256
BFS/TD	Branch-avoiding	176	65630	157455	192222	24	23298	21634	22884	914	141	32501	31465	16424	464	343	15729
BFS/TD	Branch-avoiding	177	8400	20444	25229	4	2780	2138	2507	120	19	4277	4123	2165	68	49	2058
