SV	Branch-based	0	0.2513305440	2551289	93045354	333079815	952204	45570272
SV	Branch-based	1	0.2435276930	1932517	93045030	331315431	952204	45570272
SV	Branch-based	2	0.2420912710	1783376	93045031	330927415	952204	45570272
SV	Branch-based	3	0.2416392810	1729180	93045035	330781124	952204	45570272
SV	Branch-based	4	0.2407102360	1664232	93045031	330597229	952204	45570272
SV	Branch-based	5	0.2402804460	1614209	93045030	330457071	952204	45570272
SV	Branch-based	6	0.2398247070	1555527	93045034	330288418	952204	45570272
SV	Branch-based	7	0.2388865350	1497042	93045030	330118347	952204	45570272
SV	Branch-based	8	0.2380877050	1428576	93045029	329918945	952204	45570272
SV	Branch-based	9	0.2376413560	1378936	93045029	329773466	952204	45570272
SV	Branch-based	10	0.2370072660	1333397	93045028	329638120	952204	45570272
SV	Branch-based	11	0.2365184280	1281442	93045030	329487348	952204	45570272
SV	Branch-based	12	0.2359425670	1231388	93045030	329338224	952204	45570272
SV	Branch-based	13	0.2358075520	1186439	93045032	329204537	952204	45570272
SV	Branch-based	14	0.2348561200	1134788	93045028	329052904	952204	45570272
SV	Branch-based	15	0.2344339120	1091175	93045028	328924870	952204	45570272
SV	Branch-based	16	0.2339995250	1052814	93045029	328811546	952204	45570272
SV	Branch-based	17	0.2338636840	1021130	93045027	328716522	952204	45570272
SV	Branch-based	18	0.2334624620	995708	93045030	328641990	952204	45570272
SV	Branch-based	19	0.2333859550	982040	93045028	328601854	952204	45570272
SV	Branch-based	20	0.2331253810	972479	93045029	328574249	952204	45570272
SV	Branch-based	21	0.2330978860	966554	93045027	328556991	952204	45570272
SV	Branch-based	22	0.2330828940	966589	93045029	328557104	952204	45570272
SV	Branch-based	23	0.2332084210	965376	93045028	328553449	952204	45570272
SV	Branch-based	24	0.2330202530	965377	93045027	328553469	952204	45570272
SV	Branch-based	25	0.2329963050	965852	93045028	328554919	952204	45570272
SV	Branch-based	26	0.2331654540	966950	93045028	328558174	952204	45570272
SV	Branch-based	27	0.2329992750	966556	93045027	328557018	952204	45570272
SV	Branch-based	28	0.2330445000	966537	93045028	328556935	952204	45570272
SV	Branch-based	29	0.2331102760	967362	93045030	328559415	952204	45570272
SV	Branch-based	30	0.2331774390	967755	93045027	328560609	952204	45570272
SV	Branch-based	31	0.2330143350	967733	93045027	328560546	952204	45570272
SV	Branch-based	32	0.2331418520	968397	93045031	328562503	952204	45570272
SV	Branch-based	33	0.2331647630	969500	93045030	328565820	952204	45570272
SV	Branch-based	34	0.2332214500	970561	93045029	328569011	952204	45570272
SV	Branch-based	35	0.2330327560	970241	93045027	328568064	952204	45570272
SV	Branch-based	36	0.2372078240	971174	93045029	328570250	952204	45570272
SV	Branch-based	37	0.2330590580	971784	93045027	328572642	952204	45570272
SV	Branch-based	38	0.2331737710	974754	93045029	328581548	952204	45570272
SV	Branch-based	39	0.2333721850	981739	93045030	328602507	952204	45570272
SV	Branch-based	40	0.2341439830	979679	93045028	328596163	952204	45570272
SV	Branch-based	41	0.2331704490	978832	93045028	328593832	952204	45570272
SV	Branch-based	42	0.2331174310	974387	93045028	328580434	952204	45570272
SV	Branch-based	43	0.2332229950	973362	93045027	328577409	952204	45570272
SV	Branch-based	44	0.2330937980	972144	93045027	328573776	952204	45570272
SV	Branch-based	45	0.2331155780	968852	93045029	328563908	952204	45570272
SV	Branch-based	46	0.2331599340	971464	93045029	328571699	952204	45570272
SV	Branch-based	47	0.2332701090	964335	93045030	328550301	952204	45570272
SV	Branch-based	48	0.2329208250	958141	93045027	328531755	952204	45570272
SV	Branch-based	49	0.2330140880	957011	93045029	328528334	952204	45570272
SV	Branch-based	50	0.2329002300	955503	93045027	328523838	952204	45570272
SV	Branch-based	51	0.2329378880	953800	93045027	328518714	952204	45570272
SV	Branch-based	52	0.2329206820	952794	93045029	328515692	952204	45570272
SV	Branch-based	53	0.2328968470	952695	93045028	328515439	952204	45570272
SV	Branch-based	54	0.2328911400	952464	93045027	328514745	952204	45570272
SV	Branch-based	55	0.2330013530	952443	93045030	328514664	952204	45570272
SV	Branch-based	56	0.2330663780	952402	93045029	328514537	952204	45570272
SV	Branch-based	57	0.2330155880	952351	93045028	328514410	952204	45570272
SV	Branch-based	58	0.2330090410	952246	93045031	328514056	952204	45570272
SV	Branch-avoiding	0	0.2711966350	952349	47474767	332322883	952204	45570272
SV	Branch-avoiding	1	0.2710542160	952317	47474765	332322881	952204	45570272
SV	Branch-avoiding	2	0.2710521470	952312	47474766	332322882	952204	45570272
SV	Branch-avoiding	3	0.2710248010	952307	47474764	332322880	952204	45570272
SV	Branch-avoiding	4	0.2710468810	952300	47474767	332322883	952204	45570272
SV	Branch-avoiding	5	0.2723673690	952308	47474770	332322886	952204	45570272
SV	Branch-avoiding	6	0.2716876090	952307	47474766	332322882	952204	45570272
SV	Branch-avoiding	7	0.2730168930	952345	47474771	332322887	952204	45570272
SV	Branch-avoiding	8	0.2710536170	952330	47474765	332322881	952204	45570272
SV	Branch-avoiding	9	0.2709384910	952319	47474766	332322882	952204	45570272
SV	Branch-avoiding	10	0.2709289590	952297	47474765	332322881	952204	45570272
SV	Branch-avoiding	11	0.2708776880	952298	47474764	332322880	952204	45570272
SV	Branch-avoiding	12	0.2714408740	952328	47474772	332322888	952204	45570272
SV	Branch-avoiding	13	0.2710835110	952313	47474765	332322881	952204	45570272
SV	Branch-avoiding	14	0.2709477310	952297	47474766	332322882	952204	45570272
SV	Branch-avoiding	15	0.2709211740	952293	47474764	332322880	952204	45570272
SV	Branch-avoiding	16	0.2710140690	952298	47474765	332322881	952204	45570272
SV	Branch-avoiding	17	0.2709410030	952291	47474765	332322881	952204	45570272
SV	Branch-avoiding	18	0.2708802010	952297	47474765	332322881	952204	45570272
SV	Branch-avoiding	19	0.2712428730	952294	47474766	332322882	952204	45570272
SV	Branch-avoiding	20	0.2715943310	952324	47474766	332322882	952204	45570272
SV	Branch-avoiding	21	0.2712619380	952314	47474772	332322888	952204	45570272
SV	Branch-avoiding	22	0.2710699520	952305	47474767	332322883	952204	45570272
SV	Branch-avoiding	23	0.2710896620	952324	47474765	332322881	952204	45570272
SV	Branch-avoiding	24	0.2708792630	952290	47474764	332322880	952204	45570272
SV	Branch-avoiding	25	0.2709258160	952296	47474766	332322882	952204	45570272
SV	Branch-avoiding	26	0.2709801910	952296	47474766	332322882	952204	45570272
SV	Branch-avoiding	27	0.2712206570	952315	47474768	332322884	952204	45570272
SV	Branch-avoiding	28	0.2710115180	952305	47474764	332322880	952204	45570272
SV	Branch-avoiding	29	0.2709229810	952296	47474765	332322881	952204	45570272
SV	Branch-avoiding	30	0.2710331560	952309	47474765	332322881	952204	45570272
SV	Branch-avoiding	31	0.2709698710	952296	47474766	332322882	952204	45570272
SV	Branch-avoiding	32	0.2709473780	952296	47474765	332322881	952204	45570272
SV	Branch-avoiding	33	0.2708945410	952287	47474765	332322881	952204	45570272
SV	Branch-avoiding	34	0.2710890240	952299	47474765	332322881	952204	45570272
SV	Branch-avoiding	35	0.2709276310	952306	47474767	332322883	952204	45570272
SV	Branch-avoiding	36	0.2708932510	952291	47474765	332322881	952204	45570272
SV	Branch-avoiding	37	0.2709141760	952287	47474765	332322881	952204	45570272
SV	Branch-avoiding	38	0.2711658780	952279	47474768	332322884	952204	45570272
SV	Branch-avoiding	39	0.2709606240	952292	47474765	332322881	952204	45570272
SV	Branch-avoiding	40	0.2709355740	952288	47474764	332322880	952204	45570272
SV	Branch-avoiding	41	0.2711994020	952297	47474768	332322884	952204	45570272
SV	Branch-avoiding	42	0.2712742300	952306	47474768	332322884	952204	45570272
SV	Branch-avoiding	43	0.2709223880	952310	47474765	332322881	952204	45570272
SV	Branch-avoiding	44	0.2708861710	952305	47474765	332322881	952204	45570272
SV	Branch-avoiding	45	0.2710460120	952302	47474766	332322882	952204	45570272
SV	Branch-avoiding	46	0.2709396760	952299	47474766	332322882	952204	45570272
SV	Branch-avoiding	47	0.2709557710	952299	47474765	332322881	952204	45570272
SV	Branch-avoiding	48	0.2709203340	952287	47474764	332322880	952204	45570272
SV	Branch-avoiding	49	0.2710759520	952288	47474764	332322880	952204	45570272
SV	Branch-avoiding	50	0.2710369290	952306	47474768	332322884	952204	45570272
SV	Branch-avoiding	51	0.2709705610	952297	47474767	332322883	952204	45570272
SV	Branch-avoiding	52	0.2711960730	952295	47474767	332322883	952204	45570272
SV	Branch-avoiding	53	0.2708817540	952288	47474764	332322880	952204	45570272
SV	Branch-avoiding	54	0.2710704540	952299	47474767	332322883	952204	45570272
SV	Branch-avoiding	55	0.2709202510	952278	47474765	332322881	952204	45570272
SV	Branch-avoiding	56	0.2710805120	952301	47474766	332322882	952204	45570272
SV	Branch-avoiding	57	0.2718660050	952336	47474767	332322883	952204	45570272
SV	Branch-avoiding	58	0.2711307550	952319	47474767	332322883	952204	45570272
