BFS/TD brachy	0	0.0000003300	37	321	1604	1	36
BFS/TD brachy	1	0.0000032970	193	1478	6733	36	677
BFS/TD brachy	2	0.0000637680	3964	39152	151711	465	19085
BFS/TD brachy	3	0.0003000200	11165	261499	948220	4409	126314
BFS/TD brachy	4	0.0002212100	9501	162248	595453	6564	74534
BFS/TD brachy	5	0.0000651180	3393	37486	140957	2612	16105
BFS/TD brachy	6	0.0000128940	746	5692	22178	621	2199
BFS/TD brachy	7	0.0000021460	113	810	3291	112	267
BFS/TD brachy	8	0.0000005670	35	220	902	21	63
BFS/TD brachy	9	0.0000001890	14	108	447	4	24
BFS/TD branchless (C)	0	0.0000003510	16	90	864	1	36
BFS/TD branchless (C)	1	0.0000037000	55	801	12111	36	677
BFS/TD branchless (C)	2	0.0000647440	482	20067	329337	465	19085
BFS/TD branchless (C)	3	0.0004228320	4453	135184	2191670	4409	126314
BFS/TD branchless (C)	4	0.0003192310	6801	87714	1332960	6564	74534
BFS/TD branchless (C)	5	0.0000821310	2741	21381	300147	2612	16105
BFS/TD branchless (C)	6	0.0000148560	604	3493	43835	621	2199
BFS/TD branchless (C)	7	0.0000024670	102	543	5901	112	267
BFS/TD branchless (C)	8	0.0000005840	27	157	1523	21	63
BFS/TD branchless (C)	9	0.0000002510	17	84	690	4	24
BFS/TD branchless (CMOV)	0	0.0000002990	14	90	680	1	36
BFS/TD branchless (CMOV)	1	0.0000027870	48	801	8722	36	677
BFS/TD branchless (CMOV)	2	0.0000498850	477	20067	233908	465	19085
BFS/TD branchless (CMOV)	3	0.0003196670	4468	135184	1560096	4409	126314
BFS/TD branchless (CMOV)	4	0.0002456660	6799	87714	960286	6564	74534
BFS/TD branchless (CMOV)	5	0.0000640300	2722	21381	219618	2612	16105
BFS/TD branchless (CMOV)	6	0.0000121200	613	3493	32836	621	2199
BFS/TD branchless (CMOV)	7	0.0000020270	102	543	4562	112	267
BFS/TD branchless (CMOV)	8	0.0000004870	26	157	1204	21	63
BFS/TD branchless (CMOV)	9	0.0000002270	21	84	566	4	24
BFS/TD bracnhless (SSE 4.1)	0	0.0000003760	13	64	631	1	36
BFS/TD bracnhless (SSE 4.1)	1	0.0000029050	87	372	7333	36	677
BFS/TD bracnhless (SSE 4.1)	2	0.0000496360	976	6741	186937	465	19085
BFS/TD bracnhless (SSE 4.1)	3	0.0003248790	8005	49920	1265214	4409	126314
BFS/TD bracnhless (SSE 4.1)	4	0.0002854510	11097	46056	833013	6564	74534
BFS/TD bracnhless (SSE 4.1)	5	0.0000742140	3178	15065	205991	2612	16105
BFS/TD bracnhless (SSE 4.1)	6	0.0000137520	655	3172	33883	621	2199
BFS/TD bracnhless (SSE 4.1)	7	0.0000021360	96	607	5223	112	267
BFS/TD bracnhless (SSE 4.1)	8	0.0000005360	30	157	1317	21	63
BFS/TD bracnhless (SSE 4.1)	9	0.0000002360	15	76	597	4	24
