Algorithm	Implementation	Iteration	Time	Cycles	Instructions	Stall.SB	Stall.LB	Loads.Dispatched	Stores.Dispatched	Stall.LDQ	Branches	Mispredictions	Vertices	Edges
BFS/TD	Branch-based	0	687	2224	361	28	0	126	93	0	73	8	1	31
BFS/TD	Branch-based	1	3244	10657	8788	0	0	2906	315	0	2431	72	31	1180
BFS/TD	Branch-based	2	5326	19280	18103	1	0	5886	401	0	5047	118	59	2460
BFS/TD	Branch-based	3	7617	28612	26466	0	0	8700	532	0	7409	187	84	3616
BFS/TD	Branch-based	4	8830	30578	30323	12	0	9622	571	0	8487	181	91	4148
BFS/TD	Branch-based	5	10049	36226	37694	1	0	12254	809	0	10545	251	112	5156
BFS/TD	Branch-based	6	13717	47609	49566	0	0	15862	970	0	13877	296	147	6787
BFS/TD	Branch-based	7	16600	58791	61438	0	0	19646	1140	0	17209	372	182	8418
BFS/TD	Branch-based	8	19850	68893	73611	0	0	23497	1282	0	20639	430	217	10098
BFS/TD	Branch-based	9	22389	78652	80576	0	0	25610	1274	0	22599	447	238	11057
BFS/TD	Branch-based	10	22608	78278	86449	0	0	27757	1482	0	24241	503	252	11864
BFS/TD	Branch-based	11	24430	86861	94485	0	0	30060	1604	0	26495	528	280	12963
BFS/TD	Branch-based	12	27938	97214	106525	0	0	34101	1932	0	29851	645	301	14620
BFS/TD	Branch-based	13	34576	120641	130528	0	0	41732	2356	0	36589	763	378	17912
BFS/TD	Branch-based	14	39937	140076	153502	1	0	48655	2694	0	43033	856	441	21071
BFS/TD	Branch-based	15	46074	161608	179108	16	0	57313	3237	0	50163	1073	518	24559
BFS/TD	Branch-based	16	56123	198557	226407	2	0	71625	3621	0	63491	1246	658	31083
BFS/TD	Branch-based	17	67530	221378	252832	2	0	79394	3997	0	70916	1357	735	34718
BFS/TD	Branch-based	18	79604	273812	281399	0	0	87543	4626	0	78903	1574	805	38642
BFS/TD	Branch-based	19	85896	296208	328173	153	0	103287	5583	0	91937	1781	938	45026
BFS/TD	Branch-based	20	109916	382350	418550	130	0	132200	7227	0	117249	2307	1190	57430
BFS/TD	Branch-based	21	138065	485929	532244	67	0	169335	9518	0	149097	2964	1533	73011
BFS/TD	Branch-based	22	171921	672425	671075	57	0	211569	11782	0	188007	3547	1932	92067
BFS/TD	Branch-based	23	209063	735128	834175	31	0	264588	13382	0	233989	4528	2415	114575
BFS/TD	Branch-based	24	231722	890909	913310	109	0	284772	14077	0	256311	4627	2653	125498
BFS/TD	Branch-based	25	235819	829811	948086	181	0	299255	14645	0	266097	5010	2751	130293
BFS/TD	Branch-based	26	248774	857804	973216	585	0	305445	13868	0	273241	4951	2828	133788
BFS/TD	Branch-based	27	267963	861220	966076	38	0	304473	14348	0	271159	5009	2793	132782
BFS/TD	Branch-based	28	269006	926110	1009364	400	0	318336	16055	0	283257	5209	2877	138747
BFS/TD	Branch-based	29	274122	1000385	1075977	265	0	338521	16325	0	302145	5446	3108	147960
BFS/TD	Branch-based	30	267743	947473	1059806	113	0	334551	15980	0	297465	5476	3045	145683
BFS/TD	Branch-based	31	279463	979484	1107707	142	0	350138	16948	0	310989	5852	3178	152312
BFS/TD	Branch-based	32	286032	1007060	1128966	97	0	357069	16775	0	316943	5994	3234	155233
BFS/TD	Branch-based	33	291729	1025038	1154593	106	0	364276	17651	0	324097	5974	3318	158726
BFS/TD	Branch-based	34	314491	1095598	1207541	140	0	376219	18793	0	338919	6228	3430	166025
BFS/TD	Branch-based	35	331213	1165055	1279655	737	0	403134	19319	0	359158	6634	3675	175899
BFS/TD	Branch-based	36	340258	1196925	1346176	205	0	423717	20140	0	377899	6819	3857	185088
BFS/TD	Branch-based	37	347663	1217609	1377473	562	0	433522	19718	0	386817	7061	3983	189421
BFS/TD	Branch-based	38	333221	1187565	1347541	660	0	424971	19054	0	378487	6883	3885	185354
BFS/TD	Branch-based	39	320725	1136314	1281195	35	0	400635	18191	0	359867	6571	3724	176205
BFS/TD	Branch-based	40	319972	1125559	1224796	78	0	387399	18707	0	343795	6301	3493	168400
BFS/TD	Branch-based	41	335400	1173104	1283177	235	0	406825	20771	0	360013	6756	3675	176327
BFS/TD	Branch-based	42	365432	1286649	1409596	468	0	447282	22262	0	395587	7509	4032	193757
BFS/TD	Branch-based	43	414028	1449344	1507743	228	0	476345	23841	0	423077	7496	4312	207222
BFS/TD	Branch-based	44	419589	1467098	1637327	603	0	518710	25760	0	459483	8550	4676	225061
BFS/TD	Branch-based	45	468329	1593932	1744840	179	0	550061	26507	0	489841	9046	5033	239883
BFS/TD	Branch-based	46	467409	1675708	1780050	609	0	561956	27603	0	499716	9101	5096	244757
BFS/TD	Branch-based	47	477200	1672077	1819621	256	0	570772	26872	0	511009	9312	5250	250250
BFS/TD	Branch-based	48	462478	1758446	1778146	554	0	560577	26501	0	499273	9147	5110	244522
BFS/TD	Branch-based	49	508793	1797453	1788667	595	0	564435	26686	0	502261	8822	5117	246009
BFS/TD	Branch-based	50	468585	1666507	1787387	132	0	558702	26525	0	501967	8966	5131	245848
BFS/TD	Branch-based	51	458570	1704965	1763999	355	0	557054	28973	0	495009	9334	5033	242467
BFS/TD	Branch-based	52	487141	1846655	1902179	333	0	598061	29746	0	533841	10116	5453	261463
BFS/TD	Branch-based	53	525583	1852763	2015229	414	0	635768	30379	0	565715	10317	5789	277064
BFS/TD	Branch-based	54	535118	1988252	2078425	668	0	651631	31821	0	583430	10691	5950	285760
BFS/TD	Branch-based	55	610090	1986118	2158610	169	0	679627	31466	0	606069	10917	6188	296842
BFS/TD	Branch-based	56	576341	2026602	2169761	521	0	679348	31844	0	609279	10997	6265	298370
BFS/TD	Branch-based	57	571546	1955166	2136547	373	0	673237	30723	0	600041	10782	6160	293856
BFS/TD	Branch-based	58	552784	1962385	2083101	262	0	657792	31158	0	585071	10746	5971	286560
BFS/TD	Branch-based	59	526555	1845487	2031560	270	0	642416	29833	0	570567	10549	5810	279469
BFS/TD	Branch-based	60	545640	1846649	1994859	1559	0	627125	30162	0	560105	10219	5712	274336
BFS/TD	Branch-based	61	535494	1863240	2021718	588	0	639608	31070	0	567480	10405	5782	277953
BFS/TD	Branch-based	62	558697	1958677	2117128	639	0	665268	32736	0	594307	10878	6062	291087
BFS/TD	Branch-based	63	618260	2077720	2196095	693	0	688328	34851	0	616431	11467	6286	301925
BFS/TD	Branch-based	64	627139	2190261	2300480	409	0	729278	36186	0	645733	12018	6573	316289
BFS/TD	Branch-based	65	644004	2258197	2402728	251	0	757381	37403	0	674449	12428	6895	330325
BFS/TD	Branch-based	66	662330	2413758	2492825	636	0	789891	37679	0	699855	12866	7154	342769
BFS/TD	Branch-based	67	673378	2405957	2534951	241	0	800104	39028	0	711664	12888	7287	348540
BFS/TD	Branch-based	68	676378	2402557	2578554	595	0	813381	38276	0	724085	13309	7420	354618
BFS/TD	Branch-based	69	671891	2463786	2552206	613	0	801749	37334	0	716785	12985	7329	351059
BFS/TD	Branch-based	70	661203	2325083	2486610	358	0	785597	36365	0	698337	12722	7154	342010
BFS/TD	Branch-based	71	650565	2252659	2417211	418	0	761547	34681	0	678869	12337	6986	332444
BFS/TD	Branch-based	72	633923	2159963	2327184	536	0	734849	34188	0	653465	11690	6734	319994
BFS/TD	Branch-based	73	616972	2189952	2310818	440	0	725617	34812	0	648874	11729	6615	317817
BFS/TD	Branch-based	74	606367	2155758	2301221	733	0	723098	32873	0	646179	11739	6636	316449
BFS/TD	Branch-based	75	603602	2125003	2279941	391	0	720373	33542	0	640279	11817	6559	313576
BFS/TD	Branch-based	76	587558	2084284	2242183	328	0	708250	33622	0	629521	11320	6426	308330
BFS/TD	Branch-based	77	587096	2082292	2250570	562	0	707740	32566	0	632091	11552	6524	309517
BFS/TD	Branch-based	78	626076	2059587	2175354	272	0	686474	32775	0	610775	11265	6223	299160
BFS/TD	Branch-based	79	578964	2066138	2190075	796	0	688833	32955	0	614873	11259	6321	301111
BFS/TD	Branch-based	80	604610	2151091	2219055	663	0	698786	34648	0	622812	11404	6349	305052
BFS/TD	Branch-based	81	628864	2330091	2334996	507	0	736243	35098	0	655439	12150	6720	320995
BFS/TD	Branch-based	82	664344	2363879	2418709	351	0	759073	37486	0	678865	12319	6930	332498
BFS/TD	Branch-based	83	655265	2311471	2515331	434	0	792217	34927	0	706405	12812	7294	345904
BFS/TD	Branch-based	84	643211	2269287	2453716	367	0	777131	37554	0	688693	13004	7007	337335
BFS/TD	Branch-based	85	740229	2387766	2591091	465	0	819631	41058	0	727253	13558	7420	356202
BFS/TD	Branch-based	86	738329	2773572	2703518	908	0	844624	41374	0	759052	14094	7812	371709
BFS/TD	Branch-based	87	762556	2709700	2718953	603	0	855793	41498	0	763209	14162	7798	373802
BFS/TD	Branch-based	88	788377	2746550	2780602	965	0	874774	42451	0	780565	14251	8106	382172
BFS/TD	Branch-based	89	766515	2617351	2814945	615	0	886265	42333	0	790305	14376	8099	387049
BFS/TD	Branch-based	90	745705	2619680	2831345	723	0	895288	41674	0	795147	14585	8190	389379
BFS/TD	Branch-based	91	734974	2697719	2761086	863	0	872674	42314	0	775176	13956	7917	379666
BFS/TD	Branch-based	92	764904	2602681	2809323	703	0	888381	42038	0	788891	14600	8071	386370
BFS/TD	Branch-based	93	750202	2705673	2790003	1317	0	877946	41973	0	783281	14527	7994	383642
BFS/TD	Branch-based	94	778912	2731264	2846655	1107	0	896441	41145	0	799305	14412	8176	391472
BFS/TD	Branch-based	95	767498	2785403	2846136	1132	0	899076	42593	0	798869	14710	8183	391247
BFS/TD	Branch-based	96	852661	2777449	2965353	689	0	932386	43346	0	832512	15184	8512	407739
BFS/TD	Branch-based	97	819142	2837379	3014087	1324	0	955182	46314	0	846051	15824	8673	414348
BFS/TD	Branch-based	98	869235	2969481	3130371	676	0	987643	46412	0	878999	15704	8960	430535
BFS/TD	Branch-based	99	820878	2898379	3118976	822	0	980856	45546	0	875815	15648	8995	428908
BFS/TD	Branch-based	100	841406	3123190	3094209	705	0	973173	46134	0	868883	15710	8876	425561
BFS/TD	Branch-based	101	808008	2932694	3066202	657	0	969648	45169	0	861044	15791	8827	421690
BFS/TD	Branch-based	102	858339	2999081	3023754	847	0	952224	44482	0	849209	15137	8687	415913
BFS/TD	Branch-based	103	794704	2787907	2955792	1012	0	935688	44237	0	829953	15174	8484	406488
BFS/TD	Branch-based	104	791943	2795988	2974047	1456	0	941669	46566	0	834803	15499	8498	408899
BFS/TD	Branch-based	105	851886	2969130	3093159	327	0	978767	44943	0	868613	15970	8911	425391
BFS/TD	Branch-based	106	826946	2894073	3063423	1120	0	961744	46373	0	860088	15893	8757	421282
BFS/TD	Branch-based	107	851785	2939577	3102091	1144	0	981823	45714	0	871183	16083	8946	426641
BFS/TD	Branch-based	108	828649	2861653	3032526	703	0	953981	44971	0	851631	15591	8701	417110
BFS/TD	Branch-based	109	817303	2808015	2977673	655	0	941269	43797	0	836343	15219	8568	409599
BFS/TD	Branch-based	110	774968	2820362	2891258	851	0	914321	42928	0	811941	14663	8253	397713
BFS/TD	Branch-based	111	784838	2736973	2876866	605	0	910892	44304	0	807680	14740	8232	395603
BFS/TD	Branch-based	112	806287	2922044	2938277	983	0	927113	45972	0	824781	14624	8428	403958
BFS/TD	Branch-based	113	851058	2924450	3054387	1769	0	966280	47731	0	857415	15204	8750	419953
BFS/TD	Branch-based	114	847813	3069381	3145253	1515	0	989659	46430	0	883287	15919	9058	432581
BFS/TD	Branch-based	115	862029	2895641	3089323	1136	0	973806	46831	0	867583	15528	8855	424932
BFS/TD	Branch-based	116	863463	3040395	3021990	346	0	954016	43108	0	848898	14830	8736	415708
BFS/TD	Branch-based	117	770802	2794988	2835314	578	0	895539	42375	0	796221	14683	8211	389895
BFS/TD	Branch-based	118	772506	2647247	2804963	1565	0	887838	43653	0	787417	14652	7966	385738
BFS/TD	Branch-based	119	812756	2847906	2907883	392	0	918366	43680	0	816499	14595	8365	399880
BFS/TD	Branch-based	120	804868	2889437	2916395	1459	0	915330	43835	0	818758	14695	8344	401030
BFS/TD	Branch-based	121	823591	2865246	2985716	1127	0	940898	45787	0	838137	15241	8568	410496
BFS/TD	Branch-based	122	831621	2911497	3062394	1214	0	965923	44508	0	860039	15407	8841	421174
BFS/TD	Branch-based	123	792209	2823541	2994103	402	0	947820	46040	0	840683	15547	8575	411762
BFS/TD	Branch-based	124	803703	2845271	2988348	612	0	933597	41913	0	839579	14964	8659	411126
BFS/TD	Branch-based	125	724749	2552661	2750320	628	0	863482	39301	0	772580	14104	7945	378340
BFS/TD	Branch-based	126	723496	2653219	2600779	1202	0	818307	37501	0	730561	13283	7483	357793
BFS/TD	Branch-based	127	652311	2332855	2482073	559	0	781910	36401	0	697185	12270	7119	341469
BFS/TD	Branch-based	128	635123	2277026	2384151	522	0	746693	35847	0	669549	12101	6853	327917
BFS/TD	Branch-based	129	624254	2371274	2342430	241	0	735424	34833	0	657887	11798	6720	322219
BFS/TD	Branch-based	130	630318	2152248	2284729	223	0	722611	35162	0	641521	11497	6552	314204
BFS/TD	Branch-based	131	613901	2121240	2297175	201	0	723058	36274	0	644951	11687	6580	315891
BFS/TD	Branch-based	132	648929	2288601	2296328	801	0	718634	34325	0	644776	12005	6699	315684
BFS/TD	Branch-based	133	602233	2189608	2244262	308	0	701390	33859	0	630223	11321	6503	308604
BFS/TD	Branch-based	134	570908	2106922	2191328	212	0	689755	32934	0	615477	11125	6321	301413
BFS/TD	Branch-based	135	614430	2010519	2118333	259	0	669938	32512	0	594747	10859	6062	291307
BFS/TD	Branch-based	136	568827	2022958	2150070	381	0	680430	32924	0	603689	11135	6174	295666
BFS/TD	Branch-based	137	579786	2070015	2166954	214	0	679903	33460	0	608393	11329	6209	297983
BFS/TD	Branch-based	138	573421	2169588	2198496	333	0	695019	33577	0	617214	11341	6314	302288
BFS/TD	Branch-based	139	591625	2165007	2238956	371	0	711139	34802	0	628581	11804	6433	307853
BFS/TD	Branch-based	140	599993	2150265	2295523	510	0	726836	36090	0	644359	11531	6538	315637
BFS/TD	Branch-based	141	622850	2259199	2396786	490	0	757632	37102	0	672877	12467	6881	329553
BFS/TD	Branch-based	142	634237	2285929	2448991	588	0	773295	37339	0	687577	12797	7021	336763
BFS/TD	Branch-based	143	653462	2322581	2488156	690	0	786605	37041	0	698749	12961	7133	342237
BFS/TD	Branch-based	144	639712	2360345	2449775	310	0	774993	37259	0	687970	12774	7042	336938
BFS/TD	Branch-based	145	674038	2346806	2421495	295	0	768341	38472	0	679835	12615	6916	332997
BFS/TD	Branch-based	146	668136	2370228	2477138	408	0	781952	38488	0	695613	12417	7105	340697
BFS/TD	Branch-based	147	696646	2417050	2461998	197	0	780315	37586	0	691203	12896	7056	338541
BFS/TD	Branch-based	148	660585	2371822	2510325	536	0	794256	37956	0	704825	12972	7203	345205
BFS/TD	Branch-based	149	729960	2321558	2535910	729	0	800209	36401	0	712273	12921	7273	348859
BFS/TD	Branch-based	150	681175	2517354	2450076	244	0	765446	36201	0	688068	12712	7042	336987
BFS/TD	Branch-based	151	655449	2354261	2404975	437	0	758835	34919	0	675523	12087	6902	330855
BFS/TD	Branch-based	152	649443	2208628	2322788	278	0	733843	33760	0	652395	11944	6643	319550
BFS/TD	Branch-based	153	601000	2110089	2251683	432	0	710550	32639	0	632403	11314	6489	309708
BFS/TD	Branch-based	154	564662	1990007	2177720	298	0	685307	30350	0	611823	11051	6265	299642
BFS/TD	Branch-based	155	532541	1884941	2039078	223	0	645062	29566	0	572721	10268	5845	280511
BFS/TD	Branch-based	156	535319	1942506	1971367	163	0	617539	28403	0	553807	9934	5670	271229
BFS/TD	Branch-based	157	491538	1850159	1867508	196	0	587313	27348	0	524506	9330	5341	256907
BFS/TD	Branch-based	158	468118	1681714	1809198	413	0	567946	23885	0	508433	8970	5236	248976
BFS/TD	Branch-based	159	439898	1484244	1626050	510	0	508581	22267	0	456885	7858	4655	223783
BFS/TD	Branch-based	160	416977	1410782	1517466	127	0	476541	21967	0	426113	7595	4326	208726
BFS/TD	Branch-based	161	384810	1421244	1503753	203	0	474238	21750	0	422291	7740	4361	206780
BFS/TD	Branch-based	162	386391	1330967	1476951	280	0	463644	21385	0	414843	7542	4214	203203
BFS/TD	Branch-based	163	357254	1259678	1423127	370	0	448663	19604	0	399849	7085	4116	195804
BFS/TD	Branch-based	164	328637	1203498	1309573	453	0	411665	17753	0	367999	6491	3766	180229
BFS/TD	Branch-based	165	307098	1080390	1192281	365	0	375058	16550	0	334973	5993	3423	164059
BFS/TD	Branch-based	166	288714	1016859	1105943	45	0	347817	15134	0	310767	5450	3199	152180
BFS/TD	Branch-based	167	281078	986891	1017064	108	0	317716	14991	0	285679	5057	2884	139951
BFS/TD	Branch-based	168	276461	987213	994342	303	0	310667	15035	0	279212	5184	2842	136759
BFS/TD	Branch-based	169	271252	895582	989764	165	0	310934	14467	0	278035	5099	2856	136157
BFS/TD	Branch-based	170	245475	833512	939672	30	0	295420	12386	0	264119	4628	2688	129367
BFS/TD	Branch-based	171	212146	719768	827294	40	0	260594	10787	0	232563	4058	2394	113883
BFS/TD	Branch-based	172	189165	603168	703429	52	0	219060	8871	0	197773	3379	2044	96838
BFS/TD	Branch-based	173	144152	565890	587621	56	0	182421	7316	0	165237	2767	1694	80920
BFS/TD	Branch-based	174	114575	468327	481207	90	0	150084	5206	0	135445	2148	1400	66318
BFS/TD	Branch-based	175	76937	311079	334662	2	0	102258	1854	0	94481	1279	980	46256
BFS/TD	Branch-based	176	24154	107345	113721	0	0	34482	284	0	32153	389	343	15729
BFS/TD	Branch-based	177	3093	14824	14937	0	0	4511	14	0	4223	52	49	2058
BFS/TD	Branch-avoiding	0	726	2243	425	0	0	92	78	0	42	5	1	31
BFS/TD	Branch-avoiding	1	3253	10755	14513	122	0	2623	2470	0	1251	35	31	1180
BFS/TD	Branch-avoiding	2	5684	19973	30153	0	0	5379	5119	0	2587	62	59	2460
BFS/TD	Branch-avoiding	3	8343	28317	44275	0	0	7862	7471	0	3793	87	84	3616
BFS/TD	Branch-avoiding	4	9076	31935	50729	0	0	8969	8539	0	4339	94	91	4148
BFS/TD	Branch-avoiding	5	10527	37005	63035	0	0	11172	10639	0	5389	115	112	5156
BFS/TD	Branch-avoiding	6	14625	51678	82957	0	0	14653	13991	0	7090	150	147	6787
BFS/TD	Branch-avoiding	7	17260	61325	102879	232	0	18256	17357	0	8791	185	182	8418
BFS/TD	Branch-avoiding	8	20982	74237	123389	0	0	21887	20870	0	10541	220	217	10098
BFS/TD	Branch-avoiding	9	24192	83951	135107	0	0	23888	22767	0	11542	241	238	11057
BFS/TD	Branch-avoiding	10	23959	82537	144931	35	0	25652	24580	0	12377	255	252	11864
BFS/TD	Branch-avoiding	11	25989	91705	158399	186	0	28036	26718	0	13532	283	280	12963
BFS/TD	Branch-avoiding	12	29202	103339	178493	0	0	31509	30059	0	15231	304	301	14620
BFS/TD	Branch-avoiding	13	36513	127721	218767	13	0	38654	36892	0	18677	381	378	17912
BFS/TD	Branch-avoiding	14	41177	143066	257305	176	0	45457	43395	0	21962	444	441	21071
BFS/TD	Branch-avoiding	15	47977	167226	299931	238	0	52972	50581	0	25604	521	518	24559
BFS/TD	Branch-avoiding	16	58784	206645	379619	46	0	67063	64006	0	32408	661	658	31083
BFS/TD	Branch-avoiding	17	65828	231880	424009	241	0	74921	71480	0	36197	738	735	34718
BFS/TD	Branch-avoiding	18	71757	252412	471797	302	0	83280	79462	0	40261	808	805	38642
BFS/TD	Branch-avoiding	19	86210	304963	549735	386	0	96922	92536	0	46912	941	938	45026
BFS/TD	Branch-avoiding	20	113478	400265	701103	562	0	123470	117932	0	59819	1193	1190	57430
BFS/TD	Branch-avoiding	21	144978	508400	891505	400	0	157192	150135	0	76086	1536	1533	73011
BFS/TD	Branch-avoiding	22	177473	626875	1124167	532	0	198243	189261	0	95940	1935	1932	92067
BFS/TD	Branch-avoiding	23	218043	765977	1399093	569	0	246878	235576	0	119414	2418	2415	114575
BFS/TD	Branch-avoiding	24	243506	854396	1532549	994	0	270738	258374	0	130813	2656	2653	125498
BFS/TD	Branch-avoiding	25	248822	874096	1591069	715	0	280920	268114	0	135804	2754	2751	130293
BFS/TD	Branch-avoiding	26	257055	902074	1633779	683	0	288635	275301	0	139453	2831	2828	133788
BFS/TD	Branch-avoiding	27	276851	914457	1621357	777	0	286321	273324	0	138377	2796	2793	132782
BFS/TD	Branch-avoiding	28	272299	946179	1693777	1282	0	298918	285390	0	144510	2880	2877	138747
BFS/TD	Branch-avoiding	29	290988	1022887	1806643	1259	0	319250	304554	0	154185	3113	3108	147960
BFS/TD	Branch-avoiding	30	284297	996696	1778689	1101	0	314009	299748	0	151782	3049	3045	145683
BFS/TD	Branch-avoiding	31	296335	1039948	1859568	439	0	328200	313361	0	158677	3181	3178	152312
BFS/TD	Branch-avoiding	32	304956	1068963	1895179	1066	0	334405	319291	0	161710	3237	3234	155233
BFS/TD	Branch-avoiding	33	308580	1089509	1937935	872	0	341941	326455	0	165371	3321	3318	158726
BFS/TD	Branch-avoiding	34	325366	1145815	2026643	1678	0	357407	341391	0	172894	3433	3430	166025
BFS/TD	Branch-avoiding	35	343959	1207478	2147581	1083	0	378962	361724	0	183259	3678	3675	175899
BFS/TD	Branch-avoiding	36	361337	1273090	2259669	1436	0	398683	380549	0	192811	3860	3857	185088
BFS/TD	Branch-avoiding	37	368592	1295570	2312925	1032	0	408443	389637	0	197396	3986	3983	189421
BFS/TD	Branch-avoiding	38	356107	1248273	2263141	1205	0	399370	381131	0	193133	3888	3885	185354
BFS/TD	Branch-avoiding	39	350320	1206147	2151743	606	0	379738	362420	0	183662	3727	3724	176205
BFS/TD	Branch-avoiding	40	334650	1179312	2055773	947	0	362513	346017	0	175395	3496	3493	168400
BFS/TD	Branch-avoiding	41	354989	1247486	2152717	3305	0	379431	362222	0	183686	3680	3675	176327
BFS/TD	Branch-avoiding	42	386735	1361999	2365448	1194	0	417227	398315	0	201830	4036	4032	193757
BFS/TD	Branch-avoiding	43	411853	1450512	2529827	1726	0	446153	426108	0	215855	4315	4312	207222
BFS/TD	Branch-avoiding	44	444842	1567653	2747535	1318	0	484547	462750	0	234422	4679	4676	225061
BFS/TD	Branch-avoiding	45	470337	1655849	2928969	1106	0	517168	493553	0	249959	5036	5033	239883
BFS/TD	Branch-avoiding	46	478688	1688603	2988087	1272	0	527209	503247	0	254958	5099	5096	244757
BFS/TD	Branch-avoiding	47	486952	1717256	3055543	1425	0	539420	514734	0	260759	5253	5250	250250
BFS/TD	Branch-avoiding	48	490484	1681389	2985407	1267	0	527208	503046	0	254751	5113	5110	244522
BFS/TD	Branch-avoiding	49	494885	1700942	3003321	1364	0	529815	505856	0	256252	5120	5117	246009
BFS/TD	Branch-avoiding	50	486568	1716651	3001529	1600	0	529761	505613	0	256119	5136	5131	245848
BFS/TD	Branch-avoiding	51	483674	1703514	2959978	1269	0	522029	498532	0	252542	5037	5033	242467
BFS/TD	Branch-avoiding	52	517759	1821745	3192129	1539	0	563421	537882	0	272378	5456	5453	261463
BFS/TD	Branch-avoiding	53	545911	1928065	3382701	1719	0	597110	570105	0	288652	5792	5789	277064
BFS/TD	Branch-avoiding	54	564613	1989611	3488663	1532	0	615817	587983	0	297669	5953	5950	285760
BFS/TD	Branch-avoiding	55	587292	2066387	3624027	1791	0	639788	610625	0	309227	6191	6188	296842
BFS/TD	Branch-avoiding	56	613927	2095542	3643133	1428	0	643483	614026	0	310909	6268	6265	298370
BFS/TD	Branch-avoiding	57	590007	2067990	3587915	1380	0	633562	604688	0	306185	6165	6160	293856
BFS/TD	Branch-avoiding	58	569680	1995914	3498474	2145	0	617178	589443	0	298511	5975	5971	286560
BFS/TD	Branch-avoiding	59	558888	1968872	3411771	1590	0	601905	574792	0	291098	5813	5810	279469
BFS/TD	Branch-avoiding	60	550540	1934770	3349195	1644	0	591126	564216	0	285770	5715	5712	274336
BFS/TD	Branch-avoiding	61	557088	1962585	3393299	1840	0	598522	571562	0	289526	5785	5782	277953
BFS/TD	Branch-avoiding	62	580985	2043882	3553707	1415	0	627174	598679	0	303220	6065	6062	291087
BFS/TD	Branch-avoiding	63	615016	2148200	3686003	1819	0	650380	620771	0	314506	6289	6286	301925
BFS/TD	Branch-avoiding	64	645792	2268052	3861241	2178	0	681040	650335	0	329444	6578	6573	316289
BFS/TD	Branch-avoiding	65	667532	2348618	4032894	1962	0	711862	679474	0	344124	6899	6895	330325
BFS/TD	Branch-avoiding	66	690555	2428230	4184811	1820	0	738971	705505	0	357086	7157	7154	342769
BFS/TD	Branch-avoiding	67	702417	2476301	4255393	2024	0	751432	717274	0	363124	7290	7287	348540
BFS/TD	Branch-avoiding	68	708314	2490554	4329659	1947	0	764583	729761	0	369467	7423	7420	354618
BFS/TD	Branch-avoiding	69	709356	2475563	4286041	1528	0	756430	722098	0	365726	7332	7329	351059
BFS/TD	Branch-avoiding	70	690951	2437737	4175704	2409	0	737151	703768	0	356327	7159	7154	342010
BFS/TD	Branch-avoiding	71	671056	2366244	4059231	1381	0	716674	684009	0	346425	6990	6986	332444
BFS/TD	Branch-avoiding	72	644193	2267025	3907311	1733	0	689668	658568	0	333472	6737	6734	319994
BFS/TD	Branch-avoiding	73	638253	2244707	3879997	1959	0	684646	653610	0	331056	6618	6615	317817
BFS/TD	Branch-avoiding	74	635358	2239105	3863791	1448	0	681988	650894	0	329730	6639	6636	316449
BFS/TD	Branch-avoiding	75	633241	2203446	3828545	2042	0	675465	645004	0	326703	6562	6559	313576
BFS/TD	Branch-avoiding	76	618448	2173514	3764263	1551	0	664030	633980	0	321191	6431	6426	308330
BFS/TD	Branch-avoiding	77	624368	2195551	3779488	1566	0	667416	636852	0	322574	6528	6524	309517
BFS/TD	Branch-avoiding	78	601170	2109958	3652193	1551	0	644270	615288	0	311615	6226	6223	299160
BFS/TD	Branch-avoiding	79	606835	2131312	3676585	1703	0	648995	619370	0	313763	6324	6321	301111
BFS/TD	Branch-avoiding	80	609637	2144218	3724157	1797	0	656861	627264	0	317759	6352	6349	305052
BFS/TD	Branch-avoiding	81	650789	2261780	3919183	1999	0	691751	660364	0	334444	6723	6720	320995
BFS/TD	Branch-avoiding	82	669291	2349089	4059319	1884	0	716210	683964	0	346367	6935	6930	332498
BFS/TD	Branch-avoiding	83	694618	2435300	4223832	2524	0	746040	711955	0	360501	7298	7294	345904
BFS/TD	Branch-avoiding	84	684228	2404672	4118133	2808	0	726701	693998	0	351358	7010	7007	337335
BFS/TD	Branch-avoiding	85	718141	2526962	4348667	2835	0	767358	732647	0	371052	7423	7420	356202
BFS/TD	Branch-avoiding	86	747141	2636675	4538671	2088	0	801327	764926	0	387342	7815	7812	371709
BFS/TD	Branch-avoiding	87	781227	2670551	4563647	3060	0	805481	768926	0	389407	7801	7798	373802
BFS/TD	Branch-avoiding	88	780715	2742133	4667168	2376	0	824593	786933	0	398393	8111	8106	382172
BFS/TD	Branch-avoiding	89	780627	2747051	4725621	2143	0	834741	796751	0	403256	8103	8099	387049
BFS/TD	Branch-avoiding	90	785883	2763495	4754491	1620	0	839962	801649	0	405769	8193	8190	389379
BFS/TD	Branch-avoiding	91	770417	2713482	4635205	2680	0	818020	780930	0	395509	7920	7917	379666
BFS/TD	Branch-avoiding	92	797381	2773296	4717193	2704	0	832951	795212	0	402521	8074	8071	386370
BFS/TD	Branch-avoiding	93	775333	2723870	4683688	1911	0	826700	789521	0	399639	7999	7994	383642
BFS/TD	Branch-avoiding	94	797895	2801161	4779467	2341	0	843450	805577	0	407833	8180	8176	391472
BFS/TD	Branch-avoiding	95	806646	2837389	4776837	2247	0	843090	804927	0	407623	8186	8183	391247
BFS/TD	Branch-avoiding	96	833726	2938218	4978031	2795	0	878370	838784	0	424772	8515	8512	407739
BFS/TD	Branch-avoiding	97	857535	2992223	5058949	2208	0	893154	852514	0	431703	8676	8673	414348
BFS/TD	Branch-avoiding	98	880779	3092250	5256064	2475	0	927145	885254	0	448464	8965	8960	430535
BFS/TD	Branch-avoiding	99	870587	3072647	5236889	2823	0	924923	882739	0	446907	8999	8995	428908
BFS/TD	Branch-avoiding	100	866326	3060134	5195535	1986	0	917271	875547	0	443323	8879	8876	425561
BFS/TD	Branch-avoiding	101	858907	3031017	5148593	1806	0	909399	867903	0	439353	8830	8827	421690
BFS/TD	Branch-avoiding	102	859928	2996279	5077869	1773	0	896644	855751	0	433296	8692	8687	415913
BFS/TD	Branch-avoiding	103	836114	2941097	4962740	2399	0	875637	836074	0	423465	8488	8484	406488
BFS/TD	Branch-avoiding	104	836799	2943397	4991811	2908	0	880603	841001	0	425905	8501	8498	408899
BFS/TD	Branch-avoiding	105	879284	3092199	5193845	3512	0	917227	875791	0	443222	8914	8911	425391
BFS/TD	Branch-avoiding	106	879084	3080680	5142997	2163	0	907981	866840	0	438805	8760	8757	421282
BFS/TD	Branch-avoiding	107	879250	3097261	5209196	2142	0	919937	878178	0	444542	8951	8946	426641
BFS/TD	Branch-avoiding	108	864615	3041471	5092373	2340	0	899127	858467	0	434521	8705	8701	417110
BFS/TD	Branch-avoiding	109	849406	2982894	5000911	2635	0	882976	842792	0	426745	8571	8568	409599
BFS/TD	Branch-avoiding	110	827157	2908365	4855129	3271	0	856486	817887	0	414228	8256	8253	397713
BFS/TD	Branch-avoiding	111	826407	2885336	4829599	2269	0	852196	813731	0	412076	8235	8232	395603
BFS/TD	Branch-avoiding	112	839924	2950546	4931820	1900	0	870778	831064	0	420823	8433	8428	403958
BFS/TD	Branch-avoiding	113	867261	3043803	5126979	2666	0	905309	864296	0	437462	8754	8750	419953
BFS/TD	Branch-avoiding	114	895865	3151294	5281595	2270	0	932826	890473	0	450707	9061	9058	432581
BFS/TD	Branch-avoiding	115	876309	3079797	5187777	2233	0	916179	874525	0	442651	8858	8855	424932
BFS/TD	Branch-avoiding	116	869764	3029583	5075899	2682	0	896942	856072	0	433189	8741	8736	415708
BFS/TD	Branch-avoiding	117	806777	2840295	4760894	2101	0	841237	802821	0	406326	8215	8211	389895
BFS/TD	Branch-avoiding	118	799775	2808243	4708559	2113	0	830798	793629	0	401680	7969	7966	385738
BFS/TD	Branch-avoiding	119	824198	2907329	4882253	2388	0	862134	822949	0	416619	8368	8365	399880
BFS/TD	Branch-avoiding	120	830373	2921857	4895843	3081	0	864426	825198	0	417727	8347	8344	401030
BFS/TD	Branch-avoiding	121	849475	2964660	5011676	2185	0	885001	845055	0	427641	8573	8568	410496
BFS/TD	Branch-avoiding	122	864610	3032761	5142541	2393	0	908339	867048	0	438865	8845	8841	421174
BFS/TD	Branch-avoiding	123	838116	2945605	5026937	1844	0	887345	847350	0	428922	8578	8575	411762
BFS/TD	Branch-avoiding	124	833374	2946661	5020145	2492	0	887023	846388	0	428453	8662	8659	411126
BFS/TD	Branch-avoiding	125	774933	2707000	4619573	2006	0	815803	778591	0	394239	7948	7945	378340
BFS/TD	Branch-avoiding	126	729388	2560448	4368390	2266	0	771286	736440	0	372768	7488	7483	357793
BFS/TD	Branch-avoiding	127	686180	2420143	4168861	2126	0	735584	702393	0	355716	7123	7119	341469
BFS/TD	Branch-avoiding	128	662812	2323069	4003577	1581	0	706393	674316	0	341633	6856	6853	327917
BFS/TD	Branch-avoiding	129	647094	2281081	3933871	1792	0	694020	662612	0	335668	6723	6720	322219
BFS/TD	Branch-avoiding	130	629156	2215146	3836011	1849	0	676845	646107	0	327317	6555	6552	314204
BFS/TD	Branch-avoiding	131	639162	2228397	3856535	2259	0	680597	649638	0	329060	6583	6580	315891
BFS/TD	Branch-avoiding	132	639187	2245341	3855242	1995	0	680816	649669	0	329091	6704	6699	315684
BFS/TD	Branch-avoiding	133	619792	2180420	3768321	1617	0	665182	634997	0	321619	6507	6503	308604
BFS/TD	Branch-avoiding	134	606228	2128482	3680209	1788	0	649333	620050	0	314064	6324	6321	301413
BFS/TD	Branch-avoiding	135	589882	2073679	3556347	1955	0	627391	599181	0	303441	6065	6062	291307
BFS/TD	Branch-avoiding	136	592410	2083860	3609775	1758	0	636855	607961	0	308023	6177	6174	295666
BFS/TD	Branch-avoiding	137	603050	2121459	3637929	1976	0	642005	612993	0	310410	6212	6209	297983
BFS/TD	Branch-avoiding	138	617280	2143025	3690639	2207	0	651340	621730	0	314925	6319	6314	302288
BFS/TD	Branch-avoiding	139	617303	2170891	3758610	1455	0	663457	633198	0	320728	6437	6433	307853
BFS/TD	Branch-avoiding	140	636384	2238553	3853067	2093	0	679886	649412	0	328722	6541	6538	315637
BFS/TD	Branch-avoiding	141	658798	2329189	4023489	1809	0	710172	678031	0	343325	6884	6881	329553
BFS/TD	Branch-avoiding	142	673273	2371149	4111409	1638	0	725692	692832	0	350814	7024	7021	336763
BFS/TD	Branch-avoiding	143	691536	2424353	4178217	1925	0	737280	703985	0	356512	7136	7133	342237
BFS/TD	Branch-avoiding	144	686702	2392541	4113719	1211	0	726123	693180	0	351031	7047	7042	336938
BFS/TD	Branch-avoiding	145	676392	2372781	4065168	1607	0	716893	684775	0	346838	6920	6916	332997
BFS/TD	Branch-avoiding	146	688049	2415644	4159457	2139	0	733988	700677	0	354916	7108	7105	340697
BFS/TD	Branch-avoiding	147	689894	2415680	4133095	1516	0	729153	696347	0	352663	7059	7056	338541
BFS/TD	Branch-avoiding	148	700169	2469588	4214533	2376	0	743827	710075	0	359620	7206	7203	345205
BFS/TD	Branch-avoiding	149	703000	2473355	4259081	2061	0	751572	717576	0	363414	7276	7273	348859
BFS/TD	Branch-avoiding	150	691271	2406561	4114307	2282	0	726225	693386	0	351080	7047	7042	336987
BFS/TD	Branch-avoiding	151	664471	2343537	4039324	1779	0	713046	680547	0	344668	6906	6902	330855
BFS/TD	Branch-avoiding	152	642145	2254168	3901073	1765	0	688172	657166	0	332845	6646	6643	319550
BFS/TD	Branch-avoiding	153	623663	2195349	3781429	1646	0	667566	637130	0	322696	6492	6489	309708
BFS/TD	Branch-avoiding	154	602835	2119577	3658397	1079	0	646068	616579	0	312181	6268	6265	299642
BFS/TD	Branch-avoiding	155	560500	1968650	3424625	1900	0	604481	577124	0	292210	5848	5845	280511
BFS/TD	Branch-avoiding	156	544405	1897366	3311491	1356	0	584412	557840	0	282578	5673	5670	271229
BFS/TD	Branch-avoiding	157	507437	1786212	3136338	1633	0	553406	528378	0	267598	5346	5341	256907
BFS/TD	Branch-avoiding	158	492428	1729814	3040115	1146	0	536566	512151	0	259457	5240	5236	248976
BFS/TD	Branch-avoiding	159	442150	1549750	2731989	1262	0	481720	460107	0	233102	4658	4655	223783
BFS/TD	Branch-avoiding	160	411511	1450152	2548015	1249	0	449084	428935	0	217387	4329	4326	208726
BFS/TD	Branch-avoiding	161	410500	1443474	2525013	1001	0	445643	425233	0	215512	4364	4361	206780
BFS/TD	Branch-avoiding	162	401562	1407653	2480619	1195	0	437474	417709	0	211640	4217	4214	203203
BFS/TD	Branch-avoiding	163	381915	1345309	2390851	525	0	421958	402677	0	204045	4119	4116	195804
BFS/TD	Branch-avoiding	164	351489	1238526	2200451	1620	0	388216	370596	0	187770	3769	3766	180229
BFS/TD	Branch-avoiding	165	322143	1131141	2002981	648	0	353338	337362	0	170914	3426	3423	164059
BFS/TD	Branch-avoiding	166	305616	1048817	1858193	895	0	327920	312972	0	158587	3202	3199	152180
BFS/TD	Branch-avoiding	167	279127	979234	1708295	841	0	301073	287577	0	145728	2889	2884	139951
BFS/TD	Branch-avoiding	168	267727	945347	1669572	949	0	294503	281164	0	142452	2846	2842	136759
BFS/TD	Branch-avoiding	169	267608	941320	1662487	572	0	293350	279959	0	141878	2859	2856	136157
BFS/TD	Branch-avoiding	170	251887	887434	1579327	474	0	278557	265998	0	134752	2691	2688	129367
BFS/TD	Branch-avoiding	171	219232	764663	1390579	559	0	245586	234464	0	118680	2397	2394	113883
BFS/TD	Branch-avoiding	172	185438	651230	1182539	505	0	208891	199367	0	100935	2047	2044	96838
BFS/TD	Branch-avoiding	173	153736	542807	988023	394	0	174568	166575	0	84317	1697	1694	80920
BFS/TD	Branch-avoiding	174	122363	429789	809859	257	0	143138	136536	0	69127	1403	1400	66318
BFS/TD	Branch-avoiding	175	84516	297135	564915	226	0	99907	95303	0	48226	983	980	46256
BFS/TD	Branch-avoiding	176	28505	100074	192221	0	0	34099	32463	0	16424	346	343	15729
BFS/TD	Branch-avoiding	177	3700	13363	25229	0	0	4515	4270	0	2165	52	49	2058
