BFS/TD	Branch-based	0	0.0000002330	29	215	1069	1	3
BFS/TD	Branch-based	1	0.0000002730	26	85	403	3	14
BFS/TD	Branch-based	2	0.0000004110	34	131	606	11	29
BFS/TD	Branch-based	3	0.0000007250	67	217	982	17	66
BFS/TD	Branch-based	4	0.0000010780	103	347	1509	36	112
BFS/TD	Branch-based	5	0.0000013470	125	389	1737	41	128
BFS/TD	Branch-based	6	0.0000015330	142	503	2226	63	163
BFS/TD	Branch-based	7	0.0000018730	170	601	2635	71	204
BFS/TD	Branch-based	8	0.0000024210	212	709	3094	85	244
BFS/TD	Branch-based	9	0.0000027500	235	801	3557	98	277
BFS/TD	Branch-based	10	0.0000035940	315	1043	4653	132	364
BFS/TD	Branch-based	11	0.0000052030	442	1521	6743	181	554
BFS/TD	Branch-based	12	0.0000074020	615	2249	9870	271	828
BFS/TD	Branch-based	13	0.0000092020	770	2945	12993	374	1073
BFS/TD	Branch-based	14	0.0000117030	990	3791	16551	500	1370
BFS/TD	Branch-based	15	0.0000136200	1198	4433	19185	573	1618
BFS/TD	Branch-based	16	0.0000138830	1207	4659	19997	629	1675
BFS/TD	Branch-based	17	0.0000121410	1054	4163	17748	580	1476
BFS/TD	Branch-based	18	0.0000081910	673	3055	13075	458	1044
BFS/TD	Branch-based	19	0.0000056230	469	2067	8825	315	693
BFS/TD	Branch-based	20	0.0000036250	311	1323	5681	194	442
BFS/TD	Branch-based	21	0.0000023020	192	955	4012	135	317
BFS/TD	Branch-based	22	0.0000014240	128	581	2454	67	198
BFS/TD	Branch-based	23	0.0000011520	96	477	1985	52	161
BFS/TD	Branch-based	24	0.0000006680	54	279	1175	32	82
BFS/TD	Branch-based	25	0.0000003340	27	145	631	13	34
BFS/TD	Branch-based	26	0.0000002080	14	99	437	7	17
BFS/TD	Branch-based	27	0.0000001110	9	59	276	2	2
BFS/TD	Branch-avoiding	0	0.0000001590	11	56	290	1	3
BFS/TD	Branch-avoiding	1	0.0000001920	13	71	442	3	14
BFS/TD	Branch-avoiding	2	0.0000002980	20	102	702	11	29
BFS/TD	Branch-avoiding	3	0.0000003930	28	151	1206	17	66
BFS/TD	Branch-avoiding	4	0.0000006060	45	235	1948	36	112
BFS/TD	Branch-avoiding	5	0.0000007140	47	261	2190	41	128
BFS/TD	Branch-avoiding	6	0.0000009840	80	340	2830	63	163
BFS/TD	Branch-avoiding	7	0.0000011720	80	397	3402	71	204
BFS/TD	Branch-avoiding	8	0.0000014680	102	465	4022	85	244
BFS/TD	Branch-avoiding	9	0.0000017180	124	524	4548	98	277
BFS/TD	Branch-avoiding	10	0.0000022970	147	679	5932	132	364
BFS/TD	Branch-avoiding	11	0.0000031570	202	967	8702	181	554
BFS/TD	Branch-avoiding	12	0.0000046860	293	1421	12890	271	828
BFS/TD	Branch-avoiding	13	0.0000058370	378	1872	16860	374	1073
BFS/TD	Branch-avoiding	14	0.0000074490	499	2421	21684	500	1370
BFS/TD	Branch-avoiding	15	0.0000089250	622	2815	25390	573	1618
BFS/TD	Branch-avoiding	16	0.0000094500	676	2984	26634	629	1675
BFS/TD	Branch-avoiding	17	0.0000085190	582	2687	23756	580	1476
BFS/TD	Branch-avoiding	18	0.0000063320	439	2011	17352	458	1044
BFS/TD	Branch-avoiding	19	0.0000042500	299	1374	11710	315	693
BFS/TD	Branch-avoiding	20	0.0000026950	192	881	7488	194	442
BFS/TD	Branch-avoiding	21	0.0000018560	141	638	5398	135	317
BFS/TD	Branch-avoiding	22	0.0000010960	82	383	3290	67	198
BFS/TD	Branch-avoiding	23	0.0000008410	64	316	2696	52	161
BFS/TD	Branch-avoiding	24	0.0000005830	42	197	1548	32	82
BFS/TD	Branch-avoiding	25	0.0000002940	22	111	782	13	34
BFS/TD	Branch-avoiding	26	0.0000002190	16	82	518	7	17
BFS/TD	Branch-avoiding	27	0.0000001250	10	57	288	2	2
