BFS/TD	Branch-based	0	0.0000008250	54	215	1069	1	3
BFS/TD	Branch-based	1	0.0000007130	40	85	403	3	14
BFS/TD	Branch-based	2	0.0000013580	63	131	606	11	29
BFS/TD	Branch-based	3	0.0000021380	115	217	982	17	66
BFS/TD	Branch-based	4	0.0000028350	164	347	1509	36	112
BFS/TD	Branch-based	5	0.0000034050	180	389	1737	41	128
BFS/TD	Branch-based	6	0.0000038930	222	503	2226	63	163
BFS/TD	Branch-based	7	0.0000042600	232	601	2635	71	204
BFS/TD	Branch-based	8	0.0000059620	269	709	3094	85	244
BFS/TD	Branch-based	9	0.0000065030	312	801	3557	98	277
BFS/TD	Branch-based	10	0.0000085570	345	1043	4653	132	364
BFS/TD	Branch-based	11	0.0000125700	504	1521	6743	181	554
BFS/TD	Branch-based	12	0.0000183380	756	2249	9870	271	828
BFS/TD	Branch-based	13	0.0000228980	882	2945	12993	374	1073
BFS/TD	Branch-based	14	0.0000285520	1069	3791	16551	500	1370
BFS/TD	Branch-based	15	0.0000316880	1321	4433	19185	573	1618
BFS/TD	Branch-based	16	0.0000316950	1373	4659	19997	629	1675
BFS/TD	Branch-based	17	0.0000284700	1172	4163	17748	580	1476
BFS/TD	Branch-based	18	0.0000206480	780	3055	13075	458	1044
BFS/TD	Branch-based	19	0.0000140770	544	2067	8825	315	693
BFS/TD	Branch-based	20	0.0000088650	339	1323	5681	194	442
BFS/TD	Branch-based	21	0.0000056550	244	955	4012	135	317
BFS/TD	Branch-based	22	0.0000036230	182	581	2454	67	198
BFS/TD	Branch-based	23	0.0000025570	129	477	1985	52	161
BFS/TD	Branch-based	24	0.0000015600	81	279	1175	32	82
BFS/TD	Branch-based	25	0.0000009150	55	145	631	13	34
BFS/TD	Branch-based	26	0.0000005320	30	99	437	7	17
BFS/TD	Branch-based	27	0.0000003230	21	59	276	2	2
BFS/TD	Branch-avoiding	0	0.0000007580	23	56	290	1	3
BFS/TD	Branch-avoiding	1	0.0000008100	31	71	442	3	14
BFS/TD	Branch-avoiding	2	0.0000017850	47	102	702	11	29
BFS/TD	Branch-avoiding	3	0.0000019200	69	151	1206	17	66
BFS/TD	Branch-avoiding	4	0.0000026020	104	235	1948	36	112
BFS/TD	Branch-avoiding	5	0.0000029400	84	261	2190	41	128
BFS/TD	Branch-avoiding	6	0.0000035930	104	340	2830	63	163
BFS/TD	Branch-avoiding	7	0.0000043200	109	397	3402	71	204
BFS/TD	Branch-avoiding	8	0.0000058950	136	465	4022	85	244
BFS/TD	Branch-avoiding	9	0.0000068170	158	524	4548	98	277
BFS/TD	Branch-avoiding	10	0.0000102600	170	679	5932	132	364
BFS/TD	Branch-avoiding	11	0.0000142270	225	967	8702	181	554
BFS/TD	Branch-avoiding	12	0.0000188400	316	1421	12890	271	828
BFS/TD	Branch-avoiding	13	0.0000250120	421	1872	16860	374	1073
BFS/TD	Branch-avoiding	14	0.0000290850	527	2421	21684	500	1370
BFS/TD	Branch-avoiding	15	0.0000303450	601	2815	25390	573	1618
BFS/TD	Branch-avoiding	16	0.0000316650	743	2984	26634	629	1675
BFS/TD	Branch-avoiding	17	0.0000278100	604	2687	23756	580	1476
BFS/TD	Branch-avoiding	18	0.0000213080	457	2011	17352	458	1044
BFS/TD	Branch-avoiding	19	0.0000144750	324	1374	11710	315	693
BFS/TD	Branch-avoiding	20	0.0000092930	213	881	7488	194	442
BFS/TD	Branch-avoiding	21	0.0000060230	145	638	5398	135	317
BFS/TD	Branch-avoiding	22	0.0000032100	91	383	3290	67	198
BFS/TD	Branch-avoiding	23	0.0000026320	89	316	2696	52	161
BFS/TD	Branch-avoiding	24	0.0000016420	62	197	1548	32	82
BFS/TD	Branch-avoiding	25	0.0000008780	36	111	782	13	34
BFS/TD	Branch-avoiding	26	0.0000006150	28	82	518	7	17
BFS/TD	Branch-avoiding	27	0.0000003450	21	57	288	2	2
