BFS/TD brachy (C)	0	0.0000005580	36	272	1417	1	31
BFS/TD brachy (C)	1	0.0000027180	75	2474	11415	31	1180
BFS/TD brachy (C)	2	0.0000044430	99	5090	23346	59	2460
BFS/TD brachy (C)	3	0.0000068190	126	7452	34071	84	3616
BFS/TD brachy (C)	4	0.0000073080	119	8530	39006	91	4148
BFS/TD brachy (C)	5	0.0000080290	147	10588	48435	112	5156
BFS/TD brachy (C)	6	0.0000115900	178	13920	63639	147	6787
BFS/TD brachy (C)	7	0.0000157600	222	17253	78844	182	8418
BFS/TD brachy (C)	8	0.0000171320	261	20682	94446	217	10098
BFS/TD brachy (C)	9	0.0000196150	286	22642	103371	238	11057
BFS/TD brachy (C)	10	0.0000188750	301	24284	110886	252	11864
BFS/TD brachy (C)	11	0.0000205660	336	26539	121177	280	12963
BFS/TD brachy (C)	12	0.0000230540	376	29894	136572	301	14620
BFS/TD brachy (C)	13	0.0000271450	461	36632	167313	378	17912
BFS/TD brachy (C)	14	0.0000303410	536	43077	196732	441	21071
BFS/TD brachy (C)	15	0.0000341430	622	50207	229468	518	24559
BFS/TD brachy (C)	16	0.0000392190	769	63534	290094	658	31083
BFS/TD brachy (C)	17	0.0000456640	854	70959	323944	735	34718
BFS/TD brachy (C)	18	0.0000503900	961	78947	360499	805	38642
BFS/TD brachy (C)	19	0.0000625150	1139	91981	420307	938	45026
BFS/TD brachy (C)	20	0.0000867470	1483	117294	535997	1190	57430
BFS/TD brachy (C)	21	0.0001093990	1894	149142	681539	1533	73011
BFS/TD brachy (C)	22	0.0001230780	2291	188052	859280	1932	92067
BFS/TD brachy (C)	23	0.0001583600	2855	234034	1068362	2415	114575
BFS/TD brachy (C)	24	0.0001793390	3036	256357	1169820	2653	125498
BFS/TD brachy (C)	25	0.0001869000	3180	266143	1214382	2751	130293
BFS/TD brachy (C)	26	0.0001891510	3285	273287	1246656	2828	133788
BFS/TD brachy (C)	27	0.0001916850	3189	271204	1237433	2793	132782
BFS/TD brachy (C)	28	0.0002029390	3393	283304	1292821	2877	138747
BFS/TD brachy (C)	29	0.0002152760	3591	302190	1378319	3108	147960
BFS/TD brachy (C)	30	0.0002109500	3558	297512	1357471	3045	145683
BFS/TD brachy (C)	31	0.0002157220	3705	311035	1418895	3178	152312
BFS/TD brachy (C)	32	0.0002158790	3760	316989	1446108	3234	155233
BFS/TD brachy (C)	33	0.0002374960	3912	324144	1478890	3318	158726
BFS/TD brachy (C)	34	0.0002418810	4028	338966	1546660	3430	166025
BFS/TD brachy (C)	35	0.0002468980	4243	359204	1639012	3675	175899
BFS/TD brachy (C)	36	0.0002634210	4516	377946	1724275	3857	185088
BFS/TD brachy (C)	37	0.0002720320	4657	386863	1764489	3983	189421
BFS/TD brachy (C)	38	0.0002578470	4473	378534	1726228	3885	185354
BFS/TD brachy (C)	39	0.0002506610	4404	359913	1641261	3724	176205
BFS/TD brachy (C)	40	0.0002493260	4058	343842	1568791	3493	168400
BFS/TD brachy (C)	41	0.0002638570	4366	360060	1643389	3675	176327
BFS/TD brachy (C)	42	0.0002961920	4773	395634	1805383	4032	193757
BFS/TD brachy (C)	43	0.0003100640	5082	423125	1931021	4312	207222
BFS/TD brachy (C)	44	0.0003279360	5483	459531	2097011	4676	225061
BFS/TD brachy (C)	45	0.0003427480	5836	489889	2234882	5033	239883
BFS/TD brachy (C)	46	0.0003492660	5948	499763	2279966	5096	244757
BFS/TD brachy (C)	47	0.0003643460	6135	511058	2330832	5250	250250
BFS/TD brachy (C)	48	0.0003430730	5922	499321	2277620	5110	244522
BFS/TD brachy (C)	49	0.0003643640	6001	502309	2291129	5117	246009
BFS/TD brachy (C)	50	0.0003656020	5999	502015	2289554	5131	245848
BFS/TD brachy (C)	51	0.0003555880	5894	495057	2259209	5033	242467
BFS/TD brachy (C)	52	0.0003832470	6427	533890	2436222	5453	261463
BFS/TD brachy (C)	53	0.0004015900	6796	565763	2581145	5789	277064
BFS/TD brachy (C)	54	0.0004216290	7011	583478	2662056	5950	285760
BFS/TD brachy (C)	55	0.0004293920	7269	606119	2764882	6188	296842
BFS/TD brachy (C)	56	0.0004383390	7260	609328	2779242	6265	298370
BFS/TD brachy (C)	57	0.0004440100	7150	600090	2736789	6160	293856
BFS/TD brachy (C)	58	0.0004151440	6967	585120	2668374	5971	286560
BFS/TD brachy (C)	59	0.0004158960	6783	570616	2602329	5810	279469
BFS/TD brachy (C)	60	0.0004134510	6685	560153	2555165	5712	274336
BFS/TD brachy (C)	61	0.0004222240	6818	567528	2589399	5782	277953
BFS/TD brachy (C)	62	0.0004362150	7222	594356	2711637	6062	291087
BFS/TD brachy (C)	63	0.0004564510	7425	616481	2812729	6286	301925
BFS/TD brachy (C)	64	0.0004833370	7778	645783	2946415	6573	316289
BFS/TD brachy (C)	65	0.0005029660	8159	674499	3077380	6895	330325
BFS/TD brachy (C)	66	0.0005232240	8488	699906	3192884	7154	342769
BFS/TD brachy (C)	67	0.0005184670	8553	711713	3246817	7287	348540
BFS/TD brachy (C)	68	0.0005205720	8694	724135	3302842	7420	354618
BFS/TD brachy (C)	69	0.0005144810	8569	716835	3269194	7329	351059
BFS/TD brachy (C)	70	0.0005073490	8363	698387	3185149	7154	342010
BFS/TD brachy (C)	71	0.0004963230	8193	678918	3096282	6986	332444
BFS/TD brachy (C)	72	0.0004733610	7862	653515	2980852	6734	319994
BFS/TD brachy (C)	73	0.0004707200	7831	648922	2959893	6615	317817
BFS/TD brachy (C)	74	0.0004857680	7833	646230	2947604	6636	316449
BFS/TD brachy (C)	75	0.0004551160	7689	640328	2920422	6559	313576
BFS/TD brachy (C)	76	0.0004551070	7550	629570	2871906	6426	308330
BFS/TD brachy (C)	77	0.0004617590	7555	632141	2882863	6524	309517
BFS/TD brachy (C)	78	0.0004378080	7295	610824	2786331	6223	299160
BFS/TD brachy (C)	79	0.0004403930	7389	614922	2805150	6321	301111
BFS/TD brachy (C)	80	0.0004510850	7481	622860	2842068	6349	305052
BFS/TD brachy (C)	81	0.0004772050	7992	655489	2990638	6720	320995
BFS/TD brachy (C)	82	0.0004972030	8222	678916	3097778	6930	332498
BFS/TD brachy (C)	83	0.0005044570	8511	706455	3221938	7294	345904
BFS/TD brachy (C)	84	0.0005032150	8317	688743	3142612	7007	337335
BFS/TD brachy (C)	85	0.0005304720	8771	727304	3318548	7420	356202
BFS/TD brachy (C)	86	0.0005465380	9162	759102	3462773	7812	371709
BFS/TD brachy (C)	87	0.0005602050	9292	763260	3482366	7798	373802
BFS/TD brachy (C)	88	0.0005757960	9640	780616	3561371	8106	382172
BFS/TD brachy (C)	89	0.0005638270	9524	790356	3605453	8099	387049
BFS/TD brachy (C)	90	0.0005742960	9589	795198	3626696	8190	389379
BFS/TD brachy (C)	91	0.0005612770	9329	775226	3536465	7917	379666
BFS/TD brachy (C)	92	0.0005871270	9478	788942	3598418	8071	386370
BFS/TD brachy (C)	93	0.0005702200	9436	783332	3573488	7994	383642
BFS/TD brachy (C)	94	0.0005934410	9657	799356	3646163	8176	391472
BFS/TD brachy (C)	95	0.0006042150	9701	798920	3645209	8183	391247
BFS/TD brachy (C)	96	0.0006296800	10051	832564	3798070	8512	407739
BFS/TD brachy (C)	97	0.0006362450	10296	846102	3860342	8673	414348
BFS/TD brachy (C)	98	0.0006512130	10637	879051	4009575	8960	430535
BFS/TD brachy (C)	99	0.0006378060	10558	875867	3994995	8995	428908
BFS/TD brachy (C)	100	0.0006437400	10436	868935	3963297	8876	425561
BFS/TD brachy (C)	101	0.0006325440	10349	861094	3927449	8827	421690
BFS/TD brachy (C)	102	0.0006375350	10191	849260	3873167	8687	415913
BFS/TD brachy (C)	103	0.0006286000	9991	830006	3785950	8484	406488
BFS/TD brachy (C)	104	0.0006215530	10098	834854	3809054	8498	408899
BFS/TD brachy (C)	105	0.0006534150	10436	868665	3961977	8911	425391
BFS/TD brachy (C)	106	0.0006620150	10403	860139	3923715	8757	421282
BFS/TD brachy (C)	107	0.0006602350	10481	871234	3973478	8946	426641
BFS/TD brachy (C)	108	0.0006622510	10266	851682	3884360	8701	417110
BFS/TD brachy (C)	109	0.0006428670	10003	836395	3814221	8568	409599
BFS/TD brachy (C)	110	0.0006274020	9792	811993	3703404	8253	397713
BFS/TD brachy (C)	111	0.0006258090	9758	807730	3684749	8232	395603
BFS/TD brachy (C)	112	0.0006430580	10065	824832	3763262	8428	403958
BFS/TD brachy (C)	113	0.0006484640	10347	857467	3912006	8750	419953
BFS/TD brachy (C)	114	0.0006653830	10588	883339	4028745	9058	432581
BFS/TD brachy (C)	115	0.0006636630	10353	867635	3957111	8855	424932
BFS/TD brachy (C)	116	0.0006565340	10291	848948	3871091	8736	415708
BFS/TD brachy (C)	117	0.0006024750	9565	796272	3631739	8211	389895
BFS/TD brachy (C)	118	0.0005923350	9393	787468	3592583	7966	385738
BFS/TD brachy (C)	119	0.0006196440	9863	816550	3724586	8365	399880
BFS/TD brachy (C)	120	0.0006193660	9884	818809	3735357	8344	401030
BFS/TD brachy (C)	121	0.0006365040	10130	838189	3824058	8568	410496
BFS/TD brachy (C)	122	0.0006479500	10344	860091	3922638	8841	421174
BFS/TD brachy (C)	123	0.0006225630	10094	840734	3834989	8575	411762
BFS/TD brachy (C)	124	0.0006196090	10040	839630	3828131	8659	411126
BFS/TD brachy (C)	125	0.0005764990	9409	772629	3523102	7945	378340
BFS/TD brachy (C)	126	0.0005472260	8748	730611	3331543	7483	357793
BFS/TD brachy (C)	127	0.0005114870	8327	697235	3179461	7119	341469
BFS/TD brachy (C)	128	0.0005064760	8088	669600	3053903	6853	327917
BFS/TD brachy (C)	129	0.0004815180	7872	657936	3000519	6720	322219
BFS/TD brachy (C)	130	0.0004784250	7718	641570	2926452	6552	314204
BFS/TD brachy (C)	131	0.0004729600	7779	645001	2942329	6580	315891
BFS/TD brachy (C)	132	0.0004871490	7910	644825	2941306	6699	315684
BFS/TD brachy (C)	133	0.0004644500	7610	630272	2874687	6503	308604
BFS/TD brachy (C)	134	0.0004568940	7335	615526	2807007	6321	301413
BFS/TD brachy (C)	135	0.0004443180	7076	594796	2713281	6062	291307
BFS/TD brachy (C)	136	0.0004533430	7252	603739	2753962	6174	295666
BFS/TD brachy (C)	137	0.0004717200	7297	608443	2775550	6209	297983
BFS/TD brachy (C)	138	0.0004611090	7396	617262	2815911	6314	302288
BFS/TD brachy (C)	139	0.0004685030	7583	628630	2867739	6433	307853
BFS/TD brachy (C)	140	0.0004860360	7775	644409	2940085	6538	315637
BFS/TD brachy (C)	141	0.0005099240	8073	672927	3069865	6881	329553
BFS/TD brachy (C)	142	0.0005043970	8218	687627	3136771	7021	336763
BFS/TD brachy (C)	143	0.0005254900	8347	698799	3187108	7133	342237
BFS/TD brachy (C)	144	0.0005095740	8216	688018	3137946	7042	336938
BFS/TD brachy (C)	145	0.0005117960	8079	679886	3101534	6916	332997
BFS/TD brachy (C)	146	0.0005308610	8426	695663	3172954	7105	340697
BFS/TD brachy (C)	147	0.0005220790	8277	691253	3153403	7056	338541
BFS/TD brachy (C)	148	0.0005305530	8386	704875	3215353	7203	345205
BFS/TD brachy (C)	149	0.0005330060	8502	712323	3248386	7273	348859
BFS/TD brachy (C)	150	0.0005210950	8240	688117	3138346	7042	336987
BFS/TD brachy (C)	151	0.0005089900	8086	675573	3080701	6902	330855
BFS/TD brachy (C)	152	0.0005018420	7853	652445	2975386	6643	319550
BFS/TD brachy (C)	153	0.0004740700	7574	632452	2884287	6489	309708
BFS/TD brachy (C)	154	0.0004574090	7323	611872	2789745	6265	299642
BFS/TD brachy (C)	155	0.0004353200	6845	572769	2612000	5845	280511
BFS/TD brachy (C)	156	0.0004076770	6596	553855	2525375	5670	271229
BFS/TD brachy (C)	157	0.0003765300	6245	524554	2392215	5341	256907
BFS/TD brachy (C)	158	0.0003671670	6077	508480	2317831	5236	248976
BFS/TD brachy (C)	159	0.0003354370	5448	456932	2083135	4655	223783
BFS/TD brachy (C)	160	0.0003117560	5091	426161	1943780	4326	208726
BFS/TD brachy (C)	161	0.0003137470	5126	422338	1926244	4361	206780
BFS/TD brachy (C)	162	0.0003222450	5001	414891	1891994	4214	203203
BFS/TD brachy (C)	163	0.0002911410	4811	399895	1823175	4116	195804
BFS/TD brachy (C)	164	0.0002591190	4379	368046	1677772	3766	180229
BFS/TD brachy (C)	165	0.0002484600	4021	335019	1527453	3423	164059
BFS/TD brachy (C)	166	0.0002245040	3726	310813	1416909	3199	152180
BFS/TD brachy (C)	167	0.0002107090	3378	285724	1302941	2884	139951
BFS/TD brachy (C)	168	0.0002040070	3336	279257	1273752	2842	136759
BFS/TD brachy (C)	169	0.0002056690	3331	278081	1267998	2856	136157
BFS/TD brachy (C)	170	0.0001838590	3069	264164	1203989	2688	129367
BFS/TD brachy (C)	171	0.0001612720	2752	232608	1060055	2394	113883
BFS/TD brachy (C)	172	0.0001337250	2320	197818	901400	2044	96838
BFS/TD brachy (C)	173	0.0001117400	1936	165281	753055	1694	80920
BFS/TD brachy (C)	174	0.0000912430	1612	135489	616849	1400	66318
BFS/TD brachy (C)	175	0.0000632920	1080	94524	429339	980	46256
BFS/TD brachy (C)	176	0.0000207960	365	32196	146070	343	15729
BFS/TD brachy (C)	177	0.0000027690	56	4266	19356	49	2058
BFS/TD branchless (C)	0	0.0000008280	12	85	755	1	31
BFS/TD branchless (C)	1	0.0000033380	39	1294	19499	31	1180
BFS/TD branchless (C)	2	0.0000058760	63	2630	40315	59	2460
BFS/TD branchless (C)	3	0.0000089440	93	3836	59111	84	3616
BFS/TD branchless (C)	4	0.0000096020	94	4382	67707	91	4148
BFS/TD branchless (C)	5	0.0000111240	115	5432	84087	112	5156
BFS/TD branchless (C)	6	0.0000150490	149	7133	110603	147	6787
BFS/TD branchless (C)	7	0.0000186110	182	8834	137119	182	8418
BFS/TD branchless (C)	8	0.0000222060	224	10584	164419	217	10098
BFS/TD branchless (C)	9	0.0000257820	245	11585	180015	238	11057
BFS/TD branchless (C)	10	0.0000250870	260	12420	193095	252	11864
BFS/TD branchless (C)	11	0.0000267390	283	13575	211015	280	12963
BFS/TD branchless (C)	12	0.0000295100	303	15274	237779	301	14620
BFS/TD branchless (C)	13	0.0000360380	381	18720	291375	378	17912
BFS/TD branchless (C)	14	0.0000410210	443	22005	342675	441	21071
BFS/TD branchless (C)	15	0.0000463160	519	25647	399407	518	24559
BFS/TD branchless (C)	16	0.0000558440	658	32451	505471	658	31083
BFS/TD branchless (C)	17	0.0000616480	739	36240	564555	735	34718
BFS/TD branchless (C)	18	0.0000664520	809	40304	628179	805	38642
BFS/TD branchless (C)	19	0.0000823740	941	46954	731919	938	45026
BFS/TD branchless (C)	20	0.0001096740	1192	59862	933407	1190	57430
BFS/TD branchless (C)	21	0.0001406100	1534	76129	1186819	1533	73011
BFS/TD branchless (C)	22	0.0001829280	1938	95984	1496504	1932	92067
BFS/TD branchless (C)	23	0.0002082770	2419	119457	1862427	2415	114575
BFS/TD branchless (C)	24	0.0002406560	2654	130856	2040051	2653	125498
BFS/TD branchless (C)	25	0.0002459620	2752	135847	2117947	2751	130293
BFS/TD branchless (C)	26	0.0002525600	2830	139496	2174791	2828	133788
BFS/TD branchless (C)	27	0.0002602380	2794	138420	2158275	2793	132782
BFS/TD branchless (C)	28	0.0002621520	2883	144553	2254723	2877	138747
BFS/TD branchless (C)	29	0.0002843140	3111	154228	2404903	3108	147960
BFS/TD branchless (C)	30	0.0002805130	3043	151825	2367715	3045	145683
BFS/TD branchless (C)	31	0.0002883120	3187	158720	2475375	3178	152312
BFS/TD branchless (C)	32	0.0002920110	3235	161753	2522783	3234	155233
BFS/TD branchless (C)	33	0.0003042500	3324	165414	2579679	3318	158726
BFS/TD branchless (C)	34	0.0003251610	3432	172937	2697807	3430	166025
BFS/TD branchless (C)	35	0.0003389950	3687	183301	2858731	3675	175899
BFS/TD branchless (C)	36	0.0003653920	3863	192855	3007940	3857	185088
BFS/TD branchless (C)	37	0.0003661970	3990	197439	3078779	3983	189421
BFS/TD branchless (C)	38	0.0003496250	3888	193176	3012531	3885	185354
BFS/TD branchless (C)	39	0.0003393740	3688	183705	2864215	3724	176205
BFS/TD branchless (C)	40	0.0003367590	3492	175438	2736563	3493	168400
BFS/TD branchless (C)	41	0.0003558130	3680	183729	2865579	3675	176327
BFS/TD branchless (C)	42	0.0003909800	4035	201873	3148743	4032	193757
BFS/TD branchless (C)	43	0.0004143680	4314	215898	3367543	4312	207222
BFS/TD branchless (C)	44	0.0004432690	4670	234465	3657335	4676	225061
BFS/TD branchless (C)	45	0.0004594790	5041	250001	3898771	5033	239883
BFS/TD branchless (C)	46	0.0004850320	5063	255002	3977512	5096	244757
BFS/TD branchless (C)	47	0.0004785540	5253	260802	4067247	5250	250250
BFS/TD branchless (C)	48	0.0004687160	5113	254794	3973919	5110	244522
BFS/TD branchless (C)	49	0.0004800720	5117	256295	3997795	5117	246009
BFS/TD branchless (C)	50	0.0004840170	5136	256162	3995387	5131	245848
BFS/TD branchless (C)	51	0.0004773080	5039	252585	3940115	5033	242467
BFS/TD branchless (C)	52	0.0005056600	5460	272421	4249091	5453	261463
BFS/TD branchless (C)	53	0.0005371180	5794	288694	4502739	5789	277064
BFS/TD branchless (C)	54	0.0005635380	5943	297713	4643808	5950	285760
BFS/TD branchless (C)	55	0.0005745350	6189	309270	4823975	6188	296842
BFS/TD branchless (C)	56	0.0005827190	6267	310952	4849347	6265	298370
BFS/TD branchless (C)	57	0.0005809970	6167	306228	4775863	6160	293856
BFS/TD branchless (C)	58	0.0005613760	5982	298554	4656859	5971	286560
BFS/TD branchless (C)	59	0.0005589980	5813	291141	4541471	5810	279469
BFS/TD branchless (C)	60	0.0005496100	5722	285812	4458167	5712	274336
BFS/TD branchless (C)	61	0.0005640920	5786	289570	4516880	5782	277953
BFS/TD branchless (C)	62	0.0005709150	6070	303263	4730383	6062	291087
BFS/TD branchless (C)	63	0.0006058880	6290	314549	4906479	6286	301925
BFS/TD branchless (C)	64	0.0006301280	6582	329487	5139747	6573	316289
BFS/TD branchless (C)	65	0.0006620290	6901	344167	5368187	6895	330325
BFS/TD branchless (C)	66	0.0006808540	7163	357129	5570399	7154	342769
BFS/TD branchless (C)	67	0.0006909220	7286	363166	5664331	7287	348540
BFS/TD branchless (C)	68	0.0006987320	7374	369511	5763176	7420	354618
BFS/TD branchless (C)	69	0.0006884310	7332	365769	5705139	7329	351059
BFS/TD branchless (C)	70	0.0006763460	7162	356370	5558255	7154	342010
BFS/TD branchless (C)	71	0.0006531940	6990	346468	5403183	6986	332444
BFS/TD branchless (C)	72	0.0006305350	6743	333514	5200959	6734	319994
BFS/TD branchless (C)	73	0.0006218580	6604	331099	5164699	6615	317817
BFS/TD branchless (C)	74	0.0006362800	6643	329774	5143064	6636	316449
BFS/TD branchless (C)	75	0.0006142920	6556	326746	5096171	6559	313576
BFS/TD branchless (C)	76	0.0006118880	6436	321234	5010639	6426	308330
BFS/TD branchless (C)	77	0.0006074970	6528	322617	5030807	6524	309517
BFS/TD branchless (C)	78	0.0005879830	6232	311658	4861483	6223	299160
BFS/TD branchless (C)	79	0.0005938150	6326	313805	4893875	6321	301111
BFS/TD branchless (C)	80	0.0006048810	6358	317803	4957268	6349	305052
BFS/TD branchless (C)	81	0.0006253700	6723	334487	5216807	6720	320995
BFS/TD branchless (C)	82	0.0006517680	6933	346410	5403375	6930	332498
BFS/TD branchless (C)	83	0.0006720980	7283	360544	5622239	7294	345904
BFS/TD branchless (C)	84	0.0006701940	7016	351401	5481691	7007	337335
BFS/TD branchless (C)	85	0.0007029890	7419	371094	5788519	7420	356202
BFS/TD branchless (C)	86	0.0007318320	7820	387386	6041336	7812	371709
BFS/TD branchless (C)	87	0.0007358940	7796	389450	6074655	7798	373802
BFS/TD branchless (C)	88	0.0007544690	8105	398436	6212271	8106	382172
BFS/TD branchless (C)	89	0.0007534380	8102	403299	6290219	8099	387049
BFS/TD branchless (C)	90	0.0007646330	8195	405811	6328591	8190	389379
BFS/TD branchless (C)	91	0.0007586510	7922	395553	6169908	7917	379666
BFS/TD branchless (C)	92	0.0007646240	8079	402564	6279019	8071	386370
BFS/TD branchless (C)	93	0.0007546750	7993	399682	6234447	7994	383642
BFS/TD branchless (C)	94	0.0007777070	8185	407876	6361911	8176	391472
BFS/TD branchless (C)	95	0.0007969060	8182	407665	6358395	8183	391247
BFS/TD branchless (C)	96	0.0008321200	8522	424816	6626216	8512	407739
BFS/TD branchless (C)	97	0.0008423670	8677	431746	6733891	8673	414348
BFS/TD branchless (C)	98	0.0008628760	8969	448507	6996327	8960	430535
BFS/TD branchless (C)	99	0.0008526950	8998	446950	6970715	8995	428908
BFS/TD branchless (C)	100	0.0008572050	8885	443365	6915735	8876	425561
BFS/TD branchless (C)	101	0.0008539970	8831	439397	6853212	8827	421690
BFS/TD branchless (C)	102	0.0008436570	8695	433339	6759099	8687	415913
BFS/TD branchless (C)	103	0.0008244710	8475	423508	6605863	8484	406488
BFS/TD branchless (C)	104	0.0008232270	8506	425947	6644607	8498	408899
BFS/TD branchless (C)	105	0.0008688620	8909	443265	6913435	8911	425391
BFS/TD branchless (C)	106	0.0008716870	8768	438849	6845844	8757	421282
BFS/TD branchless (C)	107	0.0008665900	8951	444585	6933855	8946	426641
BFS/TD branchless (C)	108	0.0008637430	8709	434564	6778419	8701	417110
BFS/TD branchless (C)	109	0.0008445270	8572	426787	6656647	8568	409599
BFS/TD branchless (C)	110	0.0008315510	8261	414272	6462692	8253	397713
BFS/TD branchless (C)	111	0.0008188230	8235	412119	6428679	8232	395603
BFS/TD branchless (C)	112	0.0008384890	8436	420866	6564711	8428	403958
BFS/TD branchless (C)	113	0.0008594320	8755	437505	6824495	8750	419953
BFS/TD branchless (C)	114	0.0008872380	9066	450749	7030239	9058	432581
BFS/TD branchless (C)	115	0.0008749180	8860	442695	6905420	8855	424932
BFS/TD branchless (C)	116	0.0008509850	8745	433232	6756407	8736	415708
BFS/TD branchless (C)	117	0.0008029100	8214	406369	6337099	8211	389895
BFS/TD branchless (C)	118	0.0007870480	7970	401722	6267647	7966	385738
BFS/TD branchless (C)	119	0.0008172090	8374	416662	6498707	8365	399880
BFS/TD branchless (C)	120	0.0008296980	8352	417771	6516856	8344	401030
BFS/TD branchless (C)	121	0.0008291010	8576	427684	6670999	8568	410496
BFS/TD branchless (C)	122	0.0008436010	8840	438908	6845123	8841	421174
BFS/TD branchless (C)	123	0.0008263570	8583	428964	6691339	8575	411762
BFS/TD branchless (C)	124	0.0008273810	8664	428496	6682171	8659	411126
BFS/TD branchless (C)	125	0.0007629210	7956	394283	6149028	7945	378340
BFS/TD branchless (C)	126	0.0007217480	7491	372811	5814731	7483	357793
BFS/TD branchless (C)	127	0.0006818210	7128	355759	5549179	7119	341469
BFS/TD branchless (C)	128	0.0006554000	6861	341675	5329155	6853	327917
BFS/TD branchless (C)	129	0.0006464510	6724	335711	5236391	6720	322219
BFS/TD branchless (C)	130	0.0006316610	6556	327360	5106135	6552	314204
BFS/TD branchless (C)	131	0.0006370420	6588	329104	5133464	6580	315891
BFS/TD branchless (C)	132	0.0006395670	6702	329134	5131579	6699	315684
BFS/TD branchless (C)	133	0.0006218260	6506	321662	5015947	6503	308604
BFS/TD branchless (C)	134	0.0006082770	6319	314107	4898707	6321	301413
BFS/TD branchless (C)	135	0.0005947620	6071	303483	4733903	6062	291307
BFS/TD branchless (C)	136	0.0005983400	6172	308066	4804991	6174	295666
BFS/TD branchless (C)	137	0.0006193510	6212	310454	4842484	6209	297983
BFS/TD branchless (C)	138	0.0006131130	6317	314968	4912623	6314	302288
BFS/TD branchless (C)	139	0.0006240840	6436	320771	5003091	6433	307853
BFS/TD branchless (C)	140	0.0006410690	6541	328765	5128895	6538	315637
BFS/TD branchless (C)	141	0.0006632100	6889	343367	5355667	6881	329553
BFS/TD branchless (C)	142	0.0006758930	7025	350857	5472707	7021	336763
BFS/TD branchless (C)	143	0.0007049310	7140	356556	5561636	7133	342237
BFS/TD branchless (C)	144	0.0006838900	7050	351074	5475759	7042	336938
BFS/TD branchless (C)	145	0.0006854050	6925	346881	5411191	6916	332997
BFS/TD branchless (C)	146	0.0006912930	7099	354959	5536659	7105	340697
BFS/TD branchless (C)	147	0.0007008370	7066	352705	5501575	7056	338541
BFS/TD branchless (C)	148	0.0007124210	7216	359663	5609963	7203	345205
BFS/TD branchless (C)	149	0.0007131680	7279	363458	5669268	7273	348859
BFS/TD branchless (C)	150	0.0006890080	7050	351123	5476543	7042	336987
BFS/TD branchless (C)	151	0.0006693080	6910	344711	5376751	6902	330855
BFS/TD branchless (C)	152	0.0006520570	6651	332888	5192763	6643	319550
BFS/TD branchless (C)	153	0.0006331870	6497	322738	5033443	6489	309708
BFS/TD branchless (C)	154	0.0006056280	6273	312224	4869699	6265	299642
BFS/TD branchless (C)	155	0.0005695360	5848	292254	4558564	5845	280511
BFS/TD branchless (C)	156	0.0005426430	5678	282621	4407951	5670	271229
BFS/TD branchless (C)	157	0.0005085930	5349	267641	4174851	5341	256907
BFS/TD branchless (C)	158	0.0004923600	5239	259500	4046695	5236	248976
BFS/TD branchless (C)	159	0.0004471140	4663	233145	3636635	4655	223783
BFS/TD branchless (C)	160	0.0004155620	4334	217430	3391775	4326	208726
BFS/TD branchless (C)	161	0.0004136470	4369	215554	3361059	4361	206780
BFS/TD branchless (C)	162	0.0004073730	4223	211683	3302063	4214	203203
BFS/TD branchless (C)	163	0.0003840650	4124	204088	3182503	4116	195804
BFS/TD branchless (C)	164	0.0003558790	3775	187814	2929104	3766	180229
BFS/TD branchless (C)	165	0.0003250560	3431	170957	2666267	3423	164059
BFS/TD branchless (C)	166	0.0003001900	3207	158630	2473515	3199	152180
BFS/TD branchless (C)	167	0.0002835940	2892	145771	2274071	2884	139951
BFS/TD branchless (C)	168	0.0002714000	2850	142495	2222495	2842	136759
BFS/TD branchless (C)	169	0.0002709540	2864	141921	2213031	2856	136157
BFS/TD branchless (C)	170	0.0002539220	2696	134795	2102375	2688	129367
BFS/TD branchless (C)	171	0.0002191890	2402	118723	1851103	2394	113883
BFS/TD branchless (C)	172	0.0001827230	2052	100978	1574183	2044	96838
BFS/TD branchless (C)	173	0.0001498560	1702	84360	1315295	1694	80920
BFS/TD branchless (C)	174	0.0001220740	1408	69170	1078135	1400	66318
BFS/TD branchless (C)	175	0.0000823030	988	48268	752103	980	46256
BFS/TD branchless (C)	176	0.0000271580	351	16467	256027	343	15729
BFS/TD branchless (C)	177	0.0000035150	53	2208	33763	49	2058
BFS/TD brachy (Peach-Py)	0	0.0000004830	10	115	562	1	31
BFS/TD brachy (Peach-Py)	1	0.0000028160	85	2473	8989	31	1180
BFS/TD brachy (Peach-Py)	2	0.0000043450	100	5089	18304	59	2460
BFS/TD brachy (Peach-Py)	3	0.0000066760	120	7451	26667	84	3616
BFS/TD brachy (Peach-Py)	4	0.0000075780	132	8529	30524	91	4148
BFS/TD brachy (Peach-Py)	5	0.0000083700	143	10587	37895	112	5156
BFS/TD brachy (Peach-Py)	6	0.0000111490	187	13919	49767	147	6787
BFS/TD brachy (Peach-Py)	7	0.0000139460	228	17251	61639	182	8418
BFS/TD brachy (Peach-Py)	8	0.0000158890	266	20681	73812	217	10098
BFS/TD brachy (Peach-Py)	9	0.0000181030	286	22641	80777	238	11057
BFS/TD brachy (Peach-Py)	10	0.0000176050	302	24283	86650	252	11864
BFS/TD brachy (Peach-Py)	11	0.0000184490	338	26537	94686	280	12963
BFS/TD brachy (Peach-Py)	12	0.0000200800	360	29893	106726	301	14620
BFS/TD brachy (Peach-Py)	13	0.0000240930	445	36631	130729	378	17912
BFS/TD brachy (Peach-Py)	14	0.0000279040	514	43075	153703	441	21071
BFS/TD brachy (Peach-Py)	15	0.0000309350	610	50205	179309	518	24559
BFS/TD brachy (Peach-Py)	16	0.0000378530	749	63533	226608	658	31083
BFS/TD brachy (Peach-Py)	17	0.0000421560	826	70957	253033	735	34718
BFS/TD brachy (Peach-Py)	18	0.0000445880	922	78945	281600	805	38642
BFS/TD brachy (Peach-Py)	19	0.0000556670	1096	91979	328374	938	45026
BFS/TD brachy (Peach-Py)	20	0.0000758300	1382	117291	418751	1190	57430
BFS/TD brachy (Peach-Py)	21	0.0000979550	1757	149139	532445	1533	73011
BFS/TD brachy (Peach-Py)	22	0.0001212710	2219	188049	671276	1932	92067
BFS/TD brachy (Peach-Py)	23	0.0001420650	2754	234031	834376	2415	114575
BFS/TD brachy (Peach-Py)	24	0.0001768050	3154	256353	913511	2653	125498
BFS/TD brachy (Peach-Py)	25	0.0001827150	3315	266139	948287	2751	130293
BFS/TD brachy (Peach-Py)	26	0.0001739940	3160	273283	973417	2828	133788
BFS/TD brachy (Peach-Py)	27	0.0001876160	3225	271201	966277	2793	132782
BFS/TD brachy (Peach-Py)	28	0.0001899420	3315	283299	1009565	2877	138747
BFS/TD brachy (Peach-Py)	29	0.0001985020	3563	302187	1076177	3108	147960
BFS/TD brachy (Peach-Py)	30	0.0001996540	3446	297511	1060011	3045	145683
BFS/TD brachy (Peach-Py)	31	0.0002060650	3620	311034	1107911	3178	152312
BFS/TD brachy (Peach-Py)	32	0.0002159230	3774	316988	1129170	3234	155233
BFS/TD brachy (Peach-Py)	33	0.0002157540	3828	324142	1154797	3318	158726
BFS/TD brachy (Peach-Py)	34	0.0002361410	4042	338965	1207746	3430	166025
BFS/TD brachy (Peach-Py)	35	0.0002458380	4305	359203	1279860	3675	175899
BFS/TD brachy (Peach-Py)	36	0.0002529370	4443	377945	1346381	3857	185088
BFS/TD brachy (Peach-Py)	37	0.0002688090	4510	386863	1377678	3983	189421
BFS/TD brachy (Peach-Py)	38	0.0002484670	4394	378533	1347746	3885	185354
BFS/TD brachy (Peach-Py)	39	0.0002399230	4330	359912	1281399	3724	176205
BFS/TD brachy (Peach-Py)	40	0.0002410780	4049	343841	1225001	3493	168400
BFS/TD brachy (Peach-Py)	41	0.0002609630	4338	360059	1283381	3675	176327
BFS/TD brachy (Peach-Py)	42	0.0002779690	4680	395633	1409801	4032	193757
BFS/TD brachy (Peach-Py)	43	0.0002939390	4960	423124	1507949	4312	207222
BFS/TD brachy (Peach-Py)	44	0.0003232220	5533	459530	1637533	4676	225061
BFS/TD brachy (Peach-Py)	45	0.0003367670	5914	489888	1745046	5033	239883
BFS/TD brachy (Peach-Py)	46	0.0003354240	5916	499762	1780256	5096	244757
BFS/TD brachy (Peach-Py)	47	0.0003423460	6042	511056	1819827	5250	250250
BFS/TD brachy (Peach-Py)	48	0.0003360170	5880	499320	1778352	5110	244522
BFS/TD brachy (Peach-Py)	49	0.0003489120	6004	502308	1788873	5117	246009
BFS/TD brachy (Peach-Py)	50	0.0003583810	5915	502015	1787593	5131	245848
BFS/TD brachy (Peach-Py)	51	0.0003436640	5859	495056	1764205	5033	242467
BFS/TD brachy (Peach-Py)	52	0.0003649170	6342	533889	1902386	5453	261463
BFS/TD brachy (Peach-Py)	53	0.0003932300	6818	565762	2015435	5789	277064
BFS/TD brachy (Peach-Py)	54	0.0004019040	6942	583477	2078632	5950	285760
BFS/TD brachy (Peach-Py)	55	0.0004186210	7161	606118	2158818	6188	296842
BFS/TD brachy (Peach-Py)	56	0.0004194340	7242	609327	2169968	6265	298370
BFS/TD brachy (Peach-Py)	57	0.0004219350	7150	600088	2136752	6160	293856
BFS/TD brachy (Peach-Py)	58	0.0004052530	6899	585119	2083308	5971	286560
BFS/TD brachy (Peach-Py)	59	0.0004039920	6720	570615	2031767	5810	279469
BFS/TD brachy (Peach-Py)	60	0.0004146270	6590	560153	1995066	5712	274336
BFS/TD brachy (Peach-Py)	61	0.0004041370	6778	567527	2021925	5782	277953
BFS/TD brachy (Peach-Py)	62	0.0004176760	7131	594355	2117335	6062	291087
BFS/TD brachy (Peach-Py)	63	0.0004462310	7387	616480	2196303	6286	301925
BFS/TD brachy (Peach-Py)	64	0.0004671620	7761	645782	2300687	6573	316289
BFS/TD brachy (Peach-Py)	65	0.0004807480	7980	674498	2402936	6895	330325
BFS/TD brachy (Peach-Py)	66	0.0004984410	8323	699904	2493033	7154	342769
BFS/TD brachy (Peach-Py)	67	0.0004966860	8392	711712	2535159	7287	348540
BFS/TD brachy (Peach-Py)	68	0.0004961940	8536	724134	2578762	7420	354618
BFS/TD brachy (Peach-Py)	69	0.0005062410	8539	716835	2552415	7329	351059
BFS/TD brachy (Peach-Py)	70	0.0004924960	8288	698386	2486817	7154	342010
BFS/TD brachy (Peach-Py)	71	0.0004805810	8228	678917	2417418	6986	332444
BFS/TD brachy (Peach-Py)	72	0.0004593960	7855	653514	2327392	6734	319994
BFS/TD brachy (Peach-Py)	73	0.0004454430	7669	648921	2311025	6615	317817
BFS/TD brachy (Peach-Py)	74	0.0004500740	7627	646228	2301429	6636	316449
BFS/TD brachy (Peach-Py)	75	0.0004422140	7576	640327	2280148	6559	313576
BFS/TD brachy (Peach-Py)	76	0.0004452380	7439	629569	2242390	6426	308330
BFS/TD brachy (Peach-Py)	77	0.0004423360	7522	632141	2250778	6524	309517
BFS/TD brachy (Peach-Py)	78	0.0004237490	7268	610823	2175561	6223	299160
BFS/TD brachy (Peach-Py)	79	0.0004258210	7312	614921	2190282	6321	301111
BFS/TD brachy (Peach-Py)	80	0.0004276170	7413	622859	2219262	6349	305052
BFS/TD brachy (Peach-Py)	81	0.0004526620	7867	655488	2335204	6720	320995
BFS/TD brachy (Peach-Py)	82	0.0004662840	7992	678914	2418917	6930	332498
BFS/TD brachy (Peach-Py)	83	0.0004866930	8340	706454	2515538	7294	345904
BFS/TD brachy (Peach-Py)	84	0.0004831080	8105	688742	2453924	7007	337335
BFS/TD brachy (Peach-Py)	85	0.0005050100	8577	727303	2591300	7420	356202
BFS/TD brachy (Peach-Py)	86	0.0005292560	9006	759102	2703728	7812	371709
BFS/TD brachy (Peach-Py)	87	0.0005262080	9075	763259	2719162	7798	373802
BFS/TD brachy (Peach-Py)	88	0.0005464400	9299	780615	2780811	8106	382172
BFS/TD brachy (Peach-Py)	89	0.0005454850	9386	790355	2815153	8099	387049
BFS/TD brachy (Peach-Py)	90	0.0005517990	9422	795196	2831553	8190	389379
BFS/TD brachy (Peach-Py)	91	0.0005469920	9202	775225	2761295	7917	379666
BFS/TD brachy (Peach-Py)	92	0.0005537910	9282	788941	2809532	8071	386370
BFS/TD brachy (Peach-Py)	93	0.0005508140	9255	783332	2790213	7994	383642
BFS/TD brachy (Peach-Py)	94	0.0005621080	9540	799355	2846863	8176	391472
BFS/TD brachy (Peach-Py)	95	0.0005732690	9505	798919	2846345	8183	391247
BFS/TD brachy (Peach-Py)	96	0.0006024720	9954	832562	2965563	8512	407739
BFS/TD brachy (Peach-Py)	97	0.0006029610	10113	846101	3014296	8673	414348
BFS/TD brachy (Peach-Py)	98	0.0006221570	10399	879050	3130581	8960	430535
BFS/TD brachy (Peach-Py)	99	0.0006212910	10443	875866	3119185	8995	428908
BFS/TD brachy (Peach-Py)	100	0.0006240560	10277	868935	3094420	8876	425561
BFS/TD brachy (Peach-Py)	101	0.0006127840	10232	861093	3066411	8827	421690
BFS/TD brachy (Peach-Py)	102	0.0006155940	10116	849259	3023963	8687	415913
BFS/TD brachy (Peach-Py)	103	0.0006117130	10018	830004	2956001	8484	406488
BFS/TD brachy (Peach-Py)	104	0.0006017390	10070	834853	2974256	8498	408899
BFS/TD brachy (Peach-Py)	105	0.0006400240	10473	868664	3093369	8911	425391
BFS/TD brachy (Peach-Py)	106	0.0006375930	10187	860139	3063634	8757	421282
BFS/TD brachy (Peach-Py)	107	0.0006436010	10490	871233	3102300	8946	426641
BFS/TD brachy (Peach-Py)	108	0.0006305620	10200	851681	3032734	8701	417110
BFS/TD brachy (Peach-Py)	109	0.0006143170	9864	836393	2977882	8568	409599
BFS/TD brachy (Peach-Py)	110	0.0006071350	9611	811992	2891468	8253	397713
BFS/TD brachy (Peach-Py)	111	0.0005992450	9614	807729	2877075	8232	395603
BFS/TD brachy (Peach-Py)	112	0.0006128510	9846	824831	2938486	8428	403958
BFS/TD brachy (Peach-Py)	113	0.0006308330	10284	857467	3054597	8750	419953
BFS/TD brachy (Peach-Py)	114	0.0006438670	10453	883338	3145463	9058	432581
BFS/TD brachy (Peach-Py)	115	0.0006267900	10222	867633	3089532	8855	424932
BFS/TD brachy (Peach-Py)	116	0.0006188250	10088	848947	3022199	8736	415708
BFS/TD brachy (Peach-Py)	117	0.0005921680	9619	796271	2835523	8211	389895
BFS/TD brachy (Peach-Py)	118	0.0005761870	9201	787467	2805171	7966	385738
BFS/TD brachy (Peach-Py)	119	0.0005991000	9697	816550	2908093	8365	399880
BFS/TD brachy (Peach-Py)	120	0.0005942820	9741	818808	2916605	8344	401030
BFS/TD brachy (Peach-Py)	121	0.0006089680	10143	838187	2985925	8568	410496
BFS/TD brachy (Peach-Py)	122	0.0006162700	10244	860090	3062604	8841	421174
BFS/TD brachy (Peach-Py)	123	0.0005986240	9919	840733	2994311	8575	411762
BFS/TD brachy (Peach-Py)	124	0.0005961850	9955	839629	2988557	8659	411126
BFS/TD brachy (Peach-Py)	125	0.0005473030	9224	772628	2750528	7945	378340
BFS/TD brachy (Peach-Py)	126	0.0005334640	8628	730611	2600988	7483	357793
BFS/TD brachy (Peach-Py)	127	0.0004892740	8200	697234	2482281	7119	341469
BFS/TD brachy (Peach-Py)	128	0.0004810560	7985	669598	2384358	6853	327917
BFS/TD brachy (Peach-Py)	129	0.0004683380	7773	657935	2342637	6720	322219
BFS/TD brachy (Peach-Py)	130	0.0004594460	7581	641569	2284936	6552	314204
BFS/TD brachy (Peach-Py)	131	0.0004522310	7594	645000	2297383	6580	315891
BFS/TD brachy (Peach-Py)	132	0.0004646600	7797	644823	2296535	6699	315684
BFS/TD brachy (Peach-Py)	133	0.0004586330	7652	630271	2244469	6503	308604
BFS/TD brachy (Peach-Py)	134	0.0004449490	7281	615526	2191536	6321	301413
BFS/TD brachy (Peach-Py)	135	0.0004384650	7079	594795	2118539	6062	291307
BFS/TD brachy (Peach-Py)	136	0.0004328190	7180	603737	2150277	6174	295666
BFS/TD brachy (Peach-Py)	137	0.0004417250	7157	608442	2167162	6209	297983
BFS/TD brachy (Peach-Py)	138	0.0004432230	7315	617261	2198703	6314	302288
BFS/TD brachy (Peach-Py)	139	0.0004518840	7517	628629	2239163	6433	307853
BFS/TD brachy (Peach-Py)	140	0.0004636570	7604	644408	2295731	6538	315637
BFS/TD brachy (Peach-Py)	141	0.0004746640	7872	672926	2396993	6881	329553
BFS/TD brachy (Peach-Py)	142	0.0004879130	8104	687626	2449199	7021	336763
BFS/TD brachy (Peach-Py)	143	0.0005054960	8235	698799	2488365	7133	342237
BFS/TD brachy (Peach-Py)	144	0.0004935340	8129	688017	2449982	7042	336938
BFS/TD brachy (Peach-Py)	145	0.0004980830	8041	679884	2421703	6916	332997
BFS/TD brachy (Peach-Py)	146	0.0005084350	8285	695662	2477346	7105	340697
BFS/TD brachy (Peach-Py)	147	0.0005059150	8205	691252	2462205	7056	338541
BFS/TD brachy (Peach-Py)	148	0.0005193780	8363	704874	2510533	7203	345205
BFS/TD brachy (Peach-Py)	149	0.0005152380	8387	712322	2536118	7273	348859
BFS/TD brachy (Peach-Py)	150	0.0005081890	8172	688116	2450284	7042	336987
BFS/TD brachy (Peach-Py)	151	0.0004912880	7980	675573	2405184	6902	330855
BFS/TD brachy (Peach-Py)	152	0.0004710490	7731	652443	2322995	6643	319550
BFS/TD brachy (Peach-Py)	153	0.0004644490	7609	632451	2251889	6489	309708
BFS/TD brachy (Peach-Py)	154	0.0004432380	7248	611871	2177927	6265	299642
BFS/TD brachy (Peach-Py)	155	0.0004102130	6794	572768	2039284	5845	280511
BFS/TD brachy (Peach-Py)	156	0.0003944120	6549	553854	1971573	5670	271229
BFS/TD brachy (Peach-Py)	157	0.0003694880	6250	524553	1867715	5341	256907
BFS/TD brachy (Peach-Py)	158	0.0003596500	5991	508479	1809403	5236	248976
BFS/TD brachy (Peach-Py)	159	0.0003211870	5340	456931	1626255	4655	223783
BFS/TD brachy (Peach-Py)	160	0.0003049100	5029	426160	1517672	4326	208726
BFS/TD brachy (Peach-Py)	161	0.0003035120	5052	422338	1503959	4361	206780
BFS/TD brachy (Peach-Py)	162	0.0002922330	4935	414889	1477155	4214	203203
BFS/TD brachy (Peach-Py)	163	0.0002719660	4673	399894	1423331	4116	195804
BFS/TD brachy (Peach-Py)	164	0.0002516070	4318	368045	1309778	3766	180229
BFS/TD brachy (Peach-Py)	165	0.0002328270	3903	335018	1192485	3423	164059
BFS/TD brachy (Peach-Py)	166	0.0002220220	3780	310812	1106147	3199	152180
BFS/TD brachy (Peach-Py)	167	0.0002016810	3308	285723	1017267	2884	139951
BFS/TD brachy (Peach-Py)	168	0.0001963670	3331	279256	994546	2842	136759
BFS/TD brachy (Peach-Py)	169	0.0001982320	3321	278080	989968	2856	136157
BFS/TD brachy (Peach-Py)	170	0.0001846300	3100	264163	939875	2688	129367
BFS/TD brachy (Peach-Py)	171	0.0001556790	2722	232607	827497	2394	113883
BFS/TD brachy (Peach-Py)	172	0.0001319830	2324	197817	703632	2044	96838
BFS/TD brachy (Peach-Py)	173	0.0001068700	1899	165280	587823	1694	80920
BFS/TD brachy (Peach-Py)	174	0.0000841320	1556	135488	481409	1400	66318
BFS/TD brachy (Peach-Py)	175	0.0000598230	1069	94523	334863	980	46256
BFS/TD brachy (Peach-Py)	176	0.0000202300	372	32195	113922	343	15729
BFS/TD brachy (Peach-Py)	177	0.0000025840	58	4265	15138	49	2058
BFS/TD brachless (Peach-Py)	0	0.0000004440	11	84	626	1	31
BFS/TD brachless (Peach-Py)	1	0.0000034580	40	1293	14714	31	1180
BFS/TD brachless (Peach-Py)	2	0.0000055060	60	2629	30354	59	2460
BFS/TD brachless (Peach-Py)	3	0.0000082160	91	3835	44476	84	3616
BFS/TD brachless (Peach-Py)	4	0.0000091870	92	4381	50930	91	4148
BFS/TD brachless (Peach-Py)	5	0.0000104430	113	5431	63236	112	5156
BFS/TD brachless (Peach-Py)	6	0.0000152870	158	7132	83158	147	6787
BFS/TD brachless (Peach-Py)	7	0.0000172090	187	8833	103080	182	8418
BFS/TD brachless (Peach-Py)	8	0.0000212850	224	10583	123590	217	10098
BFS/TD brachless (Peach-Py)	9	0.0000250680	235	11584	135308	238	11057
BFS/TD brachless (Peach-Py)	10	0.0000241930	249	12419	145132	252	11864
BFS/TD brachless (Peach-Py)	11	0.0000254350	293	13574	158600	280	12963
BFS/TD brachless (Peach-Py)	12	0.0000280440	311	15273	178694	301	14620
BFS/TD brachless (Peach-Py)	13	0.0000356810	380	18719	218968	378	17912
BFS/TD brachless (Peach-Py)	14	0.0000396860	444	22004	257506	441	21071
BFS/TD brachless (Peach-Py)	15	0.0000450860	514	25646	300132	518	24559
BFS/TD brachless (Peach-Py)	16	0.0000553810	629	32450	379820	658	31083
BFS/TD brachless (Peach-Py)	17	0.0000604440	704	36239	424210	735	34718
BFS/TD brachless (Peach-Py)	18	0.0000647630	793	40303	471998	805	38642
BFS/TD brachless (Peach-Py)	19	0.0000805690	886	46953	549936	938	45026
BFS/TD brachless (Peach-Py)	20	0.0001063080	1172	59861	701304	1190	57430
BFS/TD brachless (Peach-Py)	21	0.0001365770	1439	76128	891706	1533	73011
BFS/TD brachless (Peach-Py)	22	0.0001689260	1910	95982	1124368	1932	92067
BFS/TD brachless (Peach-Py)	23	0.0002057090	2251	119456	1399294	2415	114575
BFS/TD brachless (Peach-Py)	24	0.0002318140	2423	130855	1532750	2653	125498
BFS/TD brachless (Peach-Py)	25	0.0002402010	2554	135846	1591270	2751	130293
BFS/TD brachless (Peach-Py)	26	0.0002442110	2505	139495	1633980	2828	133788
BFS/TD brachless (Peach-Py)	27	0.0002538830	2598	138419	1621558	2793	132782
BFS/TD brachless (Peach-Py)	28	0.0002573450	2638	144552	1693978	2877	138747
BFS/TD brachless (Peach-Py)	29	0.0002782190	2728	154227	1806844	3108	147960
BFS/TD brachless (Peach-Py)	30	0.0002749670	2728	151828	1778894	3045	145683
BFS/TD brachless (Peach-Py)	31	0.0002828220	2891	158722	1859771	3178	152312
BFS/TD brachless (Peach-Py)	32	0.0002895400	2926	161755	1895383	3234	155233
BFS/TD brachless (Peach-Py)	33	0.0003047340	3020	165417	1938140	3318	158726
BFS/TD brachless (Peach-Py)	34	0.0003137940	3088	172940	2026848	3430	166025
BFS/TD brachless (Peach-Py)	35	0.0003298800	3382	183304	2147786	3675	175899
BFS/TD brachless (Peach-Py)	36	0.0003470030	3532	192857	2259874	3857	185088
BFS/TD brachless (Peach-Py)	37	0.0003525980	3648	197441	2313129	3983	189421
BFS/TD brachless (Peach-Py)	38	0.0003413160	3627	193179	2263346	3885	185354
BFS/TD brachless (Peach-Py)	39	0.0003288950	3424	183707	2151947	3724	176205
BFS/TD brachless (Peach-Py)	40	0.0003263550	3314	175441	2055978	3493	168400
BFS/TD brachless (Peach-Py)	41	0.0003485000	3544	183732	2152922	3675	176327
BFS/TD brachless (Peach-Py)	42	0.0003787170	3861	201876	2365652	4032	193757
BFS/TD brachless (Peach-Py)	43	0.0003999130	4103	215902	2530033	4312	207222
BFS/TD brachless (Peach-Py)	44	0.0004351380	4376	234470	2747742	4676	225061
BFS/TD brachless (Peach-Py)	45	0.0004502190	4653	250005	2929175	5033	239883
BFS/TD brachless (Peach-Py)	46	0.0004560620	4791	255005	2988293	5096	244757
BFS/TD brachless (Peach-Py)	47	0.0004640960	4845	260806	3055749	5250	250250
BFS/TD brachless (Peach-Py)	48	0.0004568740	4714	254798	2985613	5110	244522
BFS/TD brachless (Peach-Py)	49	0.0004700510	4862	256299	3003527	5117	246009
BFS/TD brachless (Peach-Py)	50	0.0004701460	4742	256166	3001735	5131	245848
BFS/TD brachless (Peach-Py)	51	0.0004665420	4659	252589	2960183	5033	242467
BFS/TD brachless (Peach-Py)	52	0.0004923650	5039	272426	3192336	5453	261463
BFS/TD brachless (Peach-Py)	53	0.0005323600	5351	288699	3382908	5789	277064
BFS/TD brachless (Peach-Py)	54	0.0005408160	5442	297717	3488870	5950	285760
BFS/TD brachless (Peach-Py)	55	0.0005622300	5731	309276	3624235	6188	296842
BFS/TD brachless (Peach-Py)	56	0.0005658120	5707	310957	3643340	6265	298370
BFS/TD brachless (Peach-Py)	57	0.0005644890	5824	306232	3588121	6160	293856
BFS/TD brachless (Peach-Py)	58	0.0005474120	5657	298559	3498680	5971	286560
BFS/TD brachless (Peach-Py)	59	0.0005442610	5457	291146	3411978	5810	279469
BFS/TD brachless (Peach-Py)	60	0.0005387300	5328	285817	3349402	5712	274336
BFS/TD brachless (Peach-Py)	61	0.0005418520	5485	289574	3393506	5782	277953
BFS/TD brachless (Peach-Py)	62	0.0005564640	5610	303268	3553914	6062	291087
BFS/TD brachless (Peach-Py)	63	0.0005895170	5883	314555	3686211	6286	301925
BFS/TD brachless (Peach-Py)	64	0.0006213760	6147	329493	3861449	6573	316289
BFS/TD brachless (Peach-Py)	65	0.0006464720	6532	344173	4033101	6895	330325
BFS/TD brachless (Peach-Py)	66	0.0006692910	6574	357136	4185020	7154	342769
BFS/TD brachless (Peach-Py)	67	0.0006738100	6807	363172	4255601	7287	348540
BFS/TD brachless (Peach-Py)	68	0.0006794300	6937	369516	4329867	7420	354618
BFS/TD brachless (Peach-Py)	69	0.0006693020	6891	365775	4286249	7329	351059
BFS/TD brachless (Peach-Py)	70	0.0006583710	6728	356376	4175911	7154	342010
BFS/TD brachless (Peach-Py)	71	0.0006426170	6660	346473	4059438	6986	332444
BFS/TD brachless (Peach-Py)	72	0.0006177100	6331	333520	3907519	6734	319994
BFS/TD brachless (Peach-Py)	73	0.0006146530	6298	331105	3880205	6615	317817
BFS/TD brachless (Peach-Py)	74	0.0006097240	6260	329779	3863999	6636	316449
BFS/TD brachless (Peach-Py)	75	0.0005983840	6299	326751	3828752	6559	313576
BFS/TD brachless (Peach-Py)	76	0.0005949630	6096	321239	3764470	6426	308330
BFS/TD brachless (Peach-Py)	77	0.0005955330	6124	322623	3779695	6524	309517
BFS/TD brachless (Peach-Py)	78	0.0005686490	5890	311663	3652400	6223	299160
BFS/TD brachless (Peach-Py)	79	0.0005809510	5985	313811	3676793	6321	301111
BFS/TD brachless (Peach-Py)	80	0.0005809630	5966	317807	3724364	6349	305052
BFS/TD brachless (Peach-Py)	81	0.0006127910	6419	334493	3919391	6720	320995
BFS/TD brachless (Peach-Py)	82	0.0006370600	6588	346416	4059527	6930	332498
BFS/TD brachless (Peach-Py)	83	0.0006534800	6774	360550	4224039	7294	345904
BFS/TD brachless (Peach-Py)	84	0.0006498600	6614	351407	4118341	7007	337335
BFS/TD brachless (Peach-Py)	85	0.0006948690	7126	371102	4348877	7420	356202
BFS/TD brachless (Peach-Py)	86	0.0007078270	7356	387392	4538880	7812	371709
BFS/TD brachless (Peach-Py)	87	0.0007173360	7437	389457	4563856	7798	373802
BFS/TD brachless (Peach-Py)	88	0.0007397110	7572	398443	4667376	8106	382172
BFS/TD brachless (Peach-Py)	89	0.0007340190	7637	403306	4725830	8099	387049
BFS/TD brachless (Peach-Py)	90	0.0007490760	7590	405817	4754699	8190	389379
BFS/TD brachless (Peach-Py)	91	0.0007477130	7563	395560	4635415	7917	379666
BFS/TD brachless (Peach-Py)	92	0.0007465330	7617	402571	4717402	8071	386370
BFS/TD brachless (Peach-Py)	93	0.0007381220	7529	399689	4683896	7994	383642
BFS/TD brachless (Peach-Py)	94	0.0007614120	7725	407883	4779676	8176	391472
BFS/TD brachless (Peach-Py)	95	0.0007732330	7803	407672	4777046	8183	391247
BFS/TD brachless (Peach-Py)	96	0.0008101020	8093	424824	4978242	8512	407739
BFS/TD brachless (Peach-Py)	97	0.0008166320	8312	431753	5059158	8673	414348
BFS/TD brachless (Peach-Py)	98	0.0008396010	8539	448515	5256273	8960	430535
BFS/TD brachless (Peach-Py)	99	0.0008293060	8334	446958	5237099	8995	428908
BFS/TD brachless (Peach-Py)	100	0.0008276580	8402	443373	5195745	8876	425561
BFS/TD brachless (Peach-Py)	101	0.0008280150	8316	439404	5148803	8827	421690
BFS/TD brachless (Peach-Py)	102	0.0008175660	8206	433346	5078078	8687	415913
BFS/TD brachless (Peach-Py)	103	0.0008040130	7994	423516	4962949	8484	406488
BFS/TD brachless (Peach-Py)	104	0.0008020470	8174	425954	4992020	8498	408899
BFS/TD brachless (Peach-Py)	105	0.0008435270	8320	443273	5194055	8911	425391
BFS/TD brachless (Peach-Py)	106	0.0008472760	8228	438857	5143208	8757	421282
BFS/TD brachless (Peach-Py)	107	0.0008422830	8350	444592	5209404	8946	426641
BFS/TD brachless (Peach-Py)	108	0.0008339090	8219	434571	5092582	8701	417110
BFS/TD brachless (Peach-Py)	109	0.0008216580	8051	426794	5001120	8568	409599
BFS/TD brachless (Peach-Py)	110	0.0008030070	7859	414279	4855339	8253	397713
BFS/TD brachless (Peach-Py)	111	0.0007947790	7691	412127	4829809	8232	395603
BFS/TD brachless (Peach-Py)	112	0.0008071550	7954	420873	4932028	8428	403958
BFS/TD brachless (Peach-Py)	113	0.0008338300	8190	437513	5127189	8750	419953
BFS/TD brachless (Peach-Py)	114	0.0008602620	8317	450757	5281805	9058	432581
BFS/TD brachless (Peach-Py)	115	0.0008419440	8218	442702	5187987	8855	424932
BFS/TD brachless (Peach-Py)	116	0.0008293560	8101	433239	5076108	8736	415708
BFS/TD brachless (Peach-Py)	117	0.0007787130	7602	406376	4761102	8211	389895
BFS/TD brachless (Peach-Py)	118	0.0007617970	7563	401729	4708768	7966	385738
BFS/TD brachless (Peach-Py)	119	0.0007907190	7820	416669	4882462	8365	399880
BFS/TD brachless (Peach-Py)	120	0.0008025700	7777	417779	4896054	8344	401030
BFS/TD brachless (Peach-Py)	121	0.0008040260	8001	427691	5011884	8568	410496
BFS/TD brachless (Peach-Py)	122	0.0008204060	8272	438916	5142751	8841	421174
BFS/TD brachless (Peach-Py)	123	0.0007983450	8064	428971	5027146	8575	411762
BFS/TD brachless (Peach-Py)	124	0.0007975820	8175	428503	5020354	8659	411126
BFS/TD brachless (Peach-Py)	125	0.0007439500	7447	394289	4619782	7945	378340
BFS/TD brachless (Peach-Py)	126	0.0007008750	7063	372817	4368597	7483	357793
BFS/TD brachless (Peach-Py)	127	0.0006607380	6813	355765	4169069	7119	341469
BFS/TD brachless (Peach-Py)	128	0.0006389240	6511	341681	4003785	6853	327917
BFS/TD brachless (Peach-Py)	129	0.0006284570	6419	335716	3934078	6720	322219
BFS/TD brachless (Peach-Py)	130	0.0006171810	6285	327365	3836218	6552	314204
BFS/TD brachless (Peach-Py)	131	0.0006122250	6236	329109	3856743	6580	315891
BFS/TD brachless (Peach-Py)	132	0.0006265380	6352	329140	3855449	6699	315684
BFS/TD brachless (Peach-Py)	133	0.0006052890	6245	321667	3768528	6503	308604
BFS/TD brachless (Peach-Py)	134	0.0005919910	6004	314112	3680416	6321	301413
BFS/TD brachless (Peach-Py)	135	0.0005750030	5709	303488	3556554	6062	291307
BFS/TD brachless (Peach-Py)	136	0.0005785060	5870	308071	3609982	6174	295666
BFS/TD brachless (Peach-Py)	137	0.0005942630	5969	310459	3638137	6209	297983
BFS/TD brachless (Peach-Py)	138	0.0006041260	5948	314974	3690847	6314	302288
BFS/TD brachless (Peach-Py)	139	0.0006012110	6021	320776	3758816	6433	307853
BFS/TD brachless (Peach-Py)	140	0.0006237410	6175	328771	3853275	6538	315637
BFS/TD brachless (Peach-Py)	141	0.0006445110	6556	343373	4023697	6881	329553
BFS/TD brachless (Peach-Py)	142	0.0006558900	6669	350863	4111617	7021	336763
BFS/TD brachless (Peach-Py)	143	0.0006747650	6745	356561	4178425	7133	342237
BFS/TD brachless (Peach-Py)	144	0.0006693340	6586	351080	4113927	7042	336938
BFS/TD brachless (Peach-Py)	145	0.0006604520	6554	346887	4065375	6916	332997
BFS/TD brachless (Peach-Py)	146	0.0006720990	6699	354965	4159665	7105	340697
BFS/TD brachless (Peach-Py)	147	0.0006730760	6620	352711	4133303	7056	338541
BFS/TD brachless (Peach-Py)	148	0.0006836750	6790	359669	4214741	7203	345205
BFS/TD brachless (Peach-Py)	149	0.0006805870	6814	363463	4259289	7273	348859
BFS/TD brachless (Peach-Py)	150	0.0006729250	6590	351130	4114516	7042	336987
BFS/TD brachless (Peach-Py)	151	0.0006484750	6558	344717	4039531	6902	330855
BFS/TD brachless (Peach-Py)	152	0.0006290550	6271	332893	3901280	6643	319550
BFS/TD brachless (Peach-Py)	153	0.0006095260	6163	322743	3781636	6489	309708
BFS/TD brachless (Peach-Py)	154	0.0005877690	5833	312229	3658604	6265	299642
BFS/TD brachless (Peach-Py)	155	0.0005432170	5468	292257	3424831	5845	280511
BFS/TD brachless (Peach-Py)	156	0.0005260400	5338	282625	3311697	5670	271229
BFS/TD brachless (Peach-Py)	157	0.0004981780	4987	267647	3136545	5341	256907
BFS/TD brachless (Peach-Py)	158	0.0004760830	4796	259503	3040320	5236	248976
BFS/TD brachless (Peach-Py)	159	0.0004321150	4393	233148	2732194	4655	223783
BFS/TD brachless (Peach-Py)	160	0.0004039720	4065	217434	2548221	4326	208726
BFS/TD brachless (Peach-Py)	161	0.0003994300	4118	215557	2525218	4361	206780
BFS/TD brachless (Peach-Py)	162	0.0003908550	3927	211686	2480824	4214	203203
BFS/TD brachless (Peach-Py)	163	0.0003701880	3871	204090	2391055	4116	195804
BFS/TD brachless (Peach-Py)	164	0.0003402870	3591	187816	2200656	3766	180229
BFS/TD brachless (Peach-Py)	165	0.0003166800	3243	170959	2003185	3423	164059
BFS/TD brachless (Peach-Py)	166	0.0002919450	3010	158632	1858397	3199	152180
BFS/TD brachless (Peach-Py)	167	0.0002722240	2720	145772	1708498	2884	139951
BFS/TD brachless (Peach-Py)	168	0.0002705310	2706	142498	1669776	2842	136759
BFS/TD brachless (Peach-Py)	169	0.0002650490	2681	141923	1662691	2856	136157
BFS/TD brachless (Peach-Py)	170	0.0002434620	2481	134796	1579530	2688	129367
BFS/TD brachless (Peach-Py)	171	0.0002090820	2170	118724	1390782	2394	113883
BFS/TD brachless (Peach-Py)	172	0.0001790870	1869	100979	1182742	2044	96838
BFS/TD brachless (Peach-Py)	173	0.0001470480	1504	84360	988225	1694	80920
BFS/TD brachless (Peach-Py)	174	0.0001174130	1255	69170	810061	1400	66318
BFS/TD brachless (Peach-Py)	175	0.0000802820	876	48267	565116	980	46256
BFS/TD brachless (Peach-Py)	176	0.0000262880	297	16466	192422	343	15729
BFS/TD brachless (Peach-Py)	177	0.0000033330	41	2207	25430	49	2058
BFS/TD branchless (inline asm)	0	0.0000004330	9	85	693	1	31
BFS/TD branchless (inline asm)	1	0.0000030770	36	1294	17139	31	1180
BFS/TD branchless (inline asm)	2	0.0000053500	63	2630	35395	59	2460
BFS/TD branchless (inline asm)	3	0.0000079890	88	3836	51879	84	3616
BFS/TD branchless (inline asm)	4	0.0000088970	93	4382	59411	91	4148
BFS/TD branchless (inline asm)	5	0.0000099070	114	5432	73775	112	5156
BFS/TD branchless (inline asm)	6	0.0000148090	148	7133	97029	147	6787
BFS/TD branchless (inline asm)	7	0.0000172560	184	8834	120283	182	8418
BFS/TD branchless (inline asm)	8	0.0000205680	223	10584	144223	217	10098
BFS/TD branchless (inline asm)	9	0.0000234990	246	11585	157901	238	11057
BFS/TD branchless (inline asm)	10	0.0000232240	258	12420	169367	252	11864
BFS/TD branchless (inline asm)	11	0.0000250160	281	13575	185089	280	12963
BFS/TD branchless (inline asm)	12	0.0000276490	302	15274	208539	301	14620
BFS/TD branchless (inline asm)	13	0.0000326420	381	18720	255551	378	17912
BFS/TD branchless (inline asm)	14	0.0000379200	444	22005	300533	441	21071
BFS/TD branchless (inline asm)	15	0.0000418840	521	25647	350289	518	24559
BFS/TD branchless (inline asm)	16	0.0000507490	661	32451	443305	658	31083
BFS/TD branchless (inline asm)	17	0.0000572400	739	36240	495119	735	34718
BFS/TD branchless (inline asm)	18	0.0000606890	809	40304	550895	805	38642
BFS/TD branchless (inline asm)	19	0.0000760750	941	46954	641867	938	45026
BFS/TD branchless (inline asm)	20	0.0001019590	1192	59862	818547	1190	57430
BFS/TD branchless (inline asm)	21	0.0001287860	1536	76129	1040797	1533	73011
BFS/TD branchless (inline asm)	22	0.0001596710	1935	95983	1312369	1932	92067
BFS/TD branchless (inline asm)	23	0.0001955620	2420	119457	1633277	2415	114575
BFS/TD branchless (inline asm)	24	0.0002328320	2655	130857	1789056	2653	125498
BFS/TD branchless (inline asm)	25	0.0002282230	2754	135847	1857361	2751	130293
BFS/TD branchless (inline asm)	26	0.0002360510	2829	139496	1907215	2828	133788
BFS/TD branchless (inline asm)	27	0.0002402830	2796	138420	1892711	2793	132782
BFS/TD branchless (inline asm)	28	0.0002451620	2882	144553	1977229	2877	138747
BFS/TD branchless (inline asm)	29	0.0002633330	3115	154228	2108983	3108	147960
BFS/TD branchless (inline asm)	30	0.0002569200	3045	151829	2076353	3045	145683
BFS/TD branchless (inline asm)	31	0.0002652400	3187	158723	2170754	3178	152312
BFS/TD branchless (inline asm)	32	0.0002687510	3237	161756	2212320	3234	155233
BFS/TD branchless (inline asm)	33	0.0002787370	3326	165417	2262230	3318	158726
BFS/TD branchless (inline asm)	34	0.0002993320	3433	172941	2365761	3430	166025
BFS/TD branchless (inline asm)	35	0.0003143250	3684	183305	2506937	3675	175899
BFS/TD branchless (inline asm)	36	0.0003273150	3857	192858	2637767	3857	185088
BFS/TD branchless (inline asm)	37	0.0003345380	3987	197442	2699940	3983	189421
BFS/TD branchless (inline asm)	38	0.0003308310	3889	193181	2641828	3885	185354
BFS/TD branchless (inline asm)	39	0.0003065310	3687	183708	2511808	3724	176205
BFS/TD branchless (inline asm)	40	0.0003098680	3494	175442	2399767	3493	168400
BFS/TD branchless (inline asm)	41	0.0003275530	3678	183733	2512929	3675	176327
BFS/TD branchless (inline asm)	42	0.0003608850	4035	201877	2761233	4032	193757
BFS/TD branchless (inline asm)	43	0.0003793870	4313	215903	2953104	4312	207222
BFS/TD branchless (inline asm)	44	0.0004064240	4678	234470	3207218	4676	225061
BFS/TD branchless (inline asm)	45	0.0004270020	5034	250006	3419010	5033	239883
BFS/TD branchless (inline asm)	46	0.0004322300	5097	255006	3488002	5096	244757
BFS/TD branchless (inline asm)	47	0.0004457230	5251	260807	3566752	5250	250250
BFS/TD branchless (inline asm)	48	0.0004397470	5113	254800	3484881	5110	244522
BFS/TD branchless (inline asm)	49	0.0004424710	5120	256300	3505782	5117	246009
BFS/TD branchless (inline asm)	50	0.0004483970	5134	256167	3503696	5131	245848
BFS/TD branchless (inline asm)	51	0.0004398040	5036	252590	3455186	5033	242467
BFS/TD branchless (inline asm)	52	0.0004683850	5455	272427	3726171	5453	261463
BFS/TD branchless (inline asm)	53	0.0004938410	5793	288699	3948616	5789	277064
BFS/TD branchless (inline asm)	54	0.0005119640	5953	297718	4072293	5950	285760
BFS/TD branchless (inline asm)	55	0.0005369520	6188	309277	4230298	6188	296842
BFS/TD branchless (inline asm)	56	0.0005408680	6263	310958	4252613	6265	298370
BFS/TD branchless (inline asm)	57	0.0005425650	6165	306234	4188157	6160	293856
BFS/TD branchless (inline asm)	58	0.0005173140	5980	298560	4083745	5971	286560
BFS/TD branchless (inline asm)	59	0.0005151640	5812	291147	3982539	5810	279469
BFS/TD branchless (inline asm)	60	0.0005044790	5721	285817	3909500	5712	274336
BFS/TD branchless (inline asm)	61	0.0005114060	5786	289575	3960979	5782	277953
BFS/TD branchless (inline asm)	62	0.0005261940	6072	303269	4148215	6062	291087
BFS/TD branchless (inline asm)	63	0.0005674500	6291	314556	4302636	6286	301925
BFS/TD branchless (inline asm)	64	0.0005940080	6579	329495	4507177	6573	316289
BFS/TD branchless (inline asm)	65	0.0006113170	6897	344174	4707544	6895	330325
BFS/TD branchless (inline asm)	66	0.0006298970	7161	357136	4884868	7154	342769
BFS/TD branchless (inline asm)	67	0.0006365110	7286	363173	4967258	7287	348540
BFS/TD branchless (inline asm)	68	0.0006420600	7373	369517	5053946	7420	354618
BFS/TD branchless (inline asm)	69	0.0006358830	7332	365776	5003028	7329	351059
BFS/TD branchless (inline asm)	70	0.0006333260	7162	356378	4874243	7154	342010
BFS/TD branchless (inline asm)	71	0.0006051270	6990	346474	4738301	6986	332444
BFS/TD branchless (inline asm)	72	0.0005845560	6742	333521	4560978	6734	319994
BFS/TD branchless (inline asm)	73	0.0005741930	6614	331105	4529071	6615	317817
BFS/TD branchless (inline asm)	74	0.0005814550	6639	329780	4510172	6636	316449
BFS/TD branchless (inline asm)	75	0.0005674250	6557	326752	4469025	6559	313576
BFS/TD branchless (inline asm)	76	0.0005641690	6434	321240	4393985	6426	308330
BFS/TD branchless (inline asm)	77	0.0005853810	6537	322625	4411781	6524	309517
BFS/TD branchless (inline asm)	78	0.0005426710	6229	311664	4263169	6223	299160
BFS/TD branchless (inline asm)	79	0.0005447530	6324	313811	4291659	6321	301111
BFS/TD branchless (inline asm)	80	0.0005464190	6358	317808	4347169	6349	305052
BFS/TD branchless (inline asm)	81	0.0005780970	6723	334494	4574824	6720	320995
BFS/TD branchless (inline asm)	82	0.0006091260	6938	346417	4738386	6930	332498
BFS/TD branchless (inline asm)	83	0.0006191210	7292	360551	4930438	7294	345904
BFS/TD branchless (inline asm)	84	0.0006268130	7014	351409	4807029	7007	337335
BFS/TD branchless (inline asm)	85	0.0006533290	7418	371102	5076123	7420	356202
BFS/TD branchless (inline asm)	86	0.0006714610	7818	387393	5297925	7812	371709
BFS/TD branchless (inline asm)	87	0.0006794510	7795	389458	5327059	7798	373802
BFS/TD branchless (inline asm)	88	0.0007043380	8112	398444	5447935	8106	382172
BFS/TD branchless (inline asm)	89	0.0006946550	8100	403307	5516129	8099	387049
BFS/TD branchless (inline asm)	90	0.0007162780	8194	405819	5549841	8190	389379
BFS/TD branchless (inline asm)	91	0.0006999380	7921	395560	5410583	7917	379666
BFS/TD branchless (inline asm)	92	0.0007095970	8078	402572	5506287	8071	386370
BFS/TD branchless (inline asm)	93	0.0006972660	7994	399690	5467171	7994	383642
BFS/TD branchless (inline asm)	94	0.0007227630	8186	407884	5578975	8176	391472
BFS/TD branchless (inline asm)	95	0.0007377860	8178	407674	5575910	8183	391247
BFS/TD branchless (inline asm)	96	0.0007556070	8521	424824	5810746	8512	407739
BFS/TD branchless (inline asm)	97	0.0007709540	8676	431754	5905203	8673	414348
BFS/TD branchless (inline asm)	98	0.0007953240	8968	448516	6135266	8960	430535
BFS/TD branchless (inline asm)	99	0.0007887860	8999	446959	6112908	8995	428908
BFS/TD branchless (inline asm)	100	0.0007873920	8882	443374	6064622	8876	425561
BFS/TD branchless (inline asm)	101	0.0007893740	8831	439405	6009840	8827	421690
BFS/TD branchless (inline asm)	102	0.0007790360	8695	433347	5927281	8687	415913
BFS/TD branchless (inline asm)	103	0.0007587370	8485	423517	5792896	8484	406488
BFS/TD branchless (inline asm)	104	0.0007612690	8506	425955	5826817	8498	408899
BFS/TD branchless (inline asm)	105	0.0008020220	8914	443274	6062662	8911	425391
BFS/TD branchless (inline asm)	106	0.0008061330	8765	438858	6003289	8757	421282
BFS/TD branchless (inline asm)	107	0.0007973580	8949	444593	6080581	8946	426641
BFS/TD branchless (inline asm)	108	0.0007920800	8709	434572	5944207	8701	417110
BFS/TD branchless (inline asm)	109	0.0007797550	8572	426795	5837457	8568	409599
BFS/TD branchless (inline asm)	110	0.0007626790	8259	414280	5667274	8253	397713
BFS/TD branchless (inline asm)	111	0.0007592660	8236	412128	5637482	8232	395603
BFS/TD branchless (inline asm)	112	0.0007734480	8436	420874	5756803	8428	403958
BFS/TD branchless (inline asm)	113	0.0007942350	8754	437514	5984598	8750	419953
BFS/TD branchless (inline asm)	114	0.0008116170	9066	450758	6165086	9058	432581
BFS/TD branchless (inline asm)	115	0.0007991350	8852	442702	6055563	8855	424932
BFS/TD branchless (inline asm)	116	0.0007955040	8745	433241	5925000	8736	415708
BFS/TD branchless (inline asm)	117	0.0007394310	8214	406377	5557317	8211	389895
BFS/TD branchless (inline asm)	118	0.0007293230	7969	401730	5496179	7966	385738
BFS/TD branchless (inline asm)	119	0.0007513520	8371	416670	5698955	8365	399880
BFS/TD branchless (inline asm)	120	0.0007564650	8354	417779	5714804	8344	401030
BFS/TD branchless (inline asm)	121	0.0007677490	8576	427693	5850016	8568	410496
BFS/TD branchless (inline asm)	122	0.0007787800	8840	438917	6002784	8841	421174
BFS/TD branchless (inline asm)	123	0.0007650450	8583	428972	5867823	8575	411762
BFS/TD branchless (inline asm)	124	0.0007604720	8662	428504	5859927	8659	411126
BFS/TD branchless (inline asm)	125	0.0006967080	7953	394289	5392354	7945	378340
BFS/TD branchless (inline asm)	126	0.0006784370	7489	372819	5099153	7483	357793
BFS/TD branchless (inline asm)	127	0.0006253320	7127	355766	4866248	7119	341469
BFS/TD branchless (inline asm)	128	0.0006103000	6859	341682	4673328	6853	327917
BFS/TD branchless (inline asm)	129	0.0005894950	6723	335717	4591959	6720	322219
BFS/TD branchless (inline asm)	130	0.0005836980	6555	327366	4477733	6552	314204
BFS/TD branchless (inline asm)	131	0.0005777050	6589	329110	4501688	6580	315891
BFS/TD branchless (inline asm)	132	0.0005918050	6701	329140	4500217	6699	315684
BFS/TD branchless (inline asm)	133	0.0005850330	6506	321669	4398746	6503	308604
BFS/TD branchless (inline asm)	134	0.0005589660	6319	314113	4295887	6321	301413
BFS/TD branchless (inline asm)	135	0.0005493760	6070	303489	4151295	6062	291307
BFS/TD branchless (inline asm)	136	0.0005498440	6172	308072	4213665	6174	295666
BFS/TD branchless (inline asm)	137	0.0005600430	6211	310460	4246524	6209	297983
BFS/TD branchless (inline asm)	138	0.0005646440	6317	314974	4308053	6314	302288
BFS/TD branchless (inline asm)	139	0.0005723880	6436	320777	4387391	6433	307853
BFS/TD branchless (inline asm)	140	0.0005962860	6541	328773	4497629	6538	315637
BFS/TD branchless (inline asm)	141	0.0006111620	6888	343374	4696568	6881	329553
BFS/TD branchless (inline asm)	142	0.0006227080	7024	350864	4799188	7021	336763
BFS/TD branchless (inline asm)	143	0.0006389520	7134	356562	4877168	7133	342237
BFS/TD branchless (inline asm)	144	0.0006281950	7050	351080	4801889	7042	336938
BFS/TD branchless (inline asm)	145	0.0006222380	6925	346888	4745204	6916	332997
BFS/TD branchless (inline asm)	146	0.0006470440	7110	354967	4855273	7105	340697
BFS/TD branchless (inline asm)	147	0.0006376340	7065	352712	4824500	7056	338541
BFS/TD branchless (inline asm)	148	0.0006504060	7212	359670	4919560	7203	345205
BFS/TD branchless (inline asm)	149	0.0006483490	7281	363464	4971556	7273	348859
BFS/TD branchless (inline asm)	150	0.0006356740	7050	351130	4802576	7042	336987
BFS/TD branchless (inline asm)	151	0.0006188580	6908	344718	4715048	6902	330855
BFS/TD branchless (inline asm)	152	0.0005935130	6651	332894	4553669	6643	319550
BFS/TD branchless (inline asm)	153	0.0005875860	6497	322745	4414034	6489	309708
BFS/TD branchless (inline asm)	154	0.0005609050	6271	312230	4270421	6265	299642
BFS/TD branchless (inline asm)	155	0.0005176040	5849	292258	3997546	5845	280511
BFS/TD branchless (inline asm)	156	0.0004971530	5678	282626	3865498	5670	271229
BFS/TD branchless (inline asm)	157	0.0004695840	5347	267647	3661043	5341	256907
BFS/TD branchless (inline asm)	158	0.0004547900	5240	259504	3548747	5236	248976
BFS/TD branchless (inline asm)	159	0.0004081930	4663	233149	3189073	4655	223783
BFS/TD branchless (inline asm)	160	0.0003836120	4332	217435	2974328	4326	208726
BFS/TD branchless (inline asm)	161	0.0003898260	4367	215559	2947504	4361	206780
BFS/TD branchless (inline asm)	162	0.0003728400	4223	211687	2895661	4214	203203
BFS/TD branchless (inline asm)	163	0.0003482890	4124	204091	2790898	4116	195804
BFS/TD branchless (inline asm)	164	0.0003249200	3774	187817	2568649	3766	180229
BFS/TD branchless (inline asm)	165	0.0002985730	3431	170960	2338152	3423	164059
BFS/TD branchless (inline asm)	166	0.0002766670	3207	158633	2169158	3199	152180
BFS/TD branchless (inline asm)	167	0.0002598920	2892	145773	1994171	2884	139951
BFS/TD branchless (inline asm)	168	0.0002480450	2850	142498	1948980	2842	136759
BFS/TD branchless (inline asm)	169	0.0002502980	2864	141924	1940720	2856	136157
BFS/TD branchless (inline asm)	170	0.0002317710	2696	134797	1843643	2688	129367
BFS/TD branchless (inline asm)	171	0.0001989620	2402	118725	1623339	2394	113883
BFS/TD branchless (inline asm)	172	0.0001674580	2052	100980	1380509	2044	96838
BFS/TD branchless (inline asm)	173	0.0001372770	1702	84361	1153456	1694	80920
BFS/TD branchless (inline asm)	174	0.0001104760	1408	69171	945500	1400	66318
BFS/TD branchless (inline asm)	175	0.0000764230	987	48268	659591	980	46256
BFS/TD branchless (inline asm)	176	0.0000254430	350	16467	224569	343	15729
BFS/TD branchless (inline asm)	177	0.0000030610	53	2208	29647	49	2058
BFS/BU brachy	0	0.0380116790	1126692	94946964	338979996 	1 	1
BFS/BU brachy	1	0.0380934470	1126125	94942935	338966088 	1 	1
BFS/BU brachy	2	0.0381033160	1126162	94936159	338942547 	1 	1
BFS/BU brachy	3	0.0380614860	1126371	94928170	338914637 	1 	1
BFS/BU brachy	4	0.0380733570	1125319	94917607	338877811 	1 	1
BFS/BU brachy	5	0.0380686480	1124791	94905236	338834760 	1 	1
BFS/BU brachy	6	0.0381008350	1127618	94889927	338781421 	1 	1
BFS/BU brachy	7	0.0380594440	1124733	94870780	338714654 	1 	1
BFS/BU brachy	8	0.0380502880	1124761	94849185	338639216 	1 	1
BFS/BU brachy	9	0.0380245770	1122657	94824970	338554564 	1 	1
BFS/BU brachy	10	0.0380438870	1126311	94798443	338461913 	1 	1
BFS/BU brachy	11	0.0380556980	1126233	94768666	338357843 	1 	1
BFS/BU brachy	12	0.0382989350	1123500	94736417	338245508 	1 	1
BFS/BU brachy	13	0.0380242630	1123563	94695804	338103806 	1 	1
BFS/BU brachy	14	0.0380024360	1122618	94648101	337937382 	1 	1
BFS/BU brachy	15	0.0379749510	1122586	94586168	337721599 	1 	1
BFS/BU brachy	16	0.0379131700	1120982	94515805	337475865 	1 	1
BFS/BU brachy	17	0.0379843640	1121281	94440102	337211397 	1 	1
BFS/BU brachy	18	0.0378943750	1118957	94352067	336904203 	1 	1
BFS/BU brachy	19	0.0378551440	1119322	94240136	336514211 	1 	1
BFS/BU brachy	20	0.0378530270	1116799	94093863	336004654 	1 	1
BFS/BU brachy	21	0.0380385780	1113937	93922190	335406594 	1 	1
BFS/BU brachy	22	0.0377118930	1113954	93697781	334624541 	1 	1
BFS/BU brachy	23	0.0375681940	1108329	93460850	333796951 	1 	1
BFS/BU brachy	24	0.0374988260	1105138	93194386	332865013 	1 	1
BFS/BU brachy	25	0.0373799150	1104426	92913993	331884174 	1 	1
BFS/BU brachy	26	0.0372878990	1097611	92648388	330954314 	1 	1
BFS/BU brachy	27	0.0371881440	1094901	92360234	329946363 	1 	1
BFS/BU brachy	28	0.0371287770	1093443	92061473	328902314 	1 	1
BFS/BU brachy	29	0.0369276110	1088707	91767894	327874349 	1 	1
BFS/BU brachy	30	0.0368218240	1083518	91450030	326762756 	1 	1
BFS/BU brachy	31	0.0367654890	1083197	91132134	325650512 	1 	1
BFS/BU brachy	32	0.0366637790	1079539	90806618	324511794 	1 	1
BFS/BU brachy	33	0.0365719690	1074409	90464163	323313983 	1 	1
BFS/BU brachy	34	0.0364046550	1070025	90107636	322067856 	1 	1
BFS/BU brachy	35	0.0361992000	1064543	89733890	320761019 	1 	1
BFS/BU brachy	36	0.0361233380	1058691	89351156	319422332 	1 	1
BFS/BU brachy	37	0.0359568090	1055187	88974806	318104421 	1 	1
BFS/BU brachy	38	0.0358623260	1053409	88611224	316830757 	1 	1
BFS/BU brachy	39	0.0357144300	1049460	88261572	315605358 	1 	1
BFS/BU brachy	40	0.0355509900	1044127	87912259	314384039 	1 	1
BFS/BU brachy	41	0.0354789760	1038488	87526944	313037933 	1 	1
BFS/BU brachy	42	0.0352804890	1034380	87119294	311613118 	1 	1
BFS/BU brachy	43	0.0350893370	1031226	86662630	310017342 	1 	1
BFS/BU brachy	44	0.0349267400	1024318	86187330	308356291 	1 	1
BFS/BU brachy	45	0.0347658380	1018347	85687563	306607550 	1 	1
BFS/BU brachy	46	0.0346461770	1011902	85173722	304810182 	1 	1
BFS/BU brachy	47	0.0343994150	1006930	84676908	303070353 	1 	1
BFS/BU brachy	48	0.0341793490	1001724	84181879	301337803 	1 	1
BFS/BU brachy	49	0.0339996820	993890	83672376	299554638 	1 	1
BFS/BU brachy	50	0.0337947820	988972	83171257	297800038 	1 	1
BFS/BU brachy	51	0.0335928690	983124	82640492	295945298 	1 	1
BFS/BU brachy	52	0.0334187980	975572	82082555	293994873 	1 	1
BFS/BU brachy	53	0.0332070230	967639	81508179	291985684 	1 	1
BFS/BU brachy	54	0.0330005960	960910	80897023	289848304 	1 	1
BFS/BU brachy	55	0.0327476720	953688	80282700	287698710 	1 	1
BFS/BU brachy	56	0.0325162770	945382	79687931	285616286 	1 	1
BFS/BU brachy	57	0.0322789430	938399	79101707	283563179 	1 	1
BFS/BU brachy	58	0.0320962120	932734	78537449	281587149 	1 	1
BFS/BU brachy	59	0.0318183210	925676	77967805	279592709 	1 	1
BFS/BU brachy	60	0.0315910660	918532	77398067	277599116 	1 	1
BFS/BU brachy	61	0.0313909830	912313	76814437	275558371 	1 	1
BFS/BU brachy	62	0.0311110270	904408	76198490	273404127 	1 	1
BFS/BU brachy	63	0.0309088310	895516	75570785	271209166 	1 	1
BFS/BU brachy	64	0.0306255460	890046	74889577	268827192 	1 	1
BFS/BU brachy	65	0.0303997850	880072	74213880	266464068 	1 	1
BFS/BU brachy	66	0.0301335760	873096	73504589	263982478 	1 	1
BFS/BU brachy	67	0.0298938600	864925	72772290	261420365 	1 	1
BFS/BU brachy	68	0.0295967650	856120	72051203	258895921 	1 	1
BFS/BU brachy	69	0.0293378930	847213	71350816	256443344 	1 	1
BFS/BU brachy	70	0.0290782110	840530	70668638	254054545 	1 	1
BFS/BU brachy	71	0.0288222920	830547	70010521	251749369 	1 	1
BFS/BU brachy	72	0.0285435280	822861	69358324	249465849 	1 	1
BFS/BU brachy	73	0.0283073510	817594	68717572	247223364 	1 	1
BFS/BU brachy	74	0.0280611390	809767	68082258	244999226 	1 	1
BFS/BU brachy	75	0.0278175580	800082	67438158	242743945 	1 	1
BFS/BU brachy	76	0.0275623560	793057	66820118	240581491 	1 	1
BFS/BU brachy	77	0.0273758670	786683	66207293	238434499 	1 	1
BFS/BU brachy	78	0.0271328170	780477	65579004	236236171 	1 	1
BFS/BU brachy	79	0.0268358790	769936	64961410	234074788 	1 	1
BFS/BU brachy	80	0.0266197560	761897	64323144	231843454 	1 	1
BFS/BU brachy	81	0.0263512370	755975	63663425	229535910 	1 	1
BFS/BU brachy	82	0.0261556700	748790	62952088	227048776 	1 	1
BFS/BU brachy	83	0.0258692770	739409	62272699	224668908 	1 	1
BFS/BU brachy	84	0.0255309710	731292	61552400	222150750 	1 	1
BFS/BU brachy	85	0.0252875020	721600	60808519	219549913 	1 	1
BFS/BU brachy	86	0.0249573590	711221	60046215	216881751 	1 	1
BFS/BU brachy	87	0.0246606880	701689	59237155	214052197 	1 	1
BFS/BU brachy	88	0.0243404110	691561	58477813	211394451 	1 	1
BFS/BU brachy	89	0.0240676250	683977	57678041	208595886 	1 	1
BFS/BU brachy	90	0.0237588530	673647	56894671	205852180 	1 	1
BFS/BU brachy	91	0.0234386530	664470	56099517	203070219 	1 	1
BFS/BU brachy	92	0.0230743990	653960	55317365	200332148 	1 	1
BFS/BU brachy	93	0.0228010310	646579	54510467	197509279 	1 	1
BFS/BU brachy	94	0.0225045570	633328	53703010	194683231 	1 	1
BFS/BU brachy	95	0.0221221860	626490	52864741	191751590 	1 	1
BFS/BU brachy	96	0.0217554580	613759	52036702	188854583 	1 	1
BFS/BU brachy	97	0.0214446350	605986	51158455	185782725 	1 	1
BFS/BU brachy	98	0.0210950690	595499	50281080	182712160 	1 	1
BFS/BU brachy	99	0.0207501780	582972	49421194	179701726 	1 	1
BFS/BU brachy	100	0.0204448870	572718	48553692	176665126 	1 	1
BFS/BU brachy	101	0.0200697040	562509	47711996	173718210 	1 	1
BFS/BU brachy	102	0.0198237210	553480	46866400	170757203 	1 	1
BFS/BU brachy	103	0.0194392400	542212	46037850	167857376 	1 	1
BFS/BU brachy	104	0.0190407700	532480	45169008	164819320 	1 	1
BFS/BU brachy	105	0.0187090580	522663	44327465	161872844 	1 	1
BFS/BU brachy	106	0.0183995020	510418	43438862	158764054 	1 	1
BFS/BU brachy	107	0.0180361130	501027	42597922	155819049 	1 	1
BFS/BU brachy	108	0.0176832780	490135	41762707	152894868 	1 	1
BFS/BU brachy	109	0.0173207990	480250	40936747	150001803 	1 	1
BFS/BU brachy	110	0.0170279100	471239	40133768	147191227 	1 	1
BFS/BU brachy	111	0.0166852220	460703	39301281	144278897 	1 	1
BFS/BU brachy	112	0.0163481780	451717	38462873	141346723 	1 	1
BFS/BU brachy	113	0.0160186650	439888	37585503	138278084 	1 	1
BFS/BU brachy	114	0.0156266130	429236	36713561	135224866 	1 	1
BFS/BU brachy	115	0.0153043150	419577	35856539	132224456 	1 	1
BFS/BU brachy	116	0.0149577900	409453	35048930	129394152 	1 	1
BFS/BU brachy	117	0.0146100510	400168	34281347	126705894 	1 	1
BFS/BU brachy	118	0.0143194240	389412	33455015	123816525 	1 	1
BFS/BU brachy	119	0.0140287450	380155	32652184	121006472 	1 	1
BFS/BU brachy	120	0.0136276430	369933	31788282	117984383 	1 	1
BFS/BU brachy	121	0.0133266720	358542	30950835	115055227 	1 	1
BFS/BU brachy	122	0.0129810430	349277	30091484	112045639 	1 	1
BFS/BU brachy	123	0.0126552850	338479	29263016	109146589 	1 	1
BFS/BU brachy	124	0.0122723050	329075	28465834	106351454 	1 	1
BFS/BU brachy	125	0.0119799760	319832	27745838	103828234 	1 	1
BFS/BU brachy	126	0.0116920140	310104	27040038	101355386 	1 	1
BFS/BU brachy	127	0.0114172260	302710	26348028	98931489 	1 	1
BFS/BU brachy	128	0.0111218940	294742	25694420	96642930 	1 	1
BFS/BU brachy	129	0.0108430570	286873	25057752	94413416 	1 	1
BFS/BU brachy	130	0.0106061660	279330	24410611	92148621 	1 	1
BFS/BU brachy	131	0.0103369670	270598	23758230	89866118 	1 	1
BFS/BU brachy	132	0.0100552290	262912	23120217	87631703 	1 	1
BFS/BU brachy	133	0.0098199580	255693	22513514	85506966 	1 	1
BFS/BU brachy	134	0.0095695610	248225	21916661	83416170 	1 	1
BFS/BU brachy	135	0.0093285710	240938	21300115	81259043 	1 	1
BFS/BU brachy	136	0.0090817620	233526	20689715	79122888 	1 	1
BFS/BU brachy	137	0.0088068630	225873	20071965	76961498 	1 	1
BFS/BU brachy	138	0.0085720490	218377	19434951	74732782 	1 	1
BFS/BU brachy	139	0.0083183340	210713	18807359	72536945 	1 	1
BFS/BU brachy	140	0.0080815520	202092	18122661	70142903 	1 	1
BFS/BU brachy	141	0.0079012740	193847	17457619	67816236 	1 	1
BFS/BU brachy	142	0.0075162040	185307	16747763	65332524 	1 	1
BFS/BU brachy	143	0.0072017580	176899	16065319	62943333 	1 	1
BFS/BU brachy	144	0.0069034880	168507	15386193	60565510 	1 	1
BFS/BU brachy	145	0.0065947380	160459	14702152	58172692 	1 	1
BFS/BU brachy	146	0.0062792570	151457	13996007	55700839 	1 	1
BFS/BU brachy	147	0.0059547610	143007	13303860	53279356 	1 	1
BFS/BU brachy	148	0.0056680530	134305	12577163	50736404 	1 	1
BFS/BU brachy	149	0.0053625890	125401	11890966	48333100 	1 	1
BFS/BU brachy	150	0.0050414460	117188	11213562	45961206 	1 	1
BFS/BU brachy	151	0.0047675710	109026	10544559	43617880 	1 	1
BFS/BU brachy	152	0.0044751710	101225	9916280	41417828 	1 	1
BFS/BU brachy	153	0.0041919000	93225	9295604	39243894 	1 	1
BFS/BU brachy	154	0.0039358300	86121	8718664	37221664 	1 	1
BFS/BU brachy	155	0.0036978610	79032	8149956	35229961 	1 	1
BFS/BU brachy	156	0.0034657740	72495	7619047	33369479 	1 	1
BFS/BU brachy	157	0.0032590340	65426	7104366	31567358 	1 	1
BFS/BU brachy	158	0.0030303850	60142	6637060	29927720 	1 	1
BFS/BU brachy	159	0.0028357800	54767	6204040	28409847 	1 	1
BFS/BU brachy	160	0.0026400160	49615	5780119	26926371 	1 	1
BFS/BU brachy	161	0.0024731090	44562	5373714	25502922 	1 	1
BFS/BU brachy	162	0.0022955240	39419	4962660	24063547 	1 	1
BFS/BU brachy	163	0.0021192990	34693	4596069	22778031 	1 	1
BFS/BU brachy	164	0.0019684270	30456	4254512	21580178 	1 	1
BFS/BU brachy	165	0.0018200990	26436	3938237	20471650 	1 	1
BFS/BU brachy	166	0.0016932810	22808	3646856	19449609 	1 	1
BFS/BU brachy	167	0.0015634170	19328	3364909	18462503 	1 	1
BFS/BU brachy	168	0.0014468650	15893	3085903	17486080 	1 	1
BFS/BU brachy	169	0.0013348020	12379	2821948	16561059 	1 	1
BFS/BU brachy	170	0.0012299350	9249	2580685	15714583 	1 	1
BFS/BU brachy	171	0.0011489010	6577	2378091	15003054 	1 	1
BFS/BU brachy	172	0.0010779120	4326	2204547	14393200 	1 	1
BFS/BU brachy	173	0.0010237750	2418	2061188	13889383 	1 	1
BFS/BU brachy	174	0.0009793280	931	1957559	13523744 	1 	1
BFS/BU brachy	175	0.0009597090	240	1913907	13366503 	1 	1
BFS/BU brachy	176	0.0009539140	20	1904527	13331615 	1 	1
BFS/BU brachy	177	0.0009549450	4	1904430	13330930 	1 	1
