BFS/TD	Branch-based	0	0.0000001270	30	215	1069	1	3
BFS/TD	Branch-based	1	0.0000001220	16	85	403	3	14
BFS/TD	Branch-based	2	0.0000002930	32	131	606	11	29
BFS/TD	Branch-based	3	0.0000004940	65	217	982	17	66
BFS/TD	Branch-based	4	0.0000007780	91	347	1509	36	112
BFS/TD	Branch-based	5	0.0000009100	109	389	1737	41	128
BFS/TD	Branch-based	6	0.0000011650	140	503	2226	63	163
BFS/TD	Branch-based	7	0.0000013860	173	601	2635	71	204
BFS/TD	Branch-based	8	0.0000017010	204	709	3094	85	244
BFS/TD	Branch-based	9	0.0000019280	230	801	3557	98	277
BFS/TD	Branch-based	10	0.0000026550	321	1043	4653	132	364
BFS/TD	Branch-based	11	0.0000036870	433	1521	6743	181	554
BFS/TD	Branch-based	12	0.0000053800	644	2249	9870	271	828
BFS/TD	Branch-based	13	0.0000070720	835	2945	12993	374	1073
BFS/TD	Branch-based	14	0.0000084870	996	3791	16551	500	1370
BFS/TD	Branch-based	15	0.0000098110	1173	4433	19185	573	1618
BFS/TD	Branch-based	16	0.0000104020	1245	4659	19997	629	1675
BFS/TD	Branch-based	17	0.0000091610	1093	4163	17748	580	1476
BFS/TD	Branch-based	18	0.0000063840	745	3055	13075	458	1044
BFS/TD	Branch-based	19	0.0000042300	489	2067	8825	315	693
BFS/TD	Branch-based	20	0.0000026410	325	1323	5681	194	442
BFS/TD	Branch-based	21	0.0000018530	226	955	4012	135	317
BFS/TD	Branch-based	22	0.0000011460	147	581	2454	67	198
BFS/TD	Branch-based	23	0.0000008350	99	477	1985	52	161
BFS/TD	Branch-based	24	0.0000005160	61	279	1175	32	82
BFS/TD	Branch-based	25	0.0000002530	30	145	631	13	34
BFS/TD	Branch-based	26	0.0000001100	13	99	437	7	17
BFS/TD	Branch-based	27	0.0000000500	6	59	276	2	2
BFS/TD	Branch-avoiding	0	0.0000000890	8	56	290	1	3
BFS/TD	Branch-avoiding	1	0.0000001460	13	71	442	3	14
BFS/TD	Branch-avoiding	2	0.0000002100	16	102	702	11	29
BFS/TD	Branch-avoiding	3	0.0000002530	20	151	1206	17	66
BFS/TD	Branch-avoiding	4	0.0000004650	51	235	1948	36	112
BFS/TD	Branch-avoiding	5	0.0000005210	47	261	2190	41	128
BFS/TD	Branch-avoiding	6	0.0000007420	76	340	2830	63	163
BFS/TD	Branch-avoiding	7	0.0000008900	99	397	3402	71	204
BFS/TD	Branch-avoiding	8	0.0000010160	95	465	4022	85	244
BFS/TD	Branch-avoiding	9	0.0000011720	114	524	4548	98	277
BFS/TD	Branch-avoiding	10	0.0000016280	142	679	5932	132	364
BFS/TD	Branch-avoiding	11	0.0000023090	201	967	8702	181	554
BFS/TD	Branch-avoiding	12	0.0000032670	290	1421	12890	271	828
BFS/TD	Branch-avoiding	13	0.0000042350	409	1872	16860	374	1073
BFS/TD	Branch-avoiding	14	0.0000056460	580	2421	21684	500	1370
BFS/TD	Branch-avoiding	15	0.0000063380	625	2815	25390	573	1618
BFS/TD	Branch-avoiding	16	0.0000068210	692	2984	26634	629	1675
BFS/TD	Branch-avoiding	17	0.0000062030	645	2687	23756	580	1476
BFS/TD	Branch-avoiding	18	0.0000045450	464	2011	17352	458	1044
BFS/TD	Branch-avoiding	19	0.0000029260	280	1374	11710	315	693
BFS/TD	Branch-avoiding	20	0.0000018240	171	881	7488	194	442
BFS/TD	Branch-avoiding	21	0.0000012720	131	638	5398	135	317
BFS/TD	Branch-avoiding	22	0.0000007620	82	383	3290	67	198
BFS/TD	Branch-avoiding	23	0.0000005670	57	316	2696	52	161
BFS/TD	Branch-avoiding	24	0.0000003570	39	197	1548	32	82
BFS/TD	Branch-avoiding	25	0.0000001900	23	111	782	13	34
BFS/TD	Branch-avoiding	26	0.0000001230	12	82	518	7	17
BFS/TD	Branch-avoiding	27	0.0000000590	7	57	288	2	2
