BFS/TD	Branch-based	0	0.0000012110	44	212	1060	1	3
BFS/TD	Branch-based	1	0.0000006040	26	85	401	3	14
BFS/TD	Branch-based	2	0.0000009340	35	131	604	11	29
BFS/TD	Branch-based	3	0.0000012700	60	217	980	17	66
BFS/TD	Branch-based	4	0.0000020690	99	347	1507	36	112
BFS/TD	Branch-based	5	0.0000022800	114	389	1735	41	128
BFS/TD	Branch-based	6	0.0000030580	160	503	2224	63	163
BFS/TD	Branch-based	7	0.0000035480	177	601	2633	71	204
BFS/TD	Branch-based	8	0.0000045370	202	709	3092	85	244
BFS/TD	Branch-based	9	0.0000051560	237	801	3555	98	277
BFS/TD	Branch-based	10	0.0000074040	332	1043	4651	132	364
BFS/TD	Branch-based	11	0.0000111030	473	1521	6741	181	554
BFS/TD	Branch-based	12	0.0000162850	674	2249	9868	271	828
BFS/TD	Branch-based	13	0.0000204660	866	2945	12991	374	1073
BFS/TD	Branch-based	14	0.0000252790	1066	3791	16549	500	1370
BFS/TD	Branch-based	15	0.0000296040	1256	4433	19183	573	1618
BFS/TD	Branch-based	16	0.0000295980	1290	4659	19995	629	1675
BFS/TD	Branch-based	17	0.0000252550	1016	4163	17746	580	1476
BFS/TD	Branch-based	18	0.0000192260	752	3055	13073	458	1044
BFS/TD	Branch-based	19	0.0000124630	470	2067	8823	315	693
BFS/TD	Branch-based	20	0.0000082940	337	1323	5679	194	442
BFS/TD	Branch-based	21	0.0000046610	211	955	4010	135	317
BFS/TD	Branch-based	22	0.0000027730	138	581	2452	67	198
BFS/TD	Branch-based	23	0.0000023340	94	477	1983	52	161
BFS/TD	Branch-based	24	0.0000013030	62	279	1173	32	82
BFS/TD	Branch-based	25	0.0000007370	34	145	629	13	34
BFS/TD	Branch-based	26	0.0000004810	21	99	435	7	17
BFS/TD	Branch-based	27	0.0000002880	11	59	274	2	2
BFS/TD	Branch-avoiding	0	0.0000004450	14	56	288	1	3
BFS/TD	Branch-avoiding	1	0.0000005280	16	71	440	3	14
BFS/TD	Branch-avoiding	2	0.0000008400	19	102	700	11	29
BFS/TD	Branch-avoiding	3	0.0000008750	29	151	1204	17	66
BFS/TD	Branch-avoiding	4	0.0000015710	52	235	1946	36	112
BFS/TD	Branch-avoiding	5	0.0000015410	55	261	2188	41	128
BFS/TD	Branch-avoiding	6	0.0000021710	81	340	2828	63	163
BFS/TD	Branch-avoiding	7	0.0000025610	94	397	3400	71	204
BFS/TD	Branch-avoiding	8	0.0000034180	116	465	4020	85	244
BFS/TD	Branch-avoiding	9	0.0000037480	115	524	4546	98	277
BFS/TD	Branch-avoiding	10	0.0000054160	163	679	5930	132	364
BFS/TD	Branch-avoiding	11	0.0000081770	211	967	8700	181	554
BFS/TD	Branch-avoiding	12	0.0000125790	331	1421	12888	271	828
BFS/TD	Branch-avoiding	13	0.0000161650	397	1872	16858	374	1073
BFS/TD	Branch-avoiding	14	0.0000203130	530	2421	21682	500	1370
BFS/TD	Branch-avoiding	15	0.0000232300	615	2815	25388	573	1618
BFS/TD	Branch-avoiding	16	0.0000245920	691	2984	26632	629	1675
BFS/TD	Branch-avoiding	17	0.0000219400	567	2687	23754	580	1476
BFS/TD	Branch-avoiding	18	0.0000168180	444	2011	17350	458	1044
BFS/TD	Branch-avoiding	19	0.0000115000	280	1374	11708	315	693
BFS/TD	Branch-avoiding	20	0.0000076050	200	881	7486	194	442
BFS/TD	Branch-avoiding	21	0.0000042430	130	638	5396	135	317
BFS/TD	Branch-avoiding	22	0.0000023020	75	383	3288	67	198
BFS/TD	Branch-avoiding	23	0.0000019970	68	316	2694	52	161
BFS/TD	Branch-avoiding	24	0.0000010430	41	197	1546	32	82
BFS/TD	Branch-avoiding	25	0.0000005660	20	111	780	13	34
BFS/TD	Branch-avoiding	26	0.0000003500	15	82	516	7	17
BFS/TD	Branch-avoiding	27	0.0000002300	9	57	286	2	2
