Algorithm	Implementation	Iteration	Time	Cycles	Instructions	Stall.RS	Stall.SB	Stall.ROB	Cache references	Cache misses	Branches	Mispredictions	Vertices	Edges
BFS/TD	Branch-based	0	1380	2210	851	683	360	531	51	49	171	6	1	80
BFS/TD	Branch-based	1	16751	29140	43517	2363	256	0	330	321	12105	162	80	5968
BFS/TD	Branch-based	2	56291	94114	173849	2307	155	0	629	589	48825	495	300	24108
BFS/TD	Branch-based	3	118013	199976	408551	2229	167	14	945	811	115011	1075	684	56817
BFS/TD	Branch-based	4	224375	380177	790565	4642	4	0	2275	1385	222813	2019	1317	110085
BFS/TD	Branch-based	5	373416	631175	1334624	6939	576	100	4148	1901	376587	3182	2253	186036
BFS/TD	Branch-based	6	535124	904413	1890698	11132	552	3	5078	2806	534015	4367	3267	263736
BFS/TD	Branch-based	7	673652	1116733	2321573	12872	215	98	6522	3405	655768	5343	3945	323934
BFS/TD	Branch-based	8	794748	1353234	2837831	15086	351	94	7575	4335	801837	6481	4848	396066
BFS/TD	Branch-based	9	933018	1593972	3309342	20037	476	12	9439	5403	935109	7537	5616	461934
BFS/TD	Branch-based	10	1078908	1845472	3858413	23652	575	35	11580	6807	1090125	8842	6534	538524
BFS/TD	Branch-based	11	1300650	2206960	4626041	32114	821	194	13107	8379	1307116	10454	7788	645765
BFS/TD	Branch-based	12	1565326	2673987	5499989	37626	476	193	15794	10238	1554309	12412	9255	767895
BFS/TD	Branch-based	13	1816481	3097223	6413999	46594	1064	239	19428	12609	1812430	14380	10710	895500
BFS/TD	Branch-based	14	2186832	3736664	7643976	64790	1484	262	24063	16127	2160243	17114	12786	1067331
BFS/TD	Branch-based	15	2559267	4366157	8994425	81199	2348	213	29065	18935	2541718	19991	14919	1255935
BFS/TD	Branch-based	16	3069570	5238250	10749777	97665	3025	325	34697	22530	3038266	23885	17883	1501245
BFS/TD	Branch-based	17	3586040	6084501	12454359	119759	3617	265	41660	28290	3520431	27645	20730	1739481
BFS/TD	Branch-based	18	4078664	6902746	14148645	139901	4118	469	47023	33904	3999250	31177	23550	1976070
BFS/TD	Branch-based	19	4666295	7893402	16144125	169589	4503	775	54027	37813	4563479	35454	26871	2254863
BFS/TD	Branch-based	20	5280651	8988316	18226140	199440	3062	412	61262	43719	5152654	39982	30444	2545878
BFS/TD	Branch-based	21	5861372	9949064	20193226	223939	5989	935	68845	49892	5708260	44491	33504	2820621
BFS/TD	Branch-based	22	6524371	11062464	22506973	251365	5650	831	75515	53405	6364361	49104	37932	3144243
BFS/TD	Branch-based	23	6796541	11538317	23454321	269330	4242	1360	78311	57215	6631103	51397	39303	3276243
BFS/TD	Branch-based	24	7345484	12472060	25229185	284189	5036	1524	83283	61251	7133321	55699	42516	3524139
BFS/TD	Branch-based	25	7766625	13169263	26590309	318712	5537	1320	89901	65458	7518683	58915	45003	3714333
BFS/TD	Branch-based	26	8028270	13602253	27376603	337798	5968	967	91715	68695	7740065	60801	46635	3823392
BFS/TD	Branch-based	27	8307663	14068116	28529314	344458	12607	1590	92839	68092	8068493	62419	48822	3985419
BFS/TD	Branch-based	28	7810682	13274964	27029599	296625	8143	1118	83146	63968	7647977	58807	47706	3776277
BFS/TD	Branch-based	29	6546017	11106137	22568542	255952	6222	764	69466	52070	6385114	49273	39519	3153033
BFS/TD	Branch-based	30	5618678	9533544	19336929	217096	5757	447	60248	45511	5469815	42624	34026	2700876
BFS/TD	Branch-based	31	4996692	8525142	17200104	191989	4322	1358	52410	40570	4864888	38130	30165	2402274
BFS/TD	Branch-based	32	4582787	7803902	15731493	175524	4590	462	48375	37136	4448872	34957	27498	2196933
BFS/TD	Branch-based	33	4289070	7314706	14758233	168379	4867	575	43912	34742	4173976	32982	25980	2061003
BFS/TD	Branch-based	34	3898389	6645693	13421742	146133	4236	110	40295	31370	3796606	29910	23790	1874508
BFS/TD	Branch-based	35	3446835	5886670	11821092	130284	3233	1019	37907	29466	3343258	26472	20748	1650876
BFS/TD	Branch-based	36	3177158	5397239	10864130	115924	2244	397	33146	25856	3072808	24390	19146	1517253
BFS/TD	Branch-based	37	2852050	4866867	9773340	100050	2115	339	31035	24203	2764234	21994	17286	1364826
BFS/TD	Branch-based	38	2606077	4449313	8894238	96445	1858	331	26950	21045	2514555	20207	15552	1241721
BFS/TD	Branch-based	39	2613639	4457157	8986973	92725	1655	360	27988	21834	2540944	20272	15543	1254924
BFS/TD	Branch-based	40	2639815	4494393	9061377	94958	1587	401	27885	20956	2562058	20433	15678	1265346
BFS/TD	Branch-based	41	2632471	4475206	9030255	95265	1899	176	27918	20983	2553507	20197	15711	1261038
BFS/TD	Branch-based	42	2479995	4259123	8612312	86626	1303	550	25432	18623	2436274	19308	15279	1202853
BFS/TD	Branch-based	43	2178300	3709667	7488735	72264	1625	292	23023	16790	2117925	16940	13170	1045788
BFS/TD	Branch-based	44	2005364	3429935	6910340	65218	956	92	21705	15331	1954594	15459	12159	965133
BFS/TD	Branch-based	45	1757939	2986085	6038700	53962	214	0	19318	13092	1709145	13497	10926	843642
BFS/TD	Branch-based	46	1286331	2229693	4484318	33894	137	0	16020	9930	1268146	10200	7968	626100
BFS/TD	Branch-based	47	1199695	2060394	4177725	26675	384	5	13646	8511	1181493	9438	7299	583443
BFS/TD	Branch-based	48	1119030	1873094	3883010	21815	140	33	11627	6508	1098351	8805	6864	542307
BFS/TD	Branch-based	49	982246	1668343	3441569	22266	104	15	11196	6470	973522	7770	6060	480696
BFS/TD	Branch-based	50	859844	1469161	3063668	16294	171	2	9699	5672	866421	6916	5352	427854
BFS/TD	Branch-based	51	810587	1393752	2843988	18193	29	50	9183	5194	804627	6329	5043	397266
BFS/TD	Branch-based	52	654436	1112671	2361686	11535	195	47	7582	3632	668493	5096	4218	330024
BFS/TD	Branch-based	53	417562	698397	1513067	5097	20	0	4192	2197	429291	3220	3099	211542
BFS/TD	Branch-based	54	51603	83638	179006	320	0	0	717	253	50787	418	414	24975
BFS/TD	Branch-avoiding	0	1705	3669	1013	2344	0	2	52	49	91	3	1	80
BFS/TD	Branch-avoiding	1	24465	40990	72459	10751	0	0	318	312	6137	79	80	5968
BFS/TD	Branch-avoiding	2	122122	147438	292339	25655	0	539	597	595	24717	302	300	24108
BFS/TD	Branch-avoiding	3	193579	330846	688687	45654	0	0	850	613	58194	686	684	56817
BFS/TD	Branch-avoiding	4	377440	645750	1334233	90133	0	131	1861	1153	112728	1319	1317	110085
BFS/TD	Branch-avoiding	5	636804	1082782	2255005	151564	0	487	3396	1759	190551	2259	2253	186036
BFS/TD	Branch-avoiding	6	908969	1536278	3197545	204674	0	191	4432	2497	270279	3269	3267	263736
BFS/TD	Branch-avoiding	7	1122953	1893601	3926701	229088	0	75	5762	3272	331833	3948	3945	323934
BFS/TD	Branch-avoiding	8	1376503	2309315	4801316	312082	0	568	6752	3797	405772	4852	4848	396066
BFS/TD	Branch-avoiding	9	1585256	2709802	5599411	373294	0	444	8517	4697	473175	5618	5616	461934
BFS/TD	Branch-avoiding	10	1873755	3156401	6527672	438829	0	367	10029	6038	551602	6533	6534	538524
BFS/TD	Branch-avoiding	11	2238490	3811841	7827103	545325	0	1285	11594	7072	661350	7788	7788	645765
BFS/TD	Branch-avoiding	12	2675071	4557015	9307334	668378	0	427	13621	8881	786415	9257	9255	767895
BFS/TD	Branch-avoiding	13	3146790	5310855	10853144	791147	70	652	16841	11234	916930	10713	10710	895500
BFS/TD	Branch-avoiding	14	3729053	6357503	12935876	952246	105	758	21033	14376	1092913	12788	12786	1067331
BFS/TD	Branch-avoiding	15	4534002	7497056	15220454	1151172	0	875	24793	17028	1285783	14922	14919	1255935
BFS/TD	Branch-avoiding	16	5296046	8971090	18193814	1372901	0	3006	30418	21107	1537021	17887	17883	1501245
BFS/TD	Branch-avoiding	17	6132682	10401475	21081117	1636027	257	2074	36324	25055	1780952	20732	20730	1739481
BFS/TD	Branch-avoiding	18	6992988	11841073	23948384	1861674	0	2851	41874	29305	2023180	23551	23550	1976070
BFS/TD	Branch-avoiding	19	7986053	13534636	27327111	2157795	19	2168	47350	33409	2308616	26871	26871	2254863
BFS/TD	Branch-avoiding	20	9052958	15337703	30855022	2476169	122	2945	53598	38815	2606778	30449	30444	2545878
BFS/TD	Branch-avoiding	21	10055969	17027866	34182537	2756951	0	3560	59760	43326	2887640	33520	33504	2820621
BFS/TD	Branch-avoiding	22	11188298	18944580	38110282	3066837	150	4619	65604	47612	3220119	37926	37932	3144243
BFS/TD	Branch-avoiding	23	11687965	19781440	39707992	3231671	6	3886	69470	50978	3354861	39303	39303	3276243
BFS/TD	Branch-avoiding	24	12568598	21283859	42714874	3496035	74	5016	73471	54337	3609183	42520	42516	3524139
BFS/TD	Branch-avoiding	25	13272131	22463105	45022072	3719745	281	5540	76847	57777	3804351	45003	45003	3714333
BFS/TD	Branch-avoiding	26	13712291	23208288	46347101	3874373	214	4893	80708	60479	3916675	46620	46635	3823392
BFS/TD	Branch-avoiding	27	14228837	24112181	48313294	3977720	0	4047	80550	61171	4083075	48811	48822	3985419
BFS/TD	Branch-avoiding	28	13479980	22809772	45792431	3746497	0	2668	74583	56622	3871702	47684	47706	3776277
BFS/TD	Branch-avoiding	29	11233219	19018924	38231632	3104960	34	2705	60121	46967	3232083	39509	39519	3153033
BFS/TD	Branch-avoiding	30	9590362	16344376	32750817	2668206	98	4277	52085	40596	2768939	34017	34026	2700876
BFS/TD	Branch-avoiding	31	8499535	14517350	29128983	2383952	2	4686	45121	36348	2462615	30158	30165	2402274
BFS/TD	Branch-avoiding	32	7819124	13271808	26638221	2169069	1	2038	42330	32751	2251940	27487	27498	2196933
BFS/TD	Branch-avoiding	33	7316580	12459938	24991881	2026620	0	5917	39163	30653	2112974	25979	25980	2061003
BFS/TD	Branch-avoiding	34	6679442	11313095	22732041	1837806	0	4641	34943	27924	1922099	23783	23790	1874508
BFS/TD	Branch-avoiding	35	5904286	10013707	20018036	1635610	42	2264	33108	25525	1692382	20742	20748	1650876
BFS/TD	Branch-avoiding	36	5400490	9164812	18398540	1430835	0	2567	29759	23700	1555555	19141	19146	1517253
BFS/TD	Branch-avoiding	37	4863511	8255498	16550817	1277139	0	1561	27093	21723	1399409	17270	17286	1364826
BFS/TD	Branch-avoiding	38	4454094	7534284	15056216	1171214	67	833	24060	19043	1272835	15551	15552	1241721
BFS/TD	Branch-avoiding	39	4495138	7592517	15214562	1178386	38	2806	25433	19831	1286020	15542	15543	1254924
BFS/TD	Branch-avoiding	40	4493672	7642667	15340976	1191574	92	2302	25479	19889	1296712	15674	15678	1265346
BFS/TD	Branch-avoiding	41	4498409	7615157	15289610	1192130	116	1498	24224	18811	1292471	15708	15711	1261038
BFS/TD	Branch-avoiding	42	4259120	7236711	14587070	1092708	0	1502	21896	16681	1233421	15279	15279	1202853
BFS/TD	Branch-avoiding	43	3711660	6300646	12681200	964694	0	1862	19838	15200	1072138	13173	13170	1045788
BFS/TD	Branch-avoiding	44	3433799	5825607	11703230	900244	0	1899	18673	13731	989461	12158	12159	965133
BFS/TD	Branch-avoiding	45	2979262	5124147	10233008	809222	0	1450	16184	11554	865504	10938	10926	843642
BFS/TD	Branch-avoiding	46	2220046	3768494	7592923	590461	0	218	14171	8992	642045	7970	7968	626100
BFS/TD	Branch-avoiding	47	2050931	3473456	7074350	512131	68	758	12574	7487	598051	7301	7299	583443
BFS/TD	Branch-avoiding	48	1876884	3210324	6576367	473909	0	485	10403	6187	556044	6865	6864	542307
BFS/TD	Branch-avoiding	49	1676060	2843546	5828996	422155	0	302	9650	5969	492826	6059	6060	480696
BFS/TD	Branch-avoiding	50	1493502	2528790	5187811	363039	0	544	8767	4753	438567	5356	5352	427854
BFS/TD	Branch-avoiding	51	1376623	2346760	4817666	335171	0	82	7865	4459	407362	5042	5043	397266
BFS/TD	Branch-avoiding	52	1135834	1926101	4002511	260062	0	108	6622	3068	338469	4219	4218	330024
BFS/TD	Branch-avoiding	53	733433	1230660	2569537	162408	0	296	3704	1813	217749	3095	3099	211542
BFS/TD	Branch-avoiding	54	84077	144716	303883	18647	0	0	539	220	25812	413	414	24975
