BFS/TD brachy	0	0.0000006990	35	236	1166	1	13
BFS/TD brachy	1	0.0000037810	86	450	1803	13	186
BFS/TD brachy	2	0.0000185090	165	1399	5359	44	629
BFS/TD brachy	3	0.0000222080	307	2992	11366	92	1378
BFS/TD brachy	4	0.0000418500	524	5930	22294	187	2752
BFS/TD brachy	5	0.0000709630	866	9761	36624	307	4547
BFS/TD brachy	6	0.0001037810	1309	15610	58358	495	7284
BFS/TD brachy	7	0.0001537250	1842	22723	84793	727	10608
BFS/TD brachy	8	0.0002089720	2511	31114	115989	1009	14521
BFS/TD brachy	9	0.0002787250	3339	41751	155609	1337	19512
BFS/TD brachy	10	0.0003699340	4405	55799	207784	1805	26067
BFS/TD brachy	11	0.0004727450	5641	72421	269441	2341	33842
BFS/TD brachy	12	0.0006034250	7120	92091	342201	2965	43053
BFS/TD brachy	13	0.0007220230	8372	112908	418850	3646	52780
BFS/TD brachy	14	0.0008520880	9901	132062	490099	4229	61773
BFS/TD brachy	15	0.0009703430	11519	157070	582301	5051	73455
BFS/TD brachy	16	0.0011299580	13334	181070	671224	5787	84719
BFS/TD brachy	17	0.0013003340	15309	208354	772200	6692	97455
BFS/TD brachy	18	0.0015049250	17330	237587	880537	7616	111147
BFS/TD brachy	19	0.0016985890	20042	271474	1006477	8700	127006
BFS/TD brachy	20	0.0019531910	22855	313078	1160306	10062	146445
BFS/TD brachy	21	0.0022261470	25849	356835	1321838	11440	166945
BFS/TD brachy	22	0.0025342390	29131	402235	1489625	12857	188227
BFS/TD brachy	23	0.0027991570	32168	452128	1672891	14404	211626
BFS/TD brachy	24	0.0030621100	35384	498351	1843477	15738	233403
BFS/TD brachy	25	0.0033442610	38628	547096	2023236	17340	256172
BFS/TD brachy	26	0.0035585330	41313	593824	2194515	18791	278085
BFS/TD brachy	27	0.0037318980	43547	635675	2347243	19917	297884
BFS/TD brachy	28	0.0038626760	45244	668582	2466612	20875	313379
BFS/TD brachy	29	0.0039043320	45473	680942	2510841	21316	319118
BFS/TD brachy	30	0.0038194780	45065	674573	2487019	21198	316052
BFS/TD brachy	31	0.0036684330	43639	662947	2442206	20805	310632
BFS/TD brachy	32	0.0033814200	41350	634459	2336353	19824	297370
BFS/TD brachy	33	0.0031498390	38762	597949	2201091	18755	280185
BFS/TD brachy	34	0.0028771700	35717	550104	2024966	17330	257688
BFS/TD brachy	35	0.0026074330	32801	504140	1856505	15865	236171
BFS/TD brachy	36	0.0023884560	30493	473851	1743766	14801	222092
BFS/TD brachy	37	0.0021633370	27914	433331	1594701	13620	203013
BFS/TD brachy	38	0.0019949680	25777	391557	1442414	12386	183360
BFS/TD brachy	39	0.0018152150	23576	362286	1333721	11594	169518
BFS/TD brachy	40	0.0016314090	21064	323431	1191341	10302	151383
BFS/TD brachy	41	0.0014820290	19313	294751	1085552	9464	137881
BFS/TD brachy	42	0.0013068510	17260	262554	967201	8499	122748
BFS/TD brachy	43	0.0011755350	15471	235016	865978	7576	109903
BFS/TD brachy	44	0.0010469450	13740	212145	780830	6884	99159
BFS/TD brachy	45	0.0008778950	11413	182163	669616	5877	85176
BFS/TD brachy	46	0.0007211700	9614	149666	550548	4790	70015
BFS/TD brachy	47	0.0005952520	8026	127321	468056	4100	59533
BFS/TD brachy	48	0.0004740350	6397	105088	385632	3361	49156
BFS/TD brachy	49	0.0003474620	4556	79238	289976	2563	37029
BFS/TD brachy	50	0.0002181330	2881	50091	183347	1634	23385
BFS/TD brachy	51	0.0001357400	1673	31399	114535	1024	14649
BFS/TD brachy	52	0.0000530780	715	15064	54704	504	7002
BFS/TD brachy	53	0.0000144920	180	4122	14949	137	1898
BFS/TD brachy	54	0.0000010660	25	514	1910	18	213
BFS/TD branchless (C)	0	0.0000008900	16	67	473	1	13
BFS/TD branchless (C)	1	0.0000045930	22	264	3534	13	186
BFS/TD branchless (C)	2	0.0000121960	62	769	11375	44	629
BFS/TD branchless (C)	3	0.0000258840	99	1614	24588	92	1378
BFS/TD branchless (C)	4	0.0000502430	191	3178	48896	187	2752
BFS/TD branchless (C)	5	0.0000811830	309	5213	80611	307	4547
BFS/TD branchless (C)	6	0.0001280660	549	8326	129020	495	7284
BFS/TD branchless (C)	7	0.0001904950	780	12114	187848	727	10608
BFS/TD branchless (C)	8	0.0002615690	1026	16591	257189	1009	14521
BFS/TD branchless (C)	9	0.0003551220	1426	22238	345316	1337	19512
BFS/TD branchless (C)	10	0.0004716430	1945	29729	461431	1805	26067
BFS/TD branchless (C)	11	0.0006121630	2512	38576	598966	2341	33842
BFS/TD branchless (C)	12	0.0007713660	3146	49035	761793	2965	43053
BFS/TD branchless (C)	13	0.0009597120	3823	60125	933963	3646	52780
BFS/TD branchless (C)	14	0.0011115030	4388	70283	1092673	4229	61773
BFS/TD branchless (C)	15	0.0013140880	5349	83609	1299487	5051	73455
BFS/TD branchless (C)	16	0.0015259100	6134	96346	1498336	5787	84719
BFS/TD branchless (C)	17	0.0017433720	6924	110891	1723897	6692	97455
BFS/TD branchless (C)	18	0.0019945850	7971	126432	1965902	7616	111147
BFS/TD branchless (C)	19	0.0022449000	9003	144458	2246344	8700	127006
BFS/TD branchless (C)	20	0.0025823030	10582	166622	2590428	10062	146445
BFS/TD branchless (C)	21	0.0029294910	12044	189878	2952708	11440	166945
BFS/TD branchless (C)	22	0.0033221770	13456	213993	3328671	12857	188227
BFS/TD branchless (C)	23	0.0036219450	15121	240487	3741925	14404	211626
BFS/TD branchless (C)	24	0.0038435580	16532	264932	4125474	15738	233403
BFS/TD branchless (C)	25	0.0041986880	18100	290905	4528567	17340	256172
BFS/TD branchless (C)	26	0.0044444490	19901	315720	4915598	18791	278085
BFS/TD branchless (C)	27	0.0046424480	21226	337772	5263442	19917	297884
BFS/TD branchless (C)	28	0.0047971040	22270	355182	5536436	20875	313379
BFS/TD branchless (C)	29	0.0048596960	22944	361803	5638409	21316	319118
BFS/TD branchless (C)	30	0.0048161550	22553	358501	5585107	21198	316052
BFS/TD branchless (C)	31	0.0046736360	22248	352295	5489037	20805	310632
BFS/TD branchless (C)	32	0.0043934680	21405	337071	5253773	19824	297370
BFS/TD branchless (C)	33	0.0041531250	20233	317749	4950939	18755	280185
BFS/TD branchless (C)	34	0.0037775790	18601	292400	4554238	17330	257688
BFS/TD branchless (C)	35	0.0034095350	17086	267954	4173800	15865	236171
BFS/TD branchless (C)	36	0.0031444210	15945	251747	3923817	14801	222092
BFS/TD branchless (C)	37	0.0028489230	14749	230306	3587664	13620	203013
BFS/TD branchless (C)	38	0.0026250380	13444	208184	3241222	12386	183360
BFS/TD branchless (C)	39	0.0024261390	12373	192759	2997989	11594	169518
BFS/TD branchless (C)	40	0.0021593610	11077	172040	2676774	10302	151383
BFS/TD branchless (C)	41	0.0019558590	10232	156861	2438859	9464	137881
BFS/TD branchless (C)	42	0.0017521780	9175	139799	2171949	8499	122748
BFS/TD branchless (C)	43	0.0015561020	8204	125107	1944353	7576	109903
BFS/TD branchless (C)	44	0.0013826570	7484	112979	1754785	6884	99159
BFS/TD branchless (C)	45	0.0011896870	6296	96983	1507005	5877	85176
BFS/TD branchless (C)	46	0.0009591420	5155	79647	1238397	4790	70015
BFS/TD branchless (C)	47	0.0007986700	4376	67785	1053303	4100	59533
BFS/TD branchless (C)	48	0.0006441430	3633	55930	869504	3361	49156
BFS/TD branchless (C)	49	0.0004711110	2754	42207	655365	2563	37029
BFS/TD branchless (C)	50	0.0002977690	1760	26705	414127	1634	23385
BFS/TD branchless (C)	51	0.0001784260	1089	16749	259515	1024	14649
BFS/TD branchless (C)	52	0.0000792440	556	8062	124316	504	7002
BFS/TD branchless (C)	53	0.0000211210	158	2224	33878	137	1898
BFS/TD branchless (C)	54	0.0000015200	24	301	4043	18	213
BFS/TD branchless (CMOV)	0	0.0000007590	18	67	406	1	13
BFS/TD branchless (CMOV)	1	0.0000039590	24	264	2602	13	186
BFS/TD branchless (CMOV)	2	0.0000120510	63	769	8228	44	629
BFS/TD branchless (CMOV)	3	0.0000249430	103	1614	17696	92	1378
BFS/TD branchless (CMOV)	4	0.0000467070	195	3178	35134	187	2752
BFS/TD branchless (CMOV)	5	0.0000785900	313	5213	57874	307	4547
BFS/TD branchless (CMOV)	6	0.0001210270	544	8326	92598	495	7284
BFS/TD branchless (CMOV)	7	0.0001854390	768	12114	134806	727	10608
BFS/TD branchless (CMOV)	8	0.0002559370	1023	16591	184582	1009	14521
BFS/TD branchless (CMOV)	9	0.0003499410	1404	22238	247754	1337	19512
BFS/TD branchless (CMOV)	10	0.0004630850	1922	29729	331094	1805	26067
BFS/TD branchless (CMOV)	11	0.0005949890	2482	38576	429754	2341	33842
BFS/TD branchless (CMOV)	12	0.0007602850	3124	49036	546527	2965	43053
BFS/TD branchless (CMOV)	13	0.0009217430	3788	60124	670060	3646	52780
BFS/TD branchless (CMOV)	14	0.0010749850	4361	70283	783806	4229	61773
BFS/TD branchless (CMOV)	15	0.0012809980	5374	83609	932210	5051	73455
BFS/TD branchless (CMOV)	16	0.0014838140	6116	96349	1074742	5787	84719
BFS/TD branchless (CMOV)	17	0.0016946820	6981	110899	1236628	6692	97455
BFS/TD branchless (CMOV)	18	0.0019277100	7914	126440	1410173	7616	111147
BFS/TD branchless (CMOV)	19	0.0021833560	9011	144468	1611322	8700	127006
BFS/TD branchless (CMOV)	20	0.0025443380	10346	166633	1858212	10062	146445
BFS/TD branchless (CMOV)	21	0.0029043150	11820	189891	2117994	11440	166945
BFS/TD branchless (CMOV)	22	0.0032696430	13386	214007	2387548	12857	188227
BFS/TD branchless (CMOV)	23	0.0035738390	14981	240502	2683808	14404	211626
BFS/TD branchless (CMOV)	24	0.0038737210	16489	264949	2958474	15738	233403
BFS/TD branchless (CMOV)	25	0.0041187980	18024	290924	3247724	17340	256172
BFS/TD branchless (CMOV)	26	0.0043543300	19878	315739	3525190	18791	278085
BFS/TD branchless (CMOV)	27	0.0045820660	21033	337792	3774040	19917	297884
BFS/TD branchless (CMOV)	28	0.0048516610	22144	355203	3969560	20875	313379
BFS/TD branchless (CMOV)	29	0.0049073470	22793	361824	4042838	21316	319118
BFS/TD branchless (CMOV)	30	0.0046985360	22514	358521	4004865	21198	316052
BFS/TD branchless (CMOV)	31	0.0045327620	22057	352315	3935895	20805	310632
BFS/TD branchless (CMOV)	32	0.0042518100	21316	337089	3766939	19824	297370
BFS/TD branchless (CMOV)	33	0.0039881430	20051	317765	3550028	18755	280185
BFS/TD branchless (CMOV)	34	0.0036602520	18477	292416	3265812	17330	257688
BFS/TD branchless (CMOV)	35	0.0031582610	16968	267969	2992958	15865	236171
BFS/TD branchless (CMOV)	36	0.0029661910	15812	251760	2813368	14801	222092
BFS/TD branchless (CMOV)	37	0.0027408430	14594	230318	2572609	13620	203013
BFS/TD branchless (CMOV)	38	0.0025212320	13367	208196	2324432	12386	183360
BFS/TD branchless (CMOV)	39	0.0023329790	12350	192769	2150407	11594	169518
BFS/TD branchless (CMOV)	40	0.0020724500	11000	172048	1919865	10302	151383
BFS/TD branchless (CMOV)	41	0.0018839200	10169	156870	1749461	9464	137881
BFS/TD branchless (CMOV)	42	0.0016734410	9108	139806	1558214	8499	122748
BFS/TD branchless (CMOV)	43	0.0014978630	8137	125114	1394843	7576	109903
BFS/TD branchless (CMOV)	44	0.0013384280	7421	112985	1258994	6884	99159
BFS/TD branchless (CMOV)	45	0.0011327130	6297	96987	1081127	5877	85176
BFS/TD branchless (CMOV)	46	0.0009200910	5162	79651	888324	4790	70015
BFS/TD branchless (CMOV)	47	0.0007709320	4388	67789	755640	4100	59533
BFS/TD branchless (CMOV)	48	0.0006096430	3617	55932	623724	3361	49156
BFS/TD branchless (CMOV)	49	0.0004496990	2702	42209	470220	2563	37029
BFS/TD branchless (CMOV)	50	0.0002828060	1753	26706	297201	1634	23385
BFS/TD branchless (CMOV)	51	0.0001683360	1084	16749	186268	1024	14649
BFS/TD branchless (CMOV)	52	0.0000736290	545	8062	89304	504	7002
BFS/TD branchless (CMOV)	53	0.0000209220	153	2224	24386	137	1898
BFS/TD branchless (CMOV)	54	0.0000013640	24	301	2976	18	213
BFS/TD bracnhless (SSE 4.1)	0	0.0000010120	16	59	432	1	13
BFS/TD bracnhless (SSE 4.1)	1	0.0000039360	38	154	2426	13	186
BFS/TD bracnhless (SSE 4.1)	2	0.0000124290	99	384	7498	44	629
BFS/TD bracnhless (SSE 4.1)	3	0.0000255710	174	779	16041	92	1378
BFS/TD bracnhless (SSE 4.1)	4	0.0000486030	303	1493	31753	187	2752
BFS/TD bracnhless (SSE 4.1)	5	0.0000801320	493	2436	52261	307	4547
BFS/TD bracnhless (SSE 4.1)	6	0.0001254130	763	3916	83737	495	7284
BFS/TD bracnhless (SSE 4.1)	7	0.0001909180	1105	5722	122040	727	10608
BFS/TD bracnhless (SSE 4.1)	8	0.0002572860	1562	7850	167228	1009	14521
BFS/TD bracnhless (SSE 4.1)	9	0.0003500590	1860	10444	224096	1337	19512
BFS/TD bracnhless (SSE 4.1)	10	0.0004575720	2507	14056	299947	1805	26067
BFS/TD bracnhless (SSE 4.1)	11	0.0005946370	3265	18168	389053	2341	33842
BFS/TD bracnhless (SSE 4.1)	12	0.0007501480	4122	23032	494485	2965	43053
BFS/TD bracnhless (SSE 4.1)	13	0.0009181630	4935	28262	606441	3646	52780
BFS/TD bracnhless (SSE 4.1)	14	0.0010860840	5791	32813	708392	4229	61773
BFS/TD bracnhless (SSE 4.1)	15	0.0012782740	6775	39253	843382	5051	73455
BFS/TD bracnhless (SSE 4.1)	16	0.0014656590	7826	45144	971857	5787	84719
BFS/TD bracnhless (SSE 4.1)	17	0.0016787930	8789	52168	1119091	6692	97455
BFS/TD bracnhless (SSE 4.1)	18	0.0018963090	9950	59349	1275589	7616	111147
BFS/TD bracnhless (SSE 4.1)	19	0.0021795460	11548	67702	1457176	8700	127006
BFS/TD bracnhless (SSE 4.1)	20	0.0025225230	13190	78213	1681057	10062	146445
BFS/TD bracnhless (SSE 4.1)	21	0.0028806020	15215	89035	1915589	11440	166945
BFS/TD bracnhless (SSE 4.1)	22	0.0032733900	17082	100313	2159015	12857	188227
BFS/TD bracnhless (SSE 4.1)	23	0.0036260070	19412	112376	2425467	14404	211626
BFS/TD bracnhless (SSE 4.1)	24	0.0039711980	21325	123400	2671649	15738	233403
BFS/TD bracnhless (SSE 4.1)	25	0.0042839940	23516	135581	2933439	17340	256172
BFS/TD bracnhless (SSE 4.1)	26	0.0046234770	25933	147291	3184433	18791	278085
BFS/TD bracnhless (SSE 4.1)	27	0.0048588570	27675	156474	3404288	19917	297884
BFS/TD bracnhless (SSE 4.1)	28	0.0050139070	29405	164578	3580373	20875	313379
BFS/TD bracnhless (SSE 4.1)	29	0.0050632080	30517	167794	3647361	21316	319118
BFS/TD bracnhless (SSE 4.1)	30	0.0049741260	30284	166434	3614053	21198	316052
BFS/TD bracnhless (SSE 4.1)	31	0.0046709140	30104	163585	3551760	20805	310632
BFS/TD bracnhless (SSE 4.1)	32	0.0043537640	28861	156624	3399218	19824	297370
BFS/TD bracnhless (SSE 4.1)	33	0.0040558350	27598	147754	3204173	18755	280185
BFS/TD bracnhless (SSE 4.1)	34	0.0037083670	26019	136199	2948862	17330	257688
BFS/TD bracnhless (SSE 4.1)	35	0.0033347780	23593	124780	2702314	15865	236171
BFS/TD bracnhless (SSE 4.1)	36	0.0030525110	22370	116663	2537537	14801	222092
BFS/TD bracnhless (SSE 4.1)	37	0.0027657920	20702	107048	2322020	13620	203013
BFS/TD bracnhless (SSE 4.1)	38	0.0025413470	18423	97135	2099740	12386	183360
BFS/TD bracnhless (SSE 4.1)	39	0.0023671830	17297	90186	1944137	11594	169518
BFS/TD bracnhless (SSE 4.1)	40	0.0020966010	15762	80344	1734927	10302	151383
BFS/TD bracnhless (SSE 4.1)	41	0.0019012310	14297	73676	1582769	9464	137881
BFS/TD bracnhless (SSE 4.1)	42	0.0016920810	13027	65820	1410636	8499	122748
BFS/TD bracnhless (SSE 4.1)	43	0.0015230410	12058	58860	1262404	7576	109903
BFS/TD bracnhless (SSE 4.1)	44	0.0013529940	10744	53164	1139778	6884	99159
BFS/TD bracnhless (SSE 4.1)	45	0.0011476570	9214	45591	978367	5877	85176
BFS/TD bracnhless (SSE 4.1)	46	0.0009317980	7582	37350	803398	4790	70015
BFS/TD bracnhless (SSE 4.1)	47	0.0007822290	6428	31835	683658	4100	59533
BFS/TD bracnhless (SSE 4.1)	48	0.0006281880	5590	26248	564143	3361	49156
BFS/TD bracnhless (SSE 4.1)	49	0.0004615810	4271	19818	425497	2563	37029
BFS/TD bracnhless (SSE 4.1)	50	0.0002870350	2597	12680	269452	1634	23385
BFS/TD bracnhless (SSE 4.1)	51	0.0001752220	1666	7924	168799	1024	14649
BFS/TD bracnhless (SSE 4.1)	52	0.0000749900	859	3880	81208	504	7002
BFS/TD bracnhless (SSE 4.1)	53	0.0000208810	222	1098	22249	137	1898
BFS/TD bracnhless (SSE 4.1)	54	0.0000017490	36	178	2805	18	213
